{"/home/jake/Documents/Code/quyz/quyz.js":{"path":"/home/jake/Documents/Code/quyz/quyz.js","statementMap":{"0":{"start":{"line":2,"column":22},"end":{"line":2,"column":44}},"1":{"start":{"line":4,"column":0},"end":{"line":4,"column":20}}},"fnMap":{},"branchMap":{},"s":{"0":1,"1":1},"f":{},"b":{},"_coverageSchema":"1a1c01bbd47fc00a2c39e90264f33305004495a9","hash":"c6fa352fd7691ee9e444e826603024b8b396846b","contentHash":"0b8124ae4bff8c04948fdd78532f7c3d23dd01470b3931ed8d7f0d4d397b3a61"},"/home/jake/Documents/Code/quyz/dist/quyz.js":{"path":"/home/jake/Documents/Code/quyz/dist/quyz.js","statementMap":{"0":{"start":{"line":2,"column":21},"end":{"line":8,"column":1}},"1":{"start":{"line":3,"column":4},"end":{"line":3,"column":88}},"2":{"start":{"line":3,"column":17},"end":{"line":3,"column":18}},"3":{"start":{"line":3,"column":24},"end":{"line":3,"column":25}},"4":{"start":{"line":3,"column":32},"end":{"line":3,"column":48}},"5":{"start":{"line":3,"column":63},"end":{"line":3,"column":88}},"6":{"start":{"line":4,"column":4},"end":{"line":6,"column":24}},"7":{"start":{"line":4,"column":17},"end":{"line":4,"column":25}},"8":{"start":{"line":4,"column":31},"end":{"line":4,"column":32}},"9":{"start":{"line":4,"column":38},"end":{"line":4,"column":39}},"10":{"start":{"line":5,"column":8},"end":{"line":6,"column":24}},"11":{"start":{"line":5,"column":21},"end":{"line":5,"column":33}},"12":{"start":{"line":5,"column":39},"end":{"line":5,"column":40}},"13":{"start":{"line":5,"column":47},"end":{"line":5,"column":55}},"14":{"start":{"line":6,"column":12},"end":{"line":6,"column":24}},"15":{"start":{"line":7,"column":4},"end":{"line":7,"column":13}},"16":{"start":{"line":9,"column":22},"end":{"line":11,"column":1}},"17":{"start":{"line":10,"column":4},"end":{"line":10,"column":62}},"18":{"start":{"line":12,"column":0},"end":{"line":12,"column":62}},"19":{"start":{"line":13,"column":0},"end":{"line":13,"column":188}},"20":{"start":{"line":14,"column":19},"end":{"line":14,"column":59}},"21":{"start":{"line":15,"column":18},"end":{"line":15,"column":57}},"22":{"start":{"line":16,"column":15},"end":{"line":16,"column":51}},"23":{"start":{"line":17,"column":12},"end":{"line":17,"column":45}},"24":{"start":{"line":18,"column":14},"end":{"line":18,"column":32}},"25":{"start":{"line":19,"column":15},"end":{"line":19,"column":49}},"26":{"start":{"line":20,"column":26},"end":{"line":81,"column":3}},"27":{"start":{"line":22,"column":20},"end":{"line":22,"column":24}},"28":{"start":{"line":23,"column":8},"end":{"line":23,"column":46}},"29":{"start":{"line":24,"column":8},"end":{"line":26,"column":10}},"30":{"start":{"line":25,"column":12},"end":{"line":25,"column":58}},"31":{"start":{"line":27,"column":8},"end":{"line":29,"column":10}},"32":{"start":{"line":28,"column":12},"end":{"line":28,"column":57}},"33":{"start":{"line":30,"column":8},"end":{"line":32,"column":10}},"34":{"start":{"line":31,"column":12},"end":{"line":31,"column":57}},"35":{"start":{"line":33,"column":8},"end":{"line":35,"column":10}},"36":{"start":{"line":34,"column":12},"end":{"line":34,"column":56}},"37":{"start":{"line":36,"column":8},"end":{"line":41,"column":10}},"38":{"start":{"line":37,"column":12},"end":{"line":40,"column":15}},"39":{"start":{"line":42,"column":8},"end":{"line":53,"column":10}},"40":{"start":{"line":43,"column":23},"end":{"line":43,"column":25}},"41":{"start":{"line":44,"column":12},"end":{"line":46,"column":13}},"42":{"start":{"line":44,"column":26},"end":{"line":44,"column":27}},"43":{"start":{"line":45,"column":16},"end":{"line":45,"column":45}},"44":{"start":{"line":47,"column":12},"end":{"line":52,"column":15}},"45":{"start":{"line":54,"column":8},"end":{"line":72,"column":10}},"46":{"start":{"line":55,"column":23},"end":{"line":55,"column":25}},"47":{"start":{"line":56,"column":12},"end":{"line":58,"column":13}},"48":{"start":{"line":56,"column":26},"end":{"line":56,"column":27}},"49":{"start":{"line":57,"column":16},"end":{"line":57,"column":45}},"50":{"start":{"line":59,"column":12},"end":{"line":63,"column":15}},"51":{"start":{"line":64,"column":12},"end":{"line":68,"column":15}},"52":{"start":{"line":69,"column":12},"end":{"line":71,"column":15}},"53":{"start":{"line":73,"column":8},"end":{"line":73,"column":66}},"54":{"start":{"line":74,"column":8},"end":{"line":74,"column":60}},"55":{"start":{"line":75,"column":8},"end":{"line":75,"column":79}},"56":{"start":{"line":76,"column":8},"end":{"line":78,"column":9}},"57":{"start":{"line":77,"column":12},"end":{"line":77,"column":70}},"58":{"start":{"line":80,"column":4},"end":{"line":80,"column":16}},"59":{"start":{"line":82,"column":0},"end":{"line":82,"column":20}},"60":{"start":{"line":83,"column":11},"end":{"line":83,"column":21}},"61":{"start":{"line":84,"column":9},"end":{"line":84,"column":16}},"62":{"start":{"line":84,"column":29},"end":{"line":84,"column":42}},"63":{"start":{"line":84,"column":56},"end":{"line":84,"column":70}},"64":{"start":{"line":84,"column":85},"end":{"line":84,"column":100}},"65":{"start":{"line":84,"column":113},"end":{"line":84,"column":126}},"66":{"start":{"line":84,"column":140},"end":{"line":84,"column":154}},"67":{"start":{"line":84,"column":165},"end":{"line":84,"column":176}},"68":{"start":{"line":84,"column":187},"end":{"line":84,"column":198}},"69":{"start":{"line":84,"column":212},"end":{"line":84,"column":226}},"70":{"start":{"line":85,"column":0},"end":{"line":85,"column":16}},"71":{"start":{"line":86,"column":0},"end":{"line":86,"column":28}},"72":{"start":{"line":87,"column":0},"end":{"line":87,"column":30}},"73":{"start":{"line":88,"column":0},"end":{"line":88,"column":32}},"74":{"start":{"line":89,"column":0},"end":{"line":89,"column":28}},"75":{"start":{"line":90,"column":0},"end":{"line":90,"column":30}},"76":{"start":{"line":91,"column":0},"end":{"line":91,"column":24}},"77":{"start":{"line":92,"column":0},"end":{"line":92,"column":24}},"78":{"start":{"line":93,"column":0},"end":{"line":93,"column":30}}},"fnMap":{"0":{"name":"(anonymous_0)","decl":{"start":{"line":2,"column":54},"end":{"line":2,"column":55}},"loc":{"start":{"line":2,"column":66},"end":{"line":8,"column":1}},"line":2},"1":{"name":"(anonymous_1)","decl":{"start":{"line":9,"column":56},"end":{"line":9,"column":57}},"loc":{"start":{"line":9,"column":71},"end":{"line":11,"column":1}},"line":9},"2":{"name":"(anonymous_2)","decl":{"start":{"line":20,"column":26},"end":{"line":20,"column":27}},"loc":{"start":{"line":20,"column":38},"end":{"line":81,"column":1}},"line":20},"3":{"name":"Quyz","decl":{"start":{"line":21,"column":13},"end":{"line":21,"column":17}},"loc":{"start":{"line":21,"column":33},"end":{"line":79,"column":5}},"line":21},"4":{"name":"(anonymous_4)","decl":{"start":{"line":24,"column":26},"end":{"line":24,"column":27}},"loc":{"start":{"line":24,"column":40},"end":{"line":26,"column":9}},"line":24},"5":{"name":"(anonymous_5)","decl":{"start":{"line":27,"column":25},"end":{"line":27,"column":26}},"loc":{"start":{"line":27,"column":39},"end":{"line":29,"column":9}},"line":27},"6":{"name":"(anonymous_6)","decl":{"start":{"line":30,"column":25},"end":{"line":30,"column":26}},"loc":{"start":{"line":30,"column":39},"end":{"line":32,"column":9}},"line":30},"7":{"name":"(anonymous_7)","decl":{"start":{"line":33,"column":24},"end":{"line":33,"column":25}},"loc":{"start":{"line":33,"column":38},"end":{"line":35,"column":9}},"line":33},"8":{"name":"(anonymous_8)","decl":{"start":{"line":36,"column":22},"end":{"line":36,"column":23}},"loc":{"start":{"line":36,"column":36},"end":{"line":41,"column":9}},"line":36},"9":{"name":"(anonymous_9)","decl":{"start":{"line":42,"column":18},"end":{"line":42,"column":19}},"loc":{"start":{"line":42,"column":39},"end":{"line":53,"column":9}},"line":42},"10":{"name":"(anonymous_10)","decl":{"start":{"line":54,"column":24},"end":{"line":54,"column":25}},"loc":{"start":{"line":54,"column":45},"end":{"line":72,"column":9}},"line":54}},"branchMap":{"0":{"loc":{"start":{"line":2,"column":21},"end":{"line":8,"column":1}},"type":"binary-expr","locations":[{"start":{"line":2,"column":22},"end":{"line":2,"column":26}},{"start":{"line":2,"column":30},"end":{"line":2,"column":49}},{"start":{"line":2,"column":54},"end":{"line":8,"column":1}}],"line":2},"1":{"loc":{"start":{"line":9,"column":22},"end":{"line":11,"column":1}},"type":"binary-expr","locations":[{"start":{"line":9,"column":23},"end":{"line":9,"column":27}},{"start":{"line":9,"column":31},"end":{"line":9,"column":51}},{"start":{"line":9,"column":56},"end":{"line":11,"column":1}}],"line":9},"2":{"loc":{"start":{"line":10,"column":11},"end":{"line":10,"column":61}},"type":"cond-expr","locations":[{"start":{"line":10,"column":37},"end":{"line":10,"column":40}},{"start":{"line":10,"column":43},"end":{"line":10,"column":61}}],"line":10},"3":{"loc":{"start":{"line":10,"column":12},"end":{"line":10,"column":33}},"type":"binary-expr","locations":[{"start":{"line":10,"column":12},"end":{"line":10,"column":15}},{"start":{"line":10,"column":19},"end":{"line":10,"column":33}}],"line":10},"4":{"loc":{"start":{"line":76,"column":8},"end":{"line":78,"column":9}},"type":"if","locations":[{"start":{"line":76,"column":8},"end":{"line":78,"column":9}},{"start":{"line":76,"column":8},"end":{"line":78,"column":9}}],"line":76}},"s":{"0":1,"1":21,"2":21,"3":21,"4":21,"5":42,"6":21,"7":21,"8":21,"9":21,"10":42,"11":42,"12":42,"13":42,"14":27,"15":21,"16":1,"17":5,"18":1,"19":1,"20":1,"21":1,"22":1,"23":1,"24":1,"25":1,"26":1,"27":2,"28":2,"29":2,"30":0,"31":2,"32":0,"33":2,"34":3,"35":2,"36":2,"37":2,"38":0,"39":2,"40":15,"41":15,"42":15,"43":6,"44":15,"45":2,"46":6,"47":6,"48":6,"49":0,"50":6,"51":6,"52":6,"53":2,"54":2,"55":2,"56":2,"57":1,"58":1,"59":1,"60":1,"61":1,"62":1,"63":1,"64":1,"65":1,"66":1,"67":1,"68":1,"69":1,"70":1,"71":1,"72":1,"73":1,"74":1,"75":1,"76":1,"77":1,"78":1},"f":{"0":21,"1":5,"2":1,"3":2,"4":0,"5":0,"6":3,"7":2,"8":0,"9":15,"10":6},"b":{"0":[1,1,1],"1":[1,1,1],"2":[4,1],"3":[5,5],"4":[1,1]},"inputSourceMap":{"version":3,"file":"quyz.js","sourceRoot":"","sources":["../src/quyz.ts"],"names":[],"mappings":";;;;;;;;;;;;;AAAA,4DAAsC;AACtC,0DAAoC;AACpC,oDAA8B;AAC9B,8CAAwB;AACxB,iCAAsC;AAEtC,kDAAgC;AAEhC;IAMC,cAAY,aAAsC;QAAlD,iBAOC;QAEM,WAAM,GAAG,gBAAU,CAAC,MAAM,CAAC;QAE3B,eAAU,GAAG,UAAC,EAAa;YACjC,KAAI,CAAC,MAAM,CAAC,cAAc,CAAC,YAAY,EAAE,EAAE,CAAC,CAAC;QAC9C,CAAC,CAAC;QAEK,cAAS,GAAG,UAAC,EAAa;YAChC,KAAI,CAAC,MAAM,CAAC,cAAc,CAAC,WAAW,EAAE,EAAE,CAAC,CAAC;QAC7C,CAAC,CAAC;QAEK,cAAS,GAAG,UAAC,EAAa;YAChC,KAAI,CAAC,MAAM,CAAC,cAAc,CAAC,WAAW,EAAE,EAAE,CAAC,CAAC;QAC7C,CAAC,CAAC;QAEK,aAAQ,GAAG,UAAC,EAAa;YAC/B,KAAI,CAAC,MAAM,CAAC,cAAc,CAAC,UAAU,EAAE,EAAE,CAAC,CAAC;QAC5C,CAAC,CAAC;QAEK,WAAM,GAAG,UAAC,EAAS;YACzB,KAAI,CAAC,MAAM,CAAC,UAAU,CAAC;gBACtB,IAAI,EAAE,QAAQ;gBACd,EAAE,IAAA;aACF,CAAC,CAAC;QACJ,CAAC,CAAC;QAEK,OAAE,GAAG,UACX,KAAe,EACf,EAAc;YACd,cAAU;iBAAV,UAAU,EAAV,qBAAU,EAAV,IAAU;gBAAV,6BAAU;;YAEV,KAAI,CAAC,MAAM,CAAC,UAAU,CAAC;gBACtB,IAAI,EAAE,IAAI;gBACV,KAAK,EAAE,mBAAW,+BAAC,KAAK,GAAK,IAAI,EAAC;gBAClC,EAAE,IAAA;gBACF,IAAI,MAAA;aACJ,CAAC,CAAC;QACJ,CAAC,CAAC;QAEK,aAAQ,GAAG,UACjB,KAAe,EACf,EAAwB;YACxB,cAAU;iBAAV,UAAU,EAAV,qBAAU,EAAV,IAAU;gBAAV,6BAAU;;YAEV,KAAI,CAAC,MAAM,CAAC,UAAU,CAAC;gBACtB,IAAI,EAAE,gBAAgB;gBACtB,KAAK,EAAE,mBAAW,+BAAC,KAAK,GAAK,IAAI,EAAC;gBAClC,KAAK,EAAE,EAAE;aACT,CAAC,CAAC;YAEH,KAAI,CAAC,MAAM,CAAC,UAAU,CAAC;gBACtB,IAAI,EAAE,UAAU;gBAChB,EAAE,EAAE,EAAE,CAAC,IAAI,CAAC,KAAI,CAAC;gBACjB,IAAI,MAAA;aACJ,CAAC,CAAC;YAEH,KAAI,CAAC,MAAM,CAAC,UAAU,CAAC;gBACtB,IAAI,EAAE,cAAc;aACpB,CAAC,CAAC;QACJ,CAAC,CAAC;QAlED,IAAI,CAAC,UAAU,GAAG,IAAI,oBAAU,CAAC,aAAa,CAAC,CAAC;QAChD,IAAI,CAAC,MAAM,GAAG,IAAI,gBAAM,CAAC,IAAI,CAAC,UAAU,CAAC,CAAC;QAC1C,IAAI,CAAC,SAAS,GAAG,IAAI,mBAAS,CAAC,IAAI,CAAC,MAAM,EAAE,IAAI,CAAC,UAAU,CAAC,CAAC;QAC7D,IAAI,IAAI,CAAC,UAAU,CAAC,MAAM,CAAC,GAAG,EAAE;YAC/B,IAAI,CAAC,GAAG,GAAG,IAAI,aAAG,CAAC,IAAI,CAAC,MAAM,EAAE,IAAI,CAAC,SAAS,CAAC,CAAC;SAChD;IACF,CAAC;IA6DF,WAAC;AAAD,CAAC,AA1ED,IA0EC;AA0BA,oBAAI;AAxBL,IAAM,IAAI,GAAG,IAAI,IAAI,EAAE,CAAC;AAGvB,IAAA,EAAE,GASC,IAAI,GATL,EACF,QAAQ,GAQL,IAAI,SARC,EACR,SAAS,GAON,IAAI,UAPE,EACT,UAAU,GAMP,IAAI,WANG,EACV,QAAQ,GAKL,IAAI,SALC,EACR,SAAS,GAIN,IAAI,UAJE,EACT,MAAM,GAGH,IAAI,OAHD,EACN,MAAM,GAEH,IAAI,OAFD,EACN,SAAS,GACN,IAAI,UADE,CACD;AAGR,gBAAE;AACF,4BAAQ;AACR,8BAAS;AACT,gCAAU;AACV,4BAAQ;AACR,8BAAS;AACT,wBAAM;AACN,wBAAM;AACN,8BAAS"},"_coverageSchema":"1a1c01bbd47fc00a2c39e90264f33305004495a9","hash":"f1586cafb29cb7cbf8340201d4396d0a82e705f5","contentHash":"9d52ee8f163e99815e8488579b72d2ae73b7959c2b78cdabf1398c42950065bd"},"/home/jake/Documents/Code/quyz/dist/configurer.js":{"path":"/home/jake/Documents/Code/quyz/dist/configurer.js","statementMap":{"0":{"start":{"line":2,"column":22},"end":{"line":8,"column":3}},"1":{"start":{"line":3,"column":4},"end":{"line":3,"column":33}},"2":{"start":{"line":3,"column":26},"end":{"line":3,"column":33}},"3":{"start":{"line":4,"column":4},"end":{"line":4,"column":89}},"4":{"start":{"line":4,"column":71},"end":{"line":4,"column":83}},"5":{"start":{"line":6,"column":4},"end":{"line":6,"column":33}},"6":{"start":{"line":6,"column":26},"end":{"line":6,"column":33}},"7":{"start":{"line":7,"column":4},"end":{"line":7,"column":17}},"8":{"start":{"line":9,"column":25},"end":{"line":13,"column":2}},"9":{"start":{"line":10,"column":4},"end":{"line":10,"column":72}},"10":{"start":{"line":12,"column":4},"end":{"line":12,"column":21}},"11":{"start":{"line":14,"column":19},"end":{"line":20,"column":1}},"12":{"start":{"line":15,"column":4},"end":{"line":15,"column":42}},"13":{"start":{"line":15,"column":31},"end":{"line":15,"column":42}},"14":{"start":{"line":16,"column":17},"end":{"line":16,"column":19}},"15":{"start":{"line":17,"column":4},"end":{"line":17,"column":141}},"16":{"start":{"line":17,"column":21},"end":{"line":17,"column":141}},"17":{"start":{"line":17,"column":40},"end":{"line":17,"column":141}},"18":{"start":{"line":17,"column":109},"end":{"line":17,"column":141}},"19":{"start":{"line":18,"column":4},"end":{"line":18,"column":36}},"20":{"start":{"line":19,"column":4},"end":{"line":19,"column":18}},"21":{"start":{"line":21,"column":22},"end":{"line":23,"column":1}},"22":{"start":{"line":22,"column":4},"end":{"line":22,"column":62}},"23":{"start":{"line":24,"column":0},"end":{"line":24,"column":62}},"24":{"start":{"line":25,"column":14},"end":{"line":25,"column":32}},"25":{"start":{"line":26,"column":11},"end":{"line":26,"column":41}},"26":{"start":{"line":27,"column":13},"end":{"line":27,"column":45}},"27":{"start":{"line":28,"column":15},"end":{"line":28,"column":46}},"28":{"start":{"line":29,"column":14},"end":{"line":29,"column":32}},"29":{"start":{"line":30,"column":32},"end":{"line":168,"column":3}},"30":{"start":{"line":32,"column":20},"end":{"line":32,"column":24}},"31":{"start":{"line":33,"column":8},"end":{"line":42,"column":10}},"32":{"start":{"line":43,"column":8},"end":{"line":47,"column":10}},"33":{"start":{"line":44,"column":12},"end":{"line":44,"column":42}},"34":{"start":{"line":45,"column":12},"end":{"line":45,"column":43}},"35":{"start":{"line":46,"column":12},"end":{"line":46,"column":82}},"36":{"start":{"line":48,"column":8},"end":{"line":55,"column":10}},"37":{"start":{"line":49,"column":31},"end":{"line":49,"column":88}},"38":{"start":{"line":50,"column":31},"end":{"line":50,"column":68}},"39":{"start":{"line":51,"column":12},"end":{"line":54,"column":13}},"40":{"start":{"line":52,"column":37},"end":{"line":52,"column":58}},"41":{"start":{"line":53,"column":16},"end":{"line":53,"column":50}},"42":{"start":{"line":56,"column":8},"end":{"line":74,"column":10}},"43":{"start":{"line":57,"column":12},"end":{"line":58,"column":23}},"44":{"start":{"line":58,"column":16},"end":{"line":58,"column":23}},"45":{"start":{"line":59,"column":12},"end":{"line":73,"column":13}},"46":{"start":{"line":59,"column":26},"end":{"line":59,"column":27}},"47":{"start":{"line":59,"column":34},"end":{"line":59,"column":48}},"48":{"start":{"line":60,"column":37},"end":{"line":60,"column":43}},"49":{"start":{"line":61,"column":16},"end":{"line":72,"column":17}},"50":{"start":{"line":63,"column":20},"end":{"line":63,"column":44}},"51":{"start":{"line":66,"column":20},"end":{"line":71,"column":21}},"52":{"start":{"line":67,"column":24},"end":{"line":67,"column":108}},"53":{"start":{"line":70,"column":24},"end":{"line":70,"column":34}},"54":{"start":{"line":75,"column":8},"end":{"line":157,"column":10}},"55":{"start":{"line":76,"column":12},"end":{"line":77,"column":23}},"56":{"start":{"line":77,"column":16},"end":{"line":77,"column":23}},"57":{"start":{"line":78,"column":25},"end":{"line":94,"column":13}},"58":{"start":{"line":79,"column":16},"end":{"line":93,"column":17}},"59":{"start":{"line":80,"column":20},"end":{"line":89,"column":21}},"60":{"start":{"line":81,"column":24},"end":{"line":87,"column":25}},"61":{"start":{"line":82,"column":28},"end":{"line":86,"column":31}},"62":{"start":{"line":88,"column":24},"end":{"line":88,"column":71}},"63":{"start":{"line":92,"column":20},"end":{"line":92,"column":137}},"64":{"start":{"line":95,"column":29},"end":{"line":99,"column":13}},"65":{"start":{"line":96,"column":16},"end":{"line":98,"column":17}},"66":{"start":{"line":97,"column":20},"end":{"line":97,"column":104}},"67":{"start":{"line":101,"column":12},"end":{"line":104,"column":19}},"68":{"start":{"line":103,"column":20},"end":{"line":103,"column":53}},"69":{"start":{"line":106,"column":12},"end":{"line":106,"column":55}},"70":{"start":{"line":108,"column":12},"end":{"line":108,"column":54}},"71":{"start":{"line":110,"column":12},"end":{"line":110,"column":65}},"72":{"start":{"line":112,"column":34},"end":{"line":112,"column":74}},"73":{"start":{"line":113,"column":12},"end":{"line":156,"column":13}},"74":{"start":{"line":115,"column":38},"end":{"line":115,"column":90}},"75":{"start":{"line":116,"column":16},"end":{"line":116,"column":84}},"76":{"start":{"line":117,"column":16},"end":{"line":117,"column":86}},"77":{"start":{"line":118,"column":16},"end":{"line":118,"column":74}},"78":{"start":{"line":119,"column":33},"end":{"line":119,"column":78}},"79":{"start":{"line":120,"column":16},"end":{"line":122,"column":17}},"80":{"start":{"line":121,"column":20},"end":{"line":121,"column":125}},"81":{"start":{"line":123,"column":16},"end":{"line":128,"column":17}},"82":{"start":{"line":123,"column":30},"end":{"line":123,"column":31}},"83":{"start":{"line":123,"column":38},"end":{"line":123,"column":59}},"84":{"start":{"line":124,"column":34},"end":{"line":124,"column":40}},"85":{"start":{"line":125,"column":20},"end":{"line":127,"column":21}},"86":{"start":{"line":126,"column":24},"end":{"line":126,"column":135}},"87":{"start":{"line":130,"column":17},"end":{"line":156,"column":13}},"88":{"start":{"line":132,"column":27},"end":{"line":132,"column":47}},"89":{"start":{"line":133,"column":16},"end":{"line":138,"column":17}},"90":{"start":{"line":134,"column":33},"end":{"line":134,"column":62}},"91":{"start":{"line":135,"column":20},"end":{"line":137,"column":21}},"92":{"start":{"line":136,"column":24},"end":{"line":136,"column":123}},"93":{"start":{"line":140,"column":17},"end":{"line":156,"column":13}},"94":{"start":{"line":143,"column":16},"end":{"line":143,"column":123}},"95":{"start":{"line":144,"column":16},"end":{"line":144,"column":80}},"96":{"start":{"line":145,"column":16},"end":{"line":150,"column":19}},"97":{"start":{"line":146,"column":33},"end":{"line":146,"column":67}},"98":{"start":{"line":147,"column":20},"end":{"line":149,"column":21}},"99":{"start":{"line":148,"column":24},"end":{"line":148,"column":135}},"100":{"start":{"line":153,"column":16},"end":{"line":155,"column":17}},"101":{"start":{"line":154,"column":20},"end":{"line":154,"column":103}},"102":{"start":{"line":158,"column":8},"end":{"line":158,"column":48}},"103":{"start":{"line":159,"column":8},"end":{"line":159,"column":87}},"104":{"start":{"line":160,"column":8},"end":{"line":165,"column":9}},"105":{"start":{"line":161,"column":12},"end":{"line":161,"column":38}},"106":{"start":{"line":164,"column":12},"end":{"line":164,"column":30}},"107":{"start":{"line":167,"column":4},"end":{"line":167,"column":22}},"108":{"start":{"line":169,"column":0},"end":{"line":169,"column":29}}},"fnMap":{"0":{"name":"(anonymous_0)","decl":{"start":{"line":2,"column":74},"end":{"line":2,"column":75}},"loc":{"start":{"line":2,"column":96},"end":{"line":5,"column":1}},"line":2},"1":{"name":"(anonymous_1)","decl":{"start":{"line":4,"column":58},"end":{"line":4,"column":59}},"loc":{"start":{"line":4,"column":69},"end":{"line":4,"column":85}},"line":4},"2":{"name":"(anonymous_2)","decl":{"start":{"line":5,"column":6},"end":{"line":5,"column":7}},"loc":{"start":{"line":5,"column":28},"end":{"line":8,"column":1}},"line":5},"3":{"name":"(anonymous_3)","decl":{"start":{"line":9,"column":80},"end":{"line":9,"column":81}},"loc":{"start":{"line":9,"column":95},"end":{"line":11,"column":1}},"line":9},"4":{"name":"(anonymous_4)","decl":{"start":{"line":11,"column":5},"end":{"line":11,"column":6}},"loc":{"start":{"line":11,"column":20},"end":{"line":13,"column":1}},"line":11},"5":{"name":"(anonymous_5)","decl":{"start":{"line":14,"column":50},"end":{"line":14,"column":51}},"loc":{"start":{"line":14,"column":65},"end":{"line":20,"column":1}},"line":14},"6":{"name":"(anonymous_6)","decl":{"start":{"line":21,"column":56},"end":{"line":21,"column":57}},"loc":{"start":{"line":21,"column":71},"end":{"line":23,"column":1}},"line":21},"7":{"name":"(anonymous_7)","decl":{"start":{"line":30,"column":32},"end":{"line":30,"column":33}},"loc":{"start":{"line":30,"column":44},"end":{"line":168,"column":1}},"line":30},"8":{"name":"Configurer","decl":{"start":{"line":31,"column":13},"end":{"line":31,"column":23}},"loc":{"start":{"line":31,"column":33},"end":{"line":166,"column":5}},"line":31},"9":{"name":"(anonymous_9)","decl":{"start":{"line":43,"column":27},"end":{"line":43,"column":28}},"loc":{"start":{"line":43,"column":46},"end":{"line":47,"column":9}},"line":43},"10":{"name":"(anonymous_10)","decl":{"start":{"line":48,"column":26},"end":{"line":48,"column":27}},"loc":{"start":{"line":48,"column":38},"end":{"line":55,"column":9}},"line":48},"11":{"name":"(anonymous_11)","decl":{"start":{"line":56,"column":31},"end":{"line":56,"column":32}},"loc":{"start":{"line":56,"column":49},"end":{"line":74,"column":9}},"line":56},"12":{"name":"(anonymous_12)","decl":{"start":{"line":75,"column":30},"end":{"line":75,"column":31}},"loc":{"start":{"line":75,"column":48},"end":{"line":157,"column":9}},"line":75},"13":{"name":"(anonymous_13)","decl":{"start":{"line":78,"column":25},"end":{"line":78,"column":26}},"loc":{"start":{"line":78,"column":58},"end":{"line":94,"column":13}},"line":78},"14":{"name":"(anonymous_14)","decl":{"start":{"line":95,"column":29},"end":{"line":95,"column":30}},"loc":{"start":{"line":95,"column":65},"end":{"line":99,"column":13}},"line":95},"15":{"name":"(anonymous_15)","decl":{"start":{"line":102,"column":39},"end":{"line":102,"column":40}},"loc":{"start":{"line":102,"column":54},"end":{"line":104,"column":17}},"line":102},"16":{"name":"(anonymous_16)","decl":{"start":{"line":145,"column":49},"end":{"line":145,"column":50}},"loc":{"start":{"line":145,"column":70},"end":{"line":150,"column":17}},"line":145}},"branchMap":{"0":{"loc":{"start":{"line":2,"column":22},"end":{"line":8,"column":3}},"type":"binary-expr","locations":[{"start":{"line":2,"column":23},"end":{"line":2,"column":27}},{"start":{"line":2,"column":31},"end":{"line":2,"column":51}},{"start":{"line":2,"column":57},"end":{"line":8,"column":2}}],"line":2},"1":{"loc":{"start":{"line":2,"column":57},"end":{"line":8,"column":2}},"type":"cond-expr","locations":[{"start":{"line":2,"column":74},"end":{"line":5,"column":1}},{"start":{"line":5,"column":6},"end":{"line":8,"column":1}}],"line":2},"2":{"loc":{"start":{"line":3,"column":4},"end":{"line":3,"column":33}},"type":"if","locations":[{"start":{"line":3,"column":4},"end":{"line":3,"column":33}},{"start":{"line":3,"column":4},"end":{"line":3,"column":33}}],"line":3},"3":{"loc":{"start":{"line":6,"column":4},"end":{"line":6,"column":33}},"type":"if","locations":[{"start":{"line":6,"column":4},"end":{"line":6,"column":33}},{"start":{"line":6,"column":4},"end":{"line":6,"column":33}}],"line":6},"4":{"loc":{"start":{"line":9,"column":25},"end":{"line":13,"column":2}},"type":"binary-expr","locations":[{"start":{"line":9,"column":26},"end":{"line":9,"column":30}},{"start":{"line":9,"column":34},"end":{"line":9,"column":57}},{"start":{"line":9,"column":63},"end":{"line":13,"column":1}}],"line":9},"5":{"loc":{"start":{"line":9,"column":63},"end":{"line":13,"column":1}},"type":"cond-expr","locations":[{"start":{"line":9,"column":80},"end":{"line":11,"column":1}},{"start":{"line":11,"column":5},"end":{"line":13,"column":1}}],"line":9},"6":{"loc":{"start":{"line":14,"column":19},"end":{"line":20,"column":1}},"type":"binary-expr","locations":[{"start":{"line":14,"column":20},"end":{"line":14,"column":24}},{"start":{"line":14,"column":28},"end":{"line":14,"column":45}},{"start":{"line":14,"column":50},"end":{"line":20,"column":1}}],"line":14},"7":{"loc":{"start":{"line":15,"column":4},"end":{"line":15,"column":42}},"type":"if","locations":[{"start":{"line":15,"column":4},"end":{"line":15,"column":42}},{"start":{"line":15,"column":4},"end":{"line":15,"column":42}}],"line":15},"8":{"loc":{"start":{"line":15,"column":8},"end":{"line":15,"column":29}},"type":"binary-expr","locations":[{"start":{"line":15,"column":8},"end":{"line":15,"column":11}},{"start":{"line":15,"column":15},"end":{"line":15,"column":29}}],"line":15},"9":{"loc":{"start":{"line":17,"column":4},"end":{"line":17,"column":141}},"type":"if","locations":[{"start":{"line":17,"column":4},"end":{"line":17,"column":141}},{"start":{"line":17,"column":4},"end":{"line":17,"column":141}}],"line":17},"10":{"loc":{"start":{"line":17,"column":40},"end":{"line":17,"column":141}},"type":"if","locations":[{"start":{"line":17,"column":40},"end":{"line":17,"column":141}},{"start":{"line":17,"column":40},"end":{"line":17,"column":141}}],"line":17},"11":{"loc":{"start":{"line":17,"column":44},"end":{"line":17,"column":107}},"type":"binary-expr","locations":[{"start":{"line":17,"column":44},"end":{"line":17,"column":59}},{"start":{"line":17,"column":63},"end":{"line":17,"column":107}}],"line":17},"12":{"loc":{"start":{"line":21,"column":22},"end":{"line":23,"column":1}},"type":"binary-expr","locations":[{"start":{"line":21,"column":23},"end":{"line":21,"column":27}},{"start":{"line":21,"column":31},"end":{"line":21,"column":51}},{"start":{"line":21,"column":56},"end":{"line":23,"column":1}}],"line":21},"13":{"loc":{"start":{"line":22,"column":11},"end":{"line":22,"column":61}},"type":"cond-expr","locations":[{"start":{"line":22,"column":37},"end":{"line":22,"column":40}},{"start":{"line":22,"column":43},"end":{"line":22,"column":61}}],"line":22},"14":{"loc":{"start":{"line":22,"column":12},"end":{"line":22,"column":33}},"type":"binary-expr","locations":[{"start":{"line":22,"column":12},"end":{"line":22,"column":15}},{"start":{"line":22,"column":19},"end":{"line":22,"column":33}}],"line":22},"15":{"loc":{"start":{"line":51,"column":12},"end":{"line":54,"column":13}},"type":"if","locations":[{"start":{"line":51,"column":12},"end":{"line":54,"column":13}},{"start":{"line":51,"column":12},"end":{"line":54,"column":13}}],"line":51},"16":{"loc":{"start":{"line":57,"column":12},"end":{"line":58,"column":23}},"type":"if","locations":[{"start":{"line":57,"column":12},"end":{"line":58,"column":23}},{"start":{"line":57,"column":12},"end":{"line":58,"column":23}}],"line":57},"17":{"loc":{"start":{"line":66,"column":20},"end":{"line":71,"column":21}},"type":"if","locations":[{"start":{"line":66,"column":20},"end":{"line":71,"column":21}},{"start":{"line":66,"column":20},"end":{"line":71,"column":21}}],"line":66},"18":{"loc":{"start":{"line":66,"column":24},"end":{"line":66,"column":67}},"type":"binary-expr","locations":[{"start":{"line":66,"column":24},"end":{"line":66,"column":32}},{"start":{"line":66,"column":36},"end":{"line":66,"column":67}}],"line":66},"19":{"loc":{"start":{"line":76,"column":12},"end":{"line":77,"column":23}},"type":"if","locations":[{"start":{"line":76,"column":12},"end":{"line":77,"column":23}},{"start":{"line":76,"column":12},"end":{"line":77,"column":23}}],"line":76},"20":{"loc":{"start":{"line":80,"column":20},"end":{"line":89,"column":21}},"type":"if","locations":[{"start":{"line":80,"column":20},"end":{"line":89,"column":21}},{"start":{"line":80,"column":20},"end":{"line":89,"column":21}}],"line":80},"21":{"loc":{"start":{"line":81,"column":24},"end":{"line":87,"column":25}},"type":"if","locations":[{"start":{"line":81,"column":24},"end":{"line":87,"column":25}},{"start":{"line":81,"column":24},"end":{"line":87,"column":25}}],"line":81},"22":{"loc":{"start":{"line":81,"column":28},"end":{"line":81,"column":67}},"type":"binary-expr","locations":[{"start":{"line":81,"column":28},"end":{"line":81,"column":44}},{"start":{"line":81,"column":48},"end":{"line":81,"column":67}}],"line":81},"23":{"loc":{"start":{"line":96,"column":16},"end":{"line":98,"column":17}},"type":"if","locations":[{"start":{"line":96,"column":16},"end":{"line":98,"column":17}},{"start":{"line":96,"column":16},"end":{"line":98,"column":17}}],"line":96},"24":{"loc":{"start":{"line":96,"column":20},"end":{"line":96,"column":53}},"type":"binary-expr","locations":[{"start":{"line":96,"column":20},"end":{"line":96,"column":37}},{"start":{"line":96,"column":41},"end":{"line":96,"column":53}}],"line":96},"25":{"loc":{"start":{"line":97,"column":62},"end":{"line":97,"column":102}},"type":"cond-expr","locations":[{"start":{"line":97,"column":72},"end":{"line":97,"column":79}},{"start":{"line":97,"column":82},"end":{"line":97,"column":102}}],"line":97},"26":{"loc":{"start":{"line":101,"column":12},"end":{"line":104,"column":18}},"type":"binary-expr","locations":[{"start":{"line":101,"column":12},"end":{"line":101,"column":26}},{"start":{"line":102,"column":16},"end":{"line":104,"column":18}}],"line":101},"27":{"loc":{"start":{"line":112,"column":34},"end":{"line":112,"column":74}},"type":"cond-expr","locations":[{"start":{"line":112,"column":53},"end":{"line":112,"column":69}},{"start":{"line":112,"column":72},"end":{"line":112,"column":74}}],"line":112},"28":{"loc":{"start":{"line":113,"column":12},"end":{"line":156,"column":13}},"type":"if","locations":[{"start":{"line":113,"column":12},"end":{"line":156,"column":13}},{"start":{"line":113,"column":12},"end":{"line":156,"column":13}}],"line":113},"29":{"loc":{"start":{"line":120,"column":16},"end":{"line":122,"column":17}},"type":"if","locations":[{"start":{"line":120,"column":16},"end":{"line":122,"column":17}},{"start":{"line":120,"column":16},"end":{"line":122,"column":17}}],"line":120},"30":{"loc":{"start":{"line":125,"column":20},"end":{"line":127,"column":21}},"type":"if","locations":[{"start":{"line":125,"column":20},"end":{"line":127,"column":21}},{"start":{"line":125,"column":20},"end":{"line":127,"column":21}}],"line":125},"31":{"loc":{"start":{"line":130,"column":17},"end":{"line":156,"column":13}},"type":"if","locations":[{"start":{"line":130,"column":17},"end":{"line":156,"column":13}},{"start":{"line":130,"column":17},"end":{"line":156,"column":13}}],"line":130},"32":{"loc":{"start":{"line":133,"column":16},"end":{"line":138,"column":17}},"type":"if","locations":[{"start":{"line":133,"column":16},"end":{"line":138,"column":17}},{"start":{"line":133,"column":16},"end":{"line":138,"column":17}}],"line":133},"33":{"loc":{"start":{"line":135,"column":20},"end":{"line":137,"column":21}},"type":"if","locations":[{"start":{"line":135,"column":20},"end":{"line":137,"column":21}},{"start":{"line":135,"column":20},"end":{"line":137,"column":21}}],"line":135},"34":{"loc":{"start":{"line":140,"column":17},"end":{"line":156,"column":13}},"type":"if","locations":[{"start":{"line":140,"column":17},"end":{"line":156,"column":13}},{"start":{"line":140,"column":17},"end":{"line":156,"column":13}}],"line":140},"35":{"loc":{"start":{"line":147,"column":20},"end":{"line":149,"column":21}},"type":"if","locations":[{"start":{"line":147,"column":20},"end":{"line":149,"column":21}},{"start":{"line":147,"column":20},"end":{"line":149,"column":21}}],"line":147},"36":{"loc":{"start":{"line":153,"column":16},"end":{"line":155,"column":17}},"type":"if","locations":[{"start":{"line":153,"column":16},"end":{"line":155,"column":17}},{"start":{"line":153,"column":16},"end":{"line":155,"column":17}}],"line":153},"37":{"loc":{"start":{"line":159,"column":46},"end":{"line":159,"column":85}},"type":"cond-expr","locations":[{"start":{"line":159,"column":56},"end":{"line":159,"column":67}},{"start":{"line":159,"column":70},"end":{"line":159,"column":85}}],"line":159},"38":{"loc":{"start":{"line":160,"column":8},"end":{"line":165,"column":9}},"type":"if","locations":[{"start":{"line":160,"column":8},"end":{"line":165,"column":9}},{"start":{"line":160,"column":8},"end":{"line":165,"column":9}}],"line":160}},"s":{"0":1,"1":20,"2":20,"3":20,"4":0,"5":0,"6":0,"7":0,"8":1,"9":1,"10":0,"11":1,"12":1,"13":0,"14":1,"15":1,"16":1,"17":20,"18":20,"19":1,"20":1,"21":1,"22":2,"23":1,"24":1,"25":1,"26":1,"27":1,"28":1,"29":1,"30":2,"31":2,"32":2,"33":2,"34":2,"35":2,"36":2,"37":1,"38":1,"39":1,"40":1,"41":1,"42":2,"43":2,"44":1,"45":1,"46":1,"47":1,"48":1,"49":1,"50":1,"51":0,"52":0,"53":0,"54":2,"55":2,"56":0,"57":2,"58":7,"59":7,"60":1,"61":0,"62":1,"63":0,"64":2,"65":0,"66":0,"67":2,"68":1,"69":2,"70":2,"71":2,"72":2,"73":2,"74":0,"75":0,"76":0,"77":0,"78":0,"79":0,"80":0,"81":0,"82":0,"83":0,"84":0,"85":0,"86":0,"87":2,"88":1,"89":1,"90":1,"91":1,"92":0,"93":1,"94":0,"95":0,"96":0,"97":0,"98":0,"99":0,"100":1,"101":0,"102":2,"103":2,"104":2,"105":1,"106":1,"107":1,"108":1},"f":{"0":20,"1":0,"2":0,"3":1,"4":0,"5":1,"6":2,"7":1,"8":2,"9":2,"10":1,"11":2,"12":2,"13":7,"14":0,"15":1,"16":0},"b":{"0":[1,1,1],"1":[1,0],"2":[20,0],"3":[0,0],"4":[1,1,1],"5":[1,0],"6":[1,1,1],"7":[0,1],"8":[1,1],"9":[1,0],"10":[20,0],"11":[20,20],"12":[1,1,1],"13":[0,2],"14":[2,2],"15":[1,0],"16":[1,1],"17":[0,0],"18":[0,0],"19":[0,2],"20":[1,6],"21":[0,1],"22":[1,0],"23":[0,0],"24":[0,0],"25":[0,0],"26":[2,1],"27":[1,1],"28":[0,2],"29":[0,0],"30":[0,0],"31":[1,1],"32":[1,0],"33":[0,1],"34":[0,1],"35":[0,0],"36":[0,1],"37":[1,1],"38":[1,1]},"inputSourceMap":{"version":3,"file":"configurer.js","sourceRoot":"","sources":["../src/configurer.ts"],"names":[],"mappings":";;;;;;;;;;;;;;;;;;;;;;;;AAAA,iCAMiB;AACjB,0CAAoB;AACpB,8CAAwB;AACxB,+CAAgD;AAChD,iCAAwD;AAExD;IAGC,oBAAY,OAAgC;QAA5C,iBAUC;QAEO,yBAAoB,GAAkB;YAC7C,SAAS,EAAE;gBACV,GAAG,EAAE,YAAY;aACjB;YACD,MAAM,EAAE,CAAC;YACT,WAAW,EAAE,KAAK;YAClB,cAAc,EAAE,IAAI;YACpB,MAAM,EAAE,IAAI;YACZ,GAAG,EAAE,KAAK;SACV,CAAC;QAEK,gBAAW,GAAG,UAAC,OAA+B;YACpD,KAAI,CAAC,cAAc,CAAC,OAAO,CAAC,CAAC;YAC7B,KAAI,CAAC,eAAe,CAAC,OAAO,CAAC,CAAC;YAC9B,KAAI,CAAC,MAAM,GAAG,MAAM,CAAC,MAAM,CAAC,EAAE,EAAE,KAAI,CAAC,oBAAoB,EAAE,OAAO,CAAC,CAAC;QACrE,CAAC,CAAC;QAEM,eAAU,GAAG;YACpB,IAAM,YAAY,GAAG,cAAI,CAAC,IAAI,CAAC,OAAO,CAAC,GAAG,CAAC,KAAK,CAAC,EAAE,gBAAgB,CAAC,CAAC;YACrE,IAAM,YAAY,GAAG,YAAE,CAAC,UAAU,CAAC,YAAY,CAAC,CAAC;YACjD,IAAI,YAAY,EAAE;gBACjB,IAAM,cAAc,GAAG,OAAO,CAAC,YAAY,CAAC,CAAC;gBAC7C,KAAI,CAAC,WAAW,CAAC,cAAc,CAAC,CAAC;aACjC;QACF,CAAC,CAAC;QAEM,oBAAe,GAAG,UAAC,MAA8B;YACxD,IAAI,CAAC,MAAM,CAAC,OAAO;gBAAE,OAAO;YAC5B,KAA6B,UAAc,EAAd,KAAA,MAAM,CAAC,OAAO,EAAd,cAAc,EAAd,IAAc,EAAE;gBAAxC,IAAM,cAAc,SAAA;gBACxB,IAAI;oBACH,gCAAgC;oBAChC,OAAO,CAAC,cAAc,CAAC,CAAC;iBACxB;gBAAC,OAAO,GAAG,EAAE;oBACb,IAAI,GAAG,CAAC,IAAI,IAAI,GAAG,CAAC,IAAI,KAAK,kBAAkB,EAAE;wBAChD,MAAM,IAAI,mBAAW,CACpB,SAAS,EACT,2BAAyB,cAAgB,CACzC,CAAC;qBACF;yBAAM;wBACN,MAAM,GAAG,CAAC;qBACV;iBACD;aACD;QACF,CAAC,CAAC;QAEK,mBAAc,GAAG,UAAC,MAA8B;YACtD,IAAI,CAAC,MAAM;gBAAE,OAAO;YAIpB,IAAM,MAAM,GAAG,UAAC,UAAkB,EAAE,GAAQ,EAAE,IAAU;gBACvD,IAAI;oBACH,IAAI,GAAG,EAAE;wBACR,IAAI,IAAI,KAAK,OAAO,IAAI,CAAC,KAAK,CAAC,OAAO,CAAC,GAAG,CAAC,EAAE;4BAC5C,MAAM,IAAI,uBAAc,CAAC;gCACxB,OAAO,EAAE,EAAE;gCACX,QAAQ,EAAE,OAAO;gCACjB,MAAM,EAAE,OAAO,GAAG;6BAClB,CAAC,CAAC;yBACH;wBACD,gBAAM,CAAC,WAAW,CAAC,OAAO,GAAG,EAAE,IAAI,CAAC,CAAC;qBACrC;iBACD;gBAAC,OAAO,GAAG,EAAE;oBACb,MAAM,IAAI,mBAAW,CACpB,UAAU,EACV,mCAAiC,IAAI,kBAAa,GAAG,CAAC,MAAM,MAAG,CAC/D,CAAC;iBACF;YACF,CAAC,CAAC;YAEF,IAAM,UAAU,GAAG,UAAC,UAAkB,EAAE,GAAQ,EAAE,OAAgB;gBACjE,IAAI,GAAG,KAAK,SAAS,IAAI,GAAG,KAAK,IAAI,EAAE;oBACtC,MAAM,IAAI,mBAAW,CACpB,UAAU,EACV,OAAO,CAAC,CAAC,CAAC,OAAO,CAAC,CAAC,CAAC,oBAAoB,CACxC,CAAC;iBACF;YACF,CAAC,CAAC;YAGF,UAAU;YACV,MAAM,CAAC,OAAO;gBACb,MAAM,CAAC,OAAO,CAAC,OAAO,CAAC,UAAC,GAAG;oBAC1B,MAAM,CAAC,SAAS,EAAE,GAAG,EAAE,QAAQ,CAAC,CAAC;gBAClC,CAAC,CAAC,CAAC;YAEJ,SAAS;YACT,MAAM,CAAC,QAAQ,EAAE,MAAM,CAAC,MAAM,EAAE,SAAS,CAAC,CAAC;YAE3C,SAAS;YACT,MAAM,CAAC,QAAQ,EAAE,MAAM,CAAC,MAAM,EAAE,QAAQ,CAAC,CAAC;YAE1C,cAAc;YACd,MAAM,CAAC,aAAa,EAAE,MAAM,CAAC,WAAW,EAAE,SAAS,CAAC,CAAC;YAErD,YAAY;YACZ,IAAM,eAAe,GAAQ,MAAM,CAAC,SAAS,CAAC,CAAC,CAAC,MAAM,CAAC,SAAS,CAAC,CAAC,CAAC,EAAE,CAAC;YAEtE,IAAI,+BAAuB,CAAC,eAAe,CAAC,EAAE;gBAC7C,kCAAkC;gBAClC,IAAM,eAAe,GACpB,oDAAoD,CAAC;gBAEtD,UAAU,CAAC,gBAAgB,EAAE,eAAe,CAAC,IAAI,EAAE,eAAe,CAAC,CAAC;gBAEpE,UAAU,CACT,iBAAiB,EACjB,eAAe,CAAC,KAAK,EACrB,eAAe,CACf,CAAC;gBAEF,MAAM,CAAC,iBAAiB,EAAE,eAAe,CAAC,KAAK,EAAE,OAAO,CAAC,CAAC;gBAE1D,IAAM,UAAU,GAAG,YAAE,CAAC,UAAU,CAAC,eAAe,CAAC,IAAI,CAAC,CAAC;gBACvD,IAAI,CAAC,UAAU,EAAE;oBAChB,MAAM,IAAI,mBAAW,CACpB,gBAAgB,EAChB,eAAa,eAAe,CAAC,IAAI,oBAAiB,CAClD,CAAC;iBACF;gBAED,KAAsB,UAAqB,EAArB,KAAA,eAAe,CAAC,KAAK,EAArB,cAAqB,EAArB,IAAqB,EAAE;oBAAxC,IAAM,OAAO,SAAA;oBACjB,IAAI,OAAO,CAAC,MAAM,CAAC,CAAC,CAAC,KAAK,GAAG,EAAE;wBAC9B,MAAM,IAAI,mBAAW,CACpB,iBAAiB,EACjB,+CAA6C,OAAO,MAAG,CACvD,CAAC;qBACF;iBACD;aACD;iBAAM,IAAI,0BAAkB,CAAC,eAAe,CAAC,EAAE;gBAC/C,WAAW;gBACH,IAAA,IAAI,GAAK,eAAe,KAApB,CAAqB;gBACjC,IAAI,IAAI,EAAE;oBACT,IAAM,MAAM,GAAG,YAAE,CAAC,UAAU,CAAC,IAAI,CAAC,CAAC;oBACnC,IAAI,CAAC,MAAM,EAAE;wBACZ,MAAM,IAAI,mBAAW,CACpB,gBAAgB,EAChB,sCAAmC,IAAI,OAAG,CAC1C,CAAC;qBACF;iBACD;aACD;iBAAM,IAAI,yBAAiB,CAAC,eAAe,CAAC,EAAE;gBAC9C,4BAA4B;gBAC5B,gCAAgC;gBAChC,UAAU,CACT,oBAAoB,EACpB,eAAe,CAAC,QAAQ,EACxB,8CAA8C,CAC9C,CAAC;gBAEF,MAAM,CAAC,oBAAoB,EAAE,eAAe,CAAC,QAAQ,EAAE,OAAO,CAAC,CAAC;gBAEhE,eAAe,CAAC,QAAQ,CAAC,OAAO,CAAC,UAAC,SAAS;oBAC1C,IAAM,MAAM,GAAG,YAAE,CAAC,UAAU,CAAC,SAAS,CAAC,CAAC;oBACxC,IAAI,CAAC,MAAM,EAAE;wBACZ,MAAM,IAAI,mBAAW,CACpB,mBAAmB,EACnB,0CAAuC,SAAS,OAAG,CACnD,CAAC;qBACF;gBACF,CAAC,CAAC,CAAC;aACH;iBAAM;gBACN,IAAI,MAAM,CAAC,SAAS,EAAE;oBACrB,MAAM,IAAI,mBAAW,CACpB,QAAQ,EACR,yCAAyC,CACzC,CAAC;iBACF;aACD;QACF,CAAC,CAAC;QApLD,IAAI,CAAC,MAAM,GAAG,IAAI,CAAC,oBAAoB,CAAC;QAExC,qCAA6B,CAAC,OAAO,CAAC,CAAC,CAAC,OAAO,CAAC,GAAG,CAAC,CAAC,CAAC,IAAI,CAAC,MAAM,CAAC,GAAG,CAAC,CAAC;QAEvE,IAAI,OAAO,EAAE;YACZ,IAAI,CAAC,WAAW,CAAC,OAAO,CAAC,CAAC;SAC1B;aAAM;YACN,IAAI,CAAC,UAAU,EAAE,CAAC;SAClB;IACF,CAAC;IA4KF,iBAAC;AAAD,CAAC,AAzLD,IAyLC"},"_coverageSchema":"1a1c01bbd47fc00a2c39e90264f33305004495a9","hash":"72fdd016b384689e351e198189dbd6f5c98b5c37","contentHash":"af62a671138dac46731d0f313c27351909dd5e91117ca38091ecf81d9d7edd38"},"/home/jake/Documents/Code/quyz/dist/types.js":{"path":"/home/jake/Documents/Code/quyz/dist/types.js","statementMap":{"0":{"start":{"line":2,"column":16},"end":{"line":14,"column":4}},"1":{"start":{"line":3,"column":24},"end":{"line":8,"column":5}},"2":{"start":{"line":4,"column":8},"end":{"line":6,"column":110}},"3":{"start":{"line":5,"column":69},"end":{"line":5,"column":85}},"4":{"start":{"line":6,"column":30},"end":{"line":6,"column":107}},"5":{"start":{"line":6,"column":47},"end":{"line":6,"column":107}},"6":{"start":{"line":6,"column":95},"end":{"line":6,"column":107}},"7":{"start":{"line":7,"column":8},"end":{"line":7,"column":35}},"8":{"start":{"line":9,"column":4},"end":{"line":13,"column":6}},"9":{"start":{"line":10,"column":8},"end":{"line":10,"column":28}},"10":{"start":{"line":11,"column":24},"end":{"line":11,"column":45}},"11":{"start":{"line":12,"column":8},"end":{"line":12,"column":93}},"12":{"start":{"line":15,"column":0},"end":{"line":15,"column":62}},"13":{"start":{"line":16,"column":0},"end":{"line":16,"column":441}},"14":{"start":{"line":18,"column":33},"end":{"line":26,"column":8}},"15":{"start":{"line":19,"column":4},"end":{"line":19,"column":35}},"16":{"start":{"line":21,"column":20},"end":{"line":21,"column":88}},"17":{"start":{"line":22,"column":8},"end":{"line":22,"column":36}},"18":{"start":{"line":23,"column":8},"end":{"line":23,"column":21}},"19":{"start":{"line":25,"column":4},"end":{"line":25,"column":23}},"20":{"start":{"line":27,"column":0},"end":{"line":27,"column":34}},"21":{"start":{"line":28,"column":32},"end":{"line":36,"column":8}},"22":{"start":{"line":29,"column":4},"end":{"line":29,"column":34}},"23":{"start":{"line":31,"column":20},"end":{"line":31,"column":54}},"24":{"start":{"line":32,"column":8},"end":{"line":32,"column":35}},"25":{"start":{"line":33,"column":8},"end":{"line":33,"column":21}},"26":{"start":{"line":35,"column":4},"end":{"line":35,"column":22}},"27":{"start":{"line":37,"column":0},"end":{"line":37,"column":32}},"28":{"start":{"line":40,"column":19},"end":{"line":42,"column":1}},"29":{"start":{"line":41,"column":4},"end":{"line":41,"column":37}},"30":{"start":{"line":43,"column":0},"end":{"line":43,"column":36}},"31":{"start":{"line":44,"column":17},"end":{"line":46,"column":1}},"32":{"start":{"line":45,"column":4},"end":{"line":45,"column":32}},"33":{"start":{"line":47,"column":0},"end":{"line":47,"column":32}},"34":{"start":{"line":48,"column":23},"end":{"line":50,"column":1}},"35":{"start":{"line":49,"column":4},"end":{"line":49,"column":38}},"36":{"start":{"line":51,"column":0},"end":{"line":51,"column":44}},"37":{"start":{"line":52,"column":28},"end":{"line":54,"column":1}},"38":{"start":{"line":53,"column":4},"end":{"line":53,"column":44}},"39":{"start":{"line":55,"column":0},"end":{"line":55,"column":54}},"40":{"start":{"line":56,"column":26},"end":{"line":58,"column":1}},"41":{"start":{"line":57,"column":4},"end":{"line":57,"column":42}},"42":{"start":{"line":59,"column":0},"end":{"line":59,"column":50}},"43":{"start":{"line":60,"column":28},"end":{"line":62,"column":1}},"44":{"start":{"line":61,"column":4},"end":{"line":61,"column":39}},"45":{"start":{"line":63,"column":0},"end":{"line":63,"column":54}},"46":{"start":{"line":64,"column":21},"end":{"line":66,"column":1}},"47":{"start":{"line":65,"column":4},"end":{"line":65,"column":36}},"48":{"start":{"line":67,"column":0},"end":{"line":67,"column":40}},"49":{"start":{"line":68,"column":24},"end":{"line":70,"column":1}},"50":{"start":{"line":69,"column":4},"end":{"line":69,"column":40}},"51":{"start":{"line":71,"column":0},"end":{"line":71,"column":46}},"52":{"start":{"line":72,"column":22},"end":{"line":74,"column":1}},"53":{"start":{"line":73,"column":4},"end":{"line":73,"column":38}},"54":{"start":{"line":75,"column":0},"end":{"line":75,"column":42}},"55":{"start":{"line":76,"column":25},"end":{"line":78,"column":1}},"56":{"start":{"line":77,"column":4},"end":{"line":77,"column":86}},"57":{"start":{"line":79,"column":0},"end":{"line":79,"column":48}},"58":{"start":{"line":80,"column":23},"end":{"line":82,"column":1}},"59":{"start":{"line":81,"column":4},"end":{"line":81,"column":82}},"60":{"start":{"line":83,"column":0},"end":{"line":83,"column":44}},"61":{"start":{"line":85,"column":25},"end":{"line":87,"column":1}},"62":{"start":{"line":86,"column":4},"end":{"line":86,"column":39}},"63":{"start":{"line":88,"column":0},"end":{"line":88,"column":48}},"64":{"start":{"line":89,"column":30},"end":{"line":91,"column":1}},"65":{"start":{"line":90,"column":4},"end":{"line":90,"column":44}},"66":{"start":{"line":92,"column":0},"end":{"line":92,"column":58}},"67":{"start":{"line":93,"column":24},"end":{"line":95,"column":1}},"68":{"start":{"line":94,"column":4},"end":{"line":94,"column":38}},"69":{"start":{"line":96,"column":0},"end":{"line":96,"column":46}}},"fnMap":{"0":{"name":"(anonymous_0)","decl":{"start":{"line":2,"column":45},"end":{"line":2,"column":46}},"loc":{"start":{"line":2,"column":57},"end":{"line":14,"column":1}},"line":2},"1":{"name":"(anonymous_1)","decl":{"start":{"line":3,"column":24},"end":{"line":3,"column":25}},"loc":{"start":{"line":3,"column":40},"end":{"line":8,"column":5}},"line":3},"2":{"name":"(anonymous_2)","decl":{"start":{"line":5,"column":51},"end":{"line":5,"column":52}},"loc":{"start":{"line":5,"column":67},"end":{"line":5,"column":87}},"line":5},"3":{"name":"(anonymous_3)","decl":{"start":{"line":6,"column":12},"end":{"line":6,"column":13}},"loc":{"start":{"line":6,"column":28},"end":{"line":6,"column":109}},"line":6},"4":{"name":"(anonymous_4)","decl":{"start":{"line":9,"column":11},"end":{"line":9,"column":12}},"loc":{"start":{"line":9,"column":27},"end":{"line":13,"column":5}},"line":9},"5":{"name":"__","decl":{"start":{"line":11,"column":17},"end":{"line":11,"column":19}},"loc":{"start":{"line":11,"column":22},"end":{"line":11,"column":47}},"line":11},"6":{"name":"(anonymous_6)","decl":{"start":{"line":18,"column":33},"end":{"line":18,"column":34}},"loc":{"start":{"line":18,"column":51},"end":{"line":26,"column":1}},"line":18},"7":{"name":"ConfigError","decl":{"start":{"line":20,"column":13},"end":{"line":20,"column":24}},"loc":{"start":{"line":20,"column":46},"end":{"line":24,"column":5}},"line":20},"8":{"name":"(anonymous_8)","decl":{"start":{"line":28,"column":32},"end":{"line":28,"column":33}},"loc":{"start":{"line":28,"column":50},"end":{"line":36,"column":1}},"line":28},"9":{"name":"InputError","decl":{"start":{"line":30,"column":13},"end":{"line":30,"column":23}},"loc":{"start":{"line":30,"column":33},"end":{"line":34,"column":5}},"line":30},"10":{"name":"(anonymous_10)","decl":{"start":{"line":40,"column":19},"end":{"line":40,"column":20}},"loc":{"start":{"line":40,"column":37},"end":{"line":42,"column":1}},"line":40},"11":{"name":"(anonymous_11)","decl":{"start":{"line":44,"column":17},"end":{"line":44,"column":18}},"loc":{"start":{"line":44,"column":35},"end":{"line":46,"column":1}},"line":44},"12":{"name":"(anonymous_12)","decl":{"start":{"line":48,"column":23},"end":{"line":48,"column":24}},"loc":{"start":{"line":48,"column":41},"end":{"line":50,"column":1}},"line":48},"13":{"name":"(anonymous_13)","decl":{"start":{"line":52,"column":28},"end":{"line":52,"column":29}},"loc":{"start":{"line":52,"column":46},"end":{"line":54,"column":1}},"line":52},"14":{"name":"(anonymous_14)","decl":{"start":{"line":56,"column":26},"end":{"line":56,"column":27}},"loc":{"start":{"line":56,"column":44},"end":{"line":58,"column":1}},"line":56},"15":{"name":"(anonymous_15)","decl":{"start":{"line":60,"column":28},"end":{"line":60,"column":29}},"loc":{"start":{"line":60,"column":46},"end":{"line":62,"column":1}},"line":60},"16":{"name":"(anonymous_16)","decl":{"start":{"line":64,"column":21},"end":{"line":64,"column":22}},"loc":{"start":{"line":64,"column":39},"end":{"line":66,"column":1}},"line":64},"17":{"name":"(anonymous_17)","decl":{"start":{"line":68,"column":24},"end":{"line":68,"column":25}},"loc":{"start":{"line":68,"column":42},"end":{"line":70,"column":1}},"line":68},"18":{"name":"(anonymous_18)","decl":{"start":{"line":72,"column":22},"end":{"line":72,"column":23}},"loc":{"start":{"line":72,"column":40},"end":{"line":74,"column":1}},"line":72},"19":{"name":"(anonymous_19)","decl":{"start":{"line":76,"column":25},"end":{"line":76,"column":26}},"loc":{"start":{"line":76,"column":43},"end":{"line":78,"column":1}},"line":76},"20":{"name":"(anonymous_20)","decl":{"start":{"line":80,"column":23},"end":{"line":80,"column":24}},"loc":{"start":{"line":80,"column":41},"end":{"line":82,"column":1}},"line":80},"21":{"name":"(anonymous_21)","decl":{"start":{"line":85,"column":25},"end":{"line":85,"column":26}},"loc":{"start":{"line":85,"column":43},"end":{"line":87,"column":1}},"line":85},"22":{"name":"(anonymous_22)","decl":{"start":{"line":89,"column":30},"end":{"line":89,"column":31}},"loc":{"start":{"line":89,"column":48},"end":{"line":91,"column":1}},"line":89},"23":{"name":"(anonymous_23)","decl":{"start":{"line":93,"column":24},"end":{"line":93,"column":25}},"loc":{"start":{"line":93,"column":42},"end":{"line":95,"column":1}},"line":93}},"branchMap":{"0":{"loc":{"start":{"line":2,"column":16},"end":{"line":14,"column":4}},"type":"binary-expr","locations":[{"start":{"line":2,"column":17},"end":{"line":2,"column":21}},{"start":{"line":2,"column":25},"end":{"line":2,"column":39}},{"start":{"line":2,"column":44},"end":{"line":14,"column":4}}],"line":2},"1":{"loc":{"start":{"line":4,"column":24},"end":{"line":6,"column":109}},"type":"binary-expr","locations":[{"start":{"line":4,"column":24},"end":{"line":4,"column":45}},{"start":{"line":5,"column":13},"end":{"line":5,"column":47}},{"start":{"line":5,"column":51},"end":{"line":5,"column":87}},{"start":{"line":6,"column":12},"end":{"line":6,"column":109}}],"line":4},"2":{"loc":{"start":{"line":6,"column":47},"end":{"line":6,"column":107}},"type":"if","locations":[{"start":{"line":6,"column":47},"end":{"line":6,"column":107}},{"start":{"line":6,"column":47},"end":{"line":6,"column":107}}],"line":6},"3":{"loc":{"start":{"line":12,"column":22},"end":{"line":12,"column":92}},"type":"cond-expr","locations":[{"start":{"line":12,"column":35},"end":{"line":12,"column":51}},{"start":{"line":12,"column":55},"end":{"line":12,"column":91}}],"line":12},"4":{"loc":{"start":{"line":21,"column":20},"end":{"line":21,"column":88}},"type":"binary-expr","locations":[{"start":{"line":21,"column":20},"end":{"line":21,"column":80}},{"start":{"line":21,"column":84},"end":{"line":21,"column":88}}],"line":21},"5":{"loc":{"start":{"line":31,"column":20},"end":{"line":31,"column":54}},"type":"binary-expr","locations":[{"start":{"line":31,"column":20},"end":{"line":31,"column":46}},{"start":{"line":31,"column":50},"end":{"line":31,"column":54}}],"line":31},"6":{"loc":{"start":{"line":77,"column":11},"end":{"line":77,"column":85}},"type":"binary-expr","locations":[{"start":{"line":77,"column":11},"end":{"line":77,"column":44}},{"start":{"line":77,"column":48},"end":{"line":77,"column":85}}],"line":77},"7":{"loc":{"start":{"line":81,"column":11},"end":{"line":81,"column":81}},"type":"binary-expr","locations":[{"start":{"line":81,"column":11},"end":{"line":81,"column":42}},{"start":{"line":81,"column":46},"end":{"line":81,"column":81}}],"line":81}},"s":{"0":1,"1":1,"2":1,"3":0,"4":0,"5":0,"6":0,"7":1,"8":1,"9":2,"10":2,"11":2,"12":1,"13":1,"14":1,"15":1,"16":0,"17":0,"18":0,"19":1,"20":1,"21":1,"22":1,"23":0,"24":0,"25":0,"26":1,"27":1,"28":1,"29":0,"30":1,"31":1,"32":249,"33":1,"34":1,"35":145,"36":1,"37":1,"38":118,"39":1,"40":1,"41":83,"42":1,"43":1,"44":0,"45":1,"46":1,"47":35,"48":1,"49":1,"50":103,"51":1,"52":1,"53":36,"54":1,"55":1,"56":75,"57":1,"58":1,"59":35,"60":1,"61":1,"62":3,"63":1,"64":1,"65":3,"66":1,"67":1,"68":1,"69":1},"f":{"0":1,"1":1,"2":0,"3":0,"4":2,"5":2,"6":1,"7":0,"8":1,"9":0,"10":0,"11":249,"12":145,"13":118,"14":83,"15":0,"16":35,"17":103,"18":36,"19":75,"20":35,"21":3,"22":3,"23":1},"b":{"0":[1,1,1],"1":[1,0,0,0],"2":[0,0],"3":[0,2],"4":[0,0],"5":[0,0],"6":[75,64],"7":[35,31]},"inputSourceMap":{"version":3,"file":"types.js","sourceRoot":"","sources":["../src/types.ts"],"names":[],"mappings":";;;;;;;;;;;;;;;;AAsIA,SAAS;AAET;IAAiC,+BAAK;IACrC,qBAAY,UAAkB,EAAE,OAAe;QAA/C,YACC,kBAAM,aAAW,UAAU,WAAM,OAAS,CAAC,SAE3C;QADA,KAAI,CAAC,IAAI,GAAG,cAAc,CAAC;;IAC5B,CAAC;IACF,kBAAC;AAAD,CAAC,AALD,CAAiC,KAAK,GAKrC;AALY,kCAAW;AAOxB;IAAgC,8BAAK;IACpC,oBAAY,OAAe;QAA3B,YACC,kBAAM,OAAO,CAAC,SAEd;QADA,KAAI,CAAC,IAAI,GAAG,aAAa,CAAC;;IAC3B,CAAC;IACF,iBAAC;AAAD,CAAC,AALD,CAAgC,KAAK,GAKpC;AALY,gCAAU;AAOvB,SAAS;AAET,gBAAgB;AACT,IAAM,YAAY,GAAG,UAAC,MAAc;IAC1C,OAAO,MAAM,CAAC,IAAI,KAAK,SAAS,CAAC;AAClC,CAAC,CAAC;AAFW,QAAA,YAAY,gBAEvB;AAEK,IAAM,UAAU,GAAG,UACzB,MAAc;IAEd,OAAO,MAAM,CAAC,IAAI,KAAK,IAAI,CAAC;AAC7B,CAAC,CAAC;AAJW,QAAA,UAAU,cAIrB;AAEK,IAAM,gBAAgB,GAAG,UAC/B,MAAc;IAEd,OAAO,MAAM,CAAC,IAAI,KAAK,UAAU,CAAC;AACnC,CAAC,CAAC;AAJW,QAAA,gBAAgB,oBAI3B;AAEK,IAAM,qBAAqB,GAAG,UACpC,MAAc;IAEd,OAAO,MAAM,CAAC,IAAI,KAAK,gBAAgB,CAAC;AACzC,CAAC,CAAC;AAJW,QAAA,qBAAqB,yBAIhC;AAEK,IAAM,mBAAmB,GAAG,UAClC,MAAc;IAEd,OAAO,MAAM,CAAC,IAAI,KAAK,cAAc,CAAC;AACvC,CAAC,CAAC;AAJW,QAAA,mBAAmB,uBAI9B;AAEK,IAAM,qBAAqB,GAAG,UACpC,MAAc;IAEd,OAAO,MAAM,CAAC,IAAI,KAAK,WAAW,CAAC;AACpC,CAAC,CAAC;AAJW,QAAA,qBAAqB,yBAIhC;AAEK,IAAM,cAAc,GAAG,UAAC,MAAc;IAC5C,OAAO,MAAM,CAAC,IAAI,KAAK,QAAQ,CAAC;AACjC,CAAC,CAAC;AAFW,QAAA,cAAc,kBAEzB;AAEK,IAAM,iBAAiB,GAAG,UAChC,MAAc;IAEd,OAAO,MAAM,CAAC,IAAI,KAAK,YAAY,CAAC;AACrC,CAAC,CAAC;AAJW,QAAA,iBAAiB,qBAI5B;AAEK,IAAM,eAAe,GAAG,UAAC,MAAc;IAC7C,OAAO,MAAM,CAAC,IAAI,KAAK,UAAU,CAAC;AACnC,CAAC,CAAC;AAFW,QAAA,eAAe,mBAE1B;AAEK,IAAM,kBAAkB,GAAG,UACjC,MAAc;IAEd,OAAO,yBAAiB,CAAC,MAAM,CAAC,IAAI,6BAAqB,CAAC,MAAM,CAAC,CAAC;AACnE,CAAC,CAAC;AAJW,QAAA,kBAAkB,sBAI7B;AAEK,IAAM,gBAAgB,GAAG,UAAC,MAAc;IAC9C,OAAO,uBAAe,CAAC,MAAM,CAAC,IAAI,2BAAmB,CAAC,MAAM,CAAC,CAAC;AAC/D,CAAC,CAAC;AAFW,QAAA,gBAAgB,oBAE3B;AAEF,mBAAmB;AACZ,IAAM,kBAAkB,GAAG,UACjC,MAA8B;IAE9B,OAAO,MAAM,CAAC,GAAG,KAAK,YAAY,CAAC;AACpC,CAAC,CAAC;AAJW,QAAA,kBAAkB,sBAI7B;AAEK,IAAM,uBAAuB,GAAG,UACtC,MAA8B;IAE9B,OAAO,MAAM,CAAC,GAAG,KAAK,iBAAiB,CAAC;AACzC,CAAC,CAAC;AAJW,QAAA,uBAAuB,2BAIlC;AAEK,IAAM,iBAAiB,GAAG,UAChC,MAA8B;IAE9B,OAAO,MAAM,CAAC,GAAG,KAAK,WAAW,CAAC;AACnC,CAAC,CAAC;AAJW,QAAA,iBAAiB,qBAI5B"},"_coverageSchema":"1a1c01bbd47fc00a2c39e90264f33305004495a9","hash":"3e644a5afd45ac705f2d9aada70311efc8a8a9fe","contentHash":"fedcf0436f695553706dd4724f6fc10c14dee07f7d307f1e7b24e6eeee15ca59"},"/home/jake/Documents/Code/quyz/dist/utils.js":{"path":"/home/jake/Documents/Code/quyz/dist/utils.js","statementMap":{"0":{"start":{"line":2,"column":0},"end":{"line":2,"column":62}},"1":{"start":{"line":3,"column":0},"end":{"line":3,"column":129}},"2":{"start":{"line":4,"column":19},"end":{"line":4,"column":40}},"3":{"start":{"line":5,"column":12},"end":{"line":5,"column":28}},"4":{"start":{"line":6,"column":14},"end":{"line":6,"column":32}},"5":{"start":{"line":7,"column":27},"end":{"line":22,"column":3}},"6":{"start":{"line":9,"column":20},"end":{"line":9,"column":24}},"7":{"start":{"line":10,"column":8},"end":{"line":10,"column":27}},"8":{"start":{"line":11,"column":8},"end":{"line":11,"column":25}},"9":{"start":{"line":12,"column":8},"end":{"line":14,"column":10}},"10":{"start":{"line":13,"column":12},"end":{"line":13,"column":61}},"11":{"start":{"line":15,"column":8},"end":{"line":18,"column":10}},"12":{"start":{"line":16,"column":12},"end":{"line":16,"column":59}},"13":{"start":{"line":17,"column":12},"end":{"line":17,"column":72}},"14":{"start":{"line":19,"column":8},"end":{"line":19,"column":21}},"15":{"start":{"line":21,"column":4},"end":{"line":21,"column":17}},"16":{"start":{"line":23,"column":0},"end":{"line":23,"column":22}},"17":{"start":{"line":24,"column":18},"end":{"line":33,"column":1}},"18":{"start":{"line":25,"column":15},"end":{"line":25,"column":17}},"19":{"start":{"line":26,"column":4},"end":{"line":28,"column":5}},"20":{"start":{"line":26,"column":18},"end":{"line":26,"column":19}},"21":{"start":{"line":27,"column":8},"end":{"line":27,"column":37}},"22":{"start":{"line":29,"column":4},"end":{"line":31,"column":5}},"23":{"start":{"line":30,"column":8},"end":{"line":30,"column":42}},"24":{"start":{"line":32,"column":4},"end":{"line":32,"column":24}},"25":{"start":{"line":34,"column":0},"end":{"line":34,"column":34}},"26":{"start":{"line":35,"column":36},"end":{"line":64,"column":1}},"27":{"start":{"line":36,"column":4},"end":{"line":50,"column":7}},"28":{"start":{"line":37,"column":8},"end":{"line":49,"column":9}},"29":{"start":{"line":38,"column":26},"end":{"line":38,"column":32}},"30":{"start":{"line":39,"column":12},"end":{"line":44,"column":13}},"31":{"start":{"line":40,"column":16},"end":{"line":40,"column":46}},"32":{"start":{"line":43,"column":16},"end":{"line":43,"column":75}},"33":{"start":{"line":45,"column":22},"end":{"line":45,"column":63}},"34":{"start":{"line":46,"column":25},"end":{"line":46,"column":51}},"35":{"start":{"line":47,"column":12},"end":{"line":47,"column":58}},"36":{"start":{"line":48,"column":12},"end":{"line":48,"column":31}},"37":{"start":{"line":51,"column":4},"end":{"line":63,"column":7}},"38":{"start":{"line":53,"column":8},"end":{"line":58,"column":9}},"39":{"start":{"line":54,"column":12},"end":{"line":54,"column":42}},"40":{"start":{"line":57,"column":12},"end":{"line":57,"column":71}},"41":{"start":{"line":59,"column":18},"end":{"line":59,"column":59}},"42":{"start":{"line":60,"column":21},"end":{"line":60,"column":47}},"43":{"start":{"line":61,"column":8},"end":{"line":61,"column":54}},"44":{"start":{"line":62,"column":8},"end":{"line":62,"column":27}},"45":{"start":{"line":65,"column":0},"end":{"line":65,"column":70}},"46":{"start":{"line":66,"column":17},"end":{"line":72,"column":1}},"47":{"start":{"line":67,"column":4},"end":{"line":71,"column":21}},"48":{"start":{"line":73,"column":0},"end":{"line":73,"column":32}},"49":{"start":{"line":74,"column":19},"end":{"line":151,"column":1}},"50":{"start":{"line":75,"column":4},"end":{"line":150,"column":5}},"51":{"start":{"line":76,"column":8},"end":{"line":85,"column":10}},"52":{"start":{"line":77,"column":41},"end":{"line":77,"column":53}},"53":{"start":{"line":78,"column":36},"end":{"line":78,"column":48}},"54":{"start":{"line":79,"column":35},"end":{"line":79,"column":47}},"55":{"start":{"line":80,"column":36},"end":{"line":80,"column":48}},"56":{"start":{"line":81,"column":37},"end":{"line":81,"column":49}},"57":{"start":{"line":82,"column":39},"end":{"line":82,"column":51}},"58":{"start":{"line":83,"column":39},"end":{"line":83,"column":51}},"59":{"start":{"line":84,"column":36},"end":{"line":84,"column":48}},"60":{"start":{"line":89,"column":22},"end":{"line":89,"column":31}},"61":{"start":{"line":90,"column":21},"end":{"line":90,"column":28}},"62":{"start":{"line":91,"column":8},"end":{"line":148,"column":10}},"63":{"start":{"line":93,"column":27},"end":{"line":93,"column":29}},"64":{"start":{"line":94,"column":16},"end":{"line":96,"column":17}},"65":{"start":{"line":94,"column":30},"end":{"line":94,"column":31}},"66":{"start":{"line":95,"column":20},"end":{"line":95,"column":45}},"67":{"start":{"line":97,"column":16},"end":{"line":97,"column":54}},"68":{"start":{"line":100,"column":27},"end":{"line":100,"column":29}},"69":{"start":{"line":101,"column":16},"end":{"line":103,"column":17}},"70":{"start":{"line":101,"column":30},"end":{"line":101,"column":31}},"71":{"start":{"line":102,"column":20},"end":{"line":102,"column":45}},"72":{"start":{"line":104,"column":16},"end":{"line":104,"column":54}},"73":{"start":{"line":107,"column":27},"end":{"line":107,"column":29}},"74":{"start":{"line":108,"column":16},"end":{"line":110,"column":17}},"75":{"start":{"line":108,"column":30},"end":{"line":108,"column":31}},"76":{"start":{"line":109,"column":20},"end":{"line":109,"column":45}},"77":{"start":{"line":111,"column":16},"end":{"line":111,"column":55}},"78":{"start":{"line":114,"column":27},"end":{"line":114,"column":29}},"79":{"start":{"line":115,"column":16},"end":{"line":117,"column":17}},"80":{"start":{"line":115,"column":30},"end":{"line":115,"column":31}},"81":{"start":{"line":116,"column":20},"end":{"line":116,"column":45}},"82":{"start":{"line":118,"column":16},"end":{"line":118,"column":55}},"83":{"start":{"line":121,"column":27},"end":{"line":121,"column":29}},"84":{"start":{"line":122,"column":16},"end":{"line":124,"column":17}},"85":{"start":{"line":122,"column":30},"end":{"line":122,"column":31}},"86":{"start":{"line":123,"column":20},"end":{"line":123,"column":45}},"87":{"start":{"line":125,"column":16},"end":{"line":125,"column":55}},"88":{"start":{"line":128,"column":27},"end":{"line":128,"column":29}},"89":{"start":{"line":129,"column":16},"end":{"line":131,"column":17}},"90":{"start":{"line":129,"column":30},"end":{"line":129,"column":31}},"91":{"start":{"line":130,"column":20},"end":{"line":130,"column":45}},"92":{"start":{"line":132,"column":16},"end":{"line":132,"column":55}},"93":{"start":{"line":135,"column":27},"end":{"line":135,"column":29}},"94":{"start":{"line":136,"column":16},"end":{"line":138,"column":17}},"95":{"start":{"line":136,"column":30},"end":{"line":136,"column":31}},"96":{"start":{"line":137,"column":20},"end":{"line":137,"column":45}},"97":{"start":{"line":139,"column":16},"end":{"line":139,"column":55}},"98":{"start":{"line":142,"column":27},"end":{"line":142,"column":29}},"99":{"start":{"line":143,"column":16},"end":{"line":145,"column":17}},"100":{"start":{"line":143,"column":30},"end":{"line":143,"column":31}},"101":{"start":{"line":144,"column":20},"end":{"line":144,"column":45}},"102":{"start":{"line":146,"column":16},"end":{"line":146,"column":55}},"103":{"start":{"line":152,"column":0},"end":{"line":152,"column":36}}},"fnMap":{"0":{"name":"(anonymous_0)","decl":{"start":{"line":7,"column":27},"end":{"line":7,"column":28}},"loc":{"start":{"line":7,"column":39},"end":{"line":22,"column":1}},"line":7},"1":{"name":"Clock","decl":{"start":{"line":8,"column":13},"end":{"line":8,"column":18}},"loc":{"start":{"line":8,"column":21},"end":{"line":20,"column":5}},"line":8},"2":{"name":"(anonymous_2)","decl":{"start":{"line":12,"column":21},"end":{"line":12,"column":22}},"loc":{"start":{"line":12,"column":33},"end":{"line":14,"column":9}},"line":12},"3":{"name":"(anonymous_3)","decl":{"start":{"line":15,"column":20},"end":{"line":15,"column":21}},"loc":{"start":{"line":15,"column":32},"end":{"line":18,"column":9}},"line":15},"4":{"name":"(anonymous_4)","decl":{"start":{"line":24,"column":18},"end":{"line":24,"column":19}},"loc":{"start":{"line":24,"column":35},"end":{"line":33,"column":1}},"line":24},"5":{"name":"(anonymous_5)","decl":{"start":{"line":35,"column":36},"end":{"line":35,"column":37}},"loc":{"start":{"line":35,"column":51},"end":{"line":64,"column":1}},"line":35},"6":{"name":"(anonymous_6)","decl":{"start":{"line":36,"column":37},"end":{"line":36,"column":38}},"loc":{"start":{"line":36,"column":52},"end":{"line":50,"column":5}},"line":36},"7":{"name":"(anonymous_7)","decl":{"start":{"line":51,"column":36},"end":{"line":51,"column":37}},"loc":{"start":{"line":51,"column":51},"end":{"line":63,"column":5}},"line":51},"8":{"name":"(anonymous_8)","decl":{"start":{"line":66,"column":17},"end":{"line":66,"column":18}},"loc":{"start":{"line":66,"column":32},"end":{"line":72,"column":1}},"line":66},"9":{"name":"(anonymous_9)","decl":{"start":{"line":74,"column":19},"end":{"line":74,"column":20}},"loc":{"start":{"line":74,"column":35},"end":{"line":151,"column":1}},"line":74},"10":{"name":"(anonymous_10)","decl":{"start":{"line":77,"column":23},"end":{"line":77,"column":24}},"loc":{"start":{"line":77,"column":39},"end":{"line":77,"column":55}},"line":77},"11":{"name":"(anonymous_11)","decl":{"start":{"line":78,"column":18},"end":{"line":78,"column":19}},"loc":{"start":{"line":78,"column":34},"end":{"line":78,"column":50}},"line":78},"12":{"name":"(anonymous_12)","decl":{"start":{"line":79,"column":17},"end":{"line":79,"column":18}},"loc":{"start":{"line":79,"column":33},"end":{"line":79,"column":49}},"line":79},"13":{"name":"(anonymous_13)","decl":{"start":{"line":80,"column":18},"end":{"line":80,"column":19}},"loc":{"start":{"line":80,"column":34},"end":{"line":80,"column":50}},"line":80},"14":{"name":"(anonymous_14)","decl":{"start":{"line":81,"column":19},"end":{"line":81,"column":20}},"loc":{"start":{"line":81,"column":35},"end":{"line":81,"column":51}},"line":81},"15":{"name":"(anonymous_15)","decl":{"start":{"line":82,"column":21},"end":{"line":82,"column":22}},"loc":{"start":{"line":82,"column":37},"end":{"line":82,"column":53}},"line":82},"16":{"name":"(anonymous_16)","decl":{"start":{"line":83,"column":21},"end":{"line":83,"column":22}},"loc":{"start":{"line":83,"column":37},"end":{"line":83,"column":53}},"line":83},"17":{"name":"(anonymous_17)","decl":{"start":{"line":84,"column":18},"end":{"line":84,"column":19}},"loc":{"start":{"line":84,"column":34},"end":{"line":84,"column":50}},"line":84},"18":{"name":"(anonymous_18)","decl":{"start":{"line":92,"column":23},"end":{"line":92,"column":24}},"loc":{"start":{"line":92,"column":35},"end":{"line":98,"column":13}},"line":92},"19":{"name":"(anonymous_19)","decl":{"start":{"line":99,"column":18},"end":{"line":99,"column":19}},"loc":{"start":{"line":99,"column":30},"end":{"line":105,"column":13}},"line":99},"20":{"name":"(anonymous_20)","decl":{"start":{"line":106,"column":17},"end":{"line":106,"column":18}},"loc":{"start":{"line":106,"column":29},"end":{"line":112,"column":13}},"line":106},"21":{"name":"(anonymous_21)","decl":{"start":{"line":113,"column":18},"end":{"line":113,"column":19}},"loc":{"start":{"line":113,"column":30},"end":{"line":119,"column":13}},"line":113},"22":{"name":"(anonymous_22)","decl":{"start":{"line":120,"column":19},"end":{"line":120,"column":20}},"loc":{"start":{"line":120,"column":31},"end":{"line":126,"column":13}},"line":120},"23":{"name":"(anonymous_23)","decl":{"start":{"line":127,"column":21},"end":{"line":127,"column":22}},"loc":{"start":{"line":127,"column":33},"end":{"line":133,"column":13}},"line":127},"24":{"name":"(anonymous_24)","decl":{"start":{"line":134,"column":21},"end":{"line":134,"column":22}},"loc":{"start":{"line":134,"column":33},"end":{"line":140,"column":13}},"line":134},"25":{"name":"(anonymous_25)","decl":{"start":{"line":141,"column":18},"end":{"line":141,"column":19}},"loc":{"start":{"line":141,"column":30},"end":{"line":147,"column":13}},"line":141}},"branchMap":{"0":{"loc":{"start":{"line":29,"column":4},"end":{"line":31,"column":5}},"type":"if","locations":[{"start":{"line":29,"column":4},"end":{"line":31,"column":5}},{"start":{"line":29,"column":4},"end":{"line":31,"column":5}}],"line":29},"1":{"loc":{"start":{"line":37,"column":8},"end":{"line":49,"column":9}},"type":"if","locations":[{"start":{"line":37,"column":8},"end":{"line":49,"column":9}},{"start":{"line":37,"column":8},"end":{"line":49,"column":9}}],"line":37},"2":{"loc":{"start":{"line":39,"column":12},"end":{"line":44,"column":13}},"type":"if","locations":[{"start":{"line":39,"column":12},"end":{"line":44,"column":13}},{"start":{"line":39,"column":12},"end":{"line":44,"column":13}}],"line":39},"3":{"loc":{"start":{"line":45,"column":22},"end":{"line":45,"column":63}},"type":"cond-expr","locations":[{"start":{"line":45,"column":28},"end":{"line":45,"column":49}},{"start":{"line":45,"column":52},"end":{"line":45,"column":63}}],"line":45},"4":{"loc":{"start":{"line":53,"column":8},"end":{"line":58,"column":9}},"type":"if","locations":[{"start":{"line":53,"column":8},"end":{"line":58,"column":9}},{"start":{"line":53,"column":8},"end":{"line":58,"column":9}}],"line":53},"5":{"loc":{"start":{"line":59,"column":18},"end":{"line":59,"column":59}},"type":"cond-expr","locations":[{"start":{"line":59,"column":24},"end":{"line":59,"column":45}},{"start":{"line":59,"column":48},"end":{"line":59,"column":59}}],"line":59},"6":{"loc":{"start":{"line":75,"column":4},"end":{"line":150,"column":5}},"type":"if","locations":[{"start":{"line":75,"column":4},"end":{"line":150,"column":5}},{"start":{"line":75,"column":4},"end":{"line":150,"column":5}}],"line":75}},"s":{"0":1,"1":1,"2":1,"3":1,"4":1,"5":1,"6":15,"7":15,"8":15,"9":15,"10":15,"11":15,"12":15,"13":15,"14":15,"15":1,"16":1,"17":1,"18":21,"19":21,"20":21,"21":6,"22":21,"23":2,"24":21,"25":1,"26":1,"27":2,"28":0,"29":0,"30":0,"31":0,"32":0,"33":0,"34":0,"35":0,"36":0,"37":2,"38":0,"39":0,"40":0,"41":0,"42":0,"43":0,"44":0,"45":1,"46":1,"47":0,"48":1,"49":1,"50":4,"51":2,"52":5,"53":11,"54":4,"55":4,"56":16,"57":0,"58":0,"59":0,"60":2,"61":2,"62":2,"63":3,"64":3,"65":3,"66":3,"67":3,"68":36,"69":36,"70":36,"71":36,"72":36,"73":22,"74":22,"75":22,"76":22,"77":22,"78":22,"79":22,"80":22,"81":22,"82":22,"83":40,"84":40,"85":40,"86":40,"87":40,"88":13,"89":13,"90":13,"91":13,"92":13,"93":0,"94":0,"95":0,"96":0,"97":0,"98":0,"99":0,"100":0,"101":0,"102":0,"103":1},"f":{"0":1,"1":15,"2":15,"3":15,"4":21,"5":2,"6":0,"7":0,"8":0,"9":4,"10":5,"11":11,"12":4,"13":4,"14":16,"15":0,"16":0,"17":0,"18":3,"19":36,"20":22,"21":22,"22":40,"23":13,"24":0,"25":0},"b":{"0":[2,19],"1":[0,0],"2":[0,0],"3":[0,0],"4":[0,0],"5":[0,0],"6":[2,2]},"inputSourceMap":{"version":3,"file":"utils.js","sourceRoot":"","sources":["../src/utils.ts"],"names":[],"mappings":";;;AAAA,yCAAyC;AACzC,6BAAoC;AAEpC,iCAA4C;AAE5C;IACC;QAAA,iBAEC;QAEO,cAAS,GAAG,CAAC,CAAC;QACd,YAAO,GAAG,CAAC,CAAC;QAEb,UAAK,GAAG;YACd,KAAI,CAAC,SAAS,GAAG,wBAAW,CAAC,GAAG,EAAE,CAAC;QACpC,CAAC,CAAC;QAEK,SAAI,GAAG;YACb,KAAI,CAAC,OAAO,GAAG,wBAAW,CAAC,GAAG,EAAE,CAAC;YACjC,OAAO,MAAM,CAAC,CAAC,KAAI,CAAC,OAAO,GAAG,KAAI,CAAC,SAAS,CAAC,CAAC,OAAO,CAAC,CAAC,CAAC,CAAC,CAAC;QAC3D,CAAC,CAAC;QAbD,IAAI,CAAC,KAAK,EAAE,CAAC;IACd,CAAC;IAaF,YAAC;AAAD,CAAC,AAhBD,IAgBC;AAhBY,sBAAK;AAkBX,IAAM,WAAW,GAAG,UAC1B,KAAe;IACf,cAAU;SAAV,UAAU,EAAV,qBAAU,EAAV,IAAU;QAAV,6BAAU;;IAEV,IAAI,OAAO,KAAK,KAAK,UAAU,EAAE;QAChC,KAAK,GAAG,KAAK,eAAI,IAAI,CAAC,CAAC;KACvB;IACD,OAAO,KAAK,CAAC,IAAI,EAAE,CAAC;AACrB,CAAC,CAAC;AARW,QAAA,WAAW,eAQtB;AAEK,IAAM,6BAA6B,GAAG,UAAC,GAAY;IACzD,OAAO,CAAC,EAAE,CAAC,oBAAoB,EAAE,UAAC,GAAG;QACpC,IAAI,GAAG,YAAY,KAAK,EAAE;YACzB,IAAI,OAAO,SAAQ,CAAC;YACpB,IAAI,GAAG,YAAY,kBAAU,EAAE;gBAC9B,OAAO,GAAG,KAAK,GAAG,GAAG,CAAC,OAAO,CAAC;aAC9B;iBAAM;gBACN,OAAO,GAAM,kBAAU,CAAC,GAAG,CAAC,cAAS,GAAG,CAAC,OAAS,CAAC;aACnD;YACD,IAAM,GAAG,GAAG,GAAG,CAAC,CAAC,CAAC,iBAAW,CAAC,GAAG,CAAC,CAAC,CAAC,OAAO,CAAC,GAAG,CAAC;YAChD,IAAM,MAAM,GAAG,oBAAY,CAAC,CAAC,GAAG,CAAC,CAAC;YAClC,GAAG,CAAC,MAAM,CAAC,GAAG,CAAC,aAAW,GAAG,CAAC,IAAI,OAAI,CAAC,CAAC,CAAC;YACzC,GAAG,CAAC,IAAI,EAAE,OAAO,CAAC,CAAC;SACnB;IACF,CAAC,CAAC,CAAC;IAEH,OAAO,CAAC,EAAE,CAAC,mBAAmB,EAAE,UAAC,GAAG;QACnC,IAAI,OAAe,CAAC;QACpB,IAAI,GAAG,YAAY,kBAAU,EAAE;YAC9B,OAAO,GAAG,KAAK,GAAG,GAAG,CAAC,OAAO,CAAC;SAC9B;aAAM;YACN,OAAO,GAAM,kBAAU,CAAC,GAAG,CAAC,cAAS,GAAG,CAAC,OAAS,CAAC;SACnD;QACD,IAAM,GAAG,GAAG,GAAG,CAAC,CAAC,CAAC,iBAAW,CAAC,GAAG,CAAC,CAAC,CAAC,OAAO,CAAC,GAAG,CAAC;QAChD,IAAM,MAAM,GAAG,oBAAY,CAAC,CAAC,GAAG,CAAC,CAAC;QAClC,GAAG,CAAC,MAAM,CAAC,GAAG,CAAC,aAAW,GAAG,CAAC,IAAI,OAAI,CAAC,CAAC,CAAC;QACzC,GAAG,CAAC,IAAI,EAAE,OAAO,CAAC,CAAC;IACpB,CAAC,CAAC,CAAC;AACJ,CAAC,CAAC;AA5BW,QAAA,6BAA6B,iCA4BxC;AAEK,IAAM,UAAU,GAAG,UAAC,GAAU;IACpC,OAAO,CACN,IAAI;QACJ,GAAG,CAAC,KAAK;aACP,KAAK,CAAC,KAAK,CAAC,CAAC,CAAC,CAAC;aACf,OAAO,CAAC,OAAO,CAAC,GAAG,EAAE,GAAG,GAAG,EAAE,EAAE,CAAC;aAChC,IAAI,EAAE,CACR,CAAC;AACH,CAAC,CAAC;AARW,QAAA,UAAU,cAQrB;AAEK,IAAM,YAAY,GAAG,UAAC,IAAa;IACzC,IAAI,CAAC,IAAI,EAAE;QACV,OAAO;YACN,SAAS,EAAE,UAAC,IAAI,IAAK,OAAA,IAAI,EAAJ,CAAI;YACzB,IAAI,EAAE,UAAC,IAAI,IAAK,OAAA,IAAI,EAAJ,CAAI;YACpB,GAAG,EAAE,UAAC,IAAI,IAAK,OAAA,IAAI,EAAJ,CAAI;YACnB,IAAI,EAAE,UAAC,IAAI,IAAK,OAAA,IAAI,EAAJ,CAAI;YACpB,KAAK,EAAE,UAAC,IAAI,IAAK,OAAA,IAAI,EAAJ,CAAI;YACrB,OAAO,EAAE,UAAC,IAAI,IAAK,OAAA,IAAI,EAAJ,CAAI;YACvB,OAAO,EAAE,UAAC,IAAI,IAAK,OAAA,IAAI,EAAJ,CAAI;YACvB,IAAI,EAAE,UAAC,IAAI,IAAK,OAAA,IAAI,EAAJ,CAAI;SACpB,CAAC;KACF;SAAM;QACN,wBAAwB;QACxB,IAAM,OAAK,GAAG,SAAS,CAAC;QACxB,IAAM,MAAI,GAAG,OAAO,CAAC;QACrB,OAAO;YACN,SAAS,EAAE;gBAAC,cAAO;qBAAP,UAAO,EAAP,qBAAO,EAAP,IAAO;oBAAP,yBAAO;;gBAAK,OAAG,MAAI,UAAK,IAAI,GAAG,OAAO;YAA1B,CAA0B;YAClD,IAAI,EAAE;gBAAC,cAAO;qBAAP,UAAO,EAAP,qBAAO,EAAP,IAAO;oBAAP,yBAAO;;gBAAK,OAAG,MAAI,UAAK,IAAI,GAAG,OAAO;YAA1B,CAA0B;YAC7C,GAAG,EAAE;gBAAC,cAAO;qBAAP,UAAO,EAAP,qBAAO,EAAP,IAAO;oBAAP,yBAAO;;gBAAK,OAAG,MAAI,WAAM,IAAI,GAAG,OAAO;YAA3B,CAA2B;YAC7C,IAAI,EAAE;gBAAC,cAAO;qBAAP,UAAO,EAAP,qBAAO,EAAP,IAAO;oBAAP,yBAAO;;gBAAK,OAAG,MAAI,WAAM,IAAI,GAAG,OAAO;YAA3B,CAA2B;YAC9C,KAAK,EAAE;gBAAC,cAAO;qBAAP,UAAO,EAAP,qBAAO,EAAP,IAAO;oBAAP,yBAAO;;gBAAK,OAAG,MAAI,WAAM,IAAI,GAAG,OAAO;YAA3B,CAA2B;YAC/C,OAAO,EAAE;gBAAC,cAAO;qBAAP,UAAO,EAAP,qBAAO,EAAP,IAAO;oBAAP,yBAAO;;gBAAK,OAAG,MAAI,WAAM,IAAI,GAAG,OAAO;YAA3B,CAA2B;YACjD,OAAO,EAAE;gBAAC,cAAO;qBAAP,UAAO,EAAP,qBAAO,EAAP,IAAO;oBAAP,yBAAO;;gBAAK,OAAG,MAAI,WAAM,IAAI,GAAG,OAAO;YAA3B,CAA2B;YACjD,IAAI,EAAE;gBAAC,cAAO;qBAAP,UAAO,EAAP,qBAAO,EAAP,IAAO;oBAAP,yBAAO;;gBAAK,OAAG,MAAI,WAAM,IAAI,GAAG,OAAO;YAA3B,CAA2B;SAC9C,CAAC;QACF,uBAAuB;KACvB;AACF,CAAC,CAAC;AA5BW,QAAA,YAAY,gBA4BvB"},"_coverageSchema":"1a1c01bbd47fc00a2c39e90264f33305004495a9","hash":"23704b0e054d76353f880e1935586b9e3cd48e3d","contentHash":"ca1bf11c6c83ff0e07892efb7f63289f99e794fcdf8500fa1c03cf1710173633"},"/home/jake/Documents/Code/quyz/dist/dev.js":{"path":"/home/jake/Documents/Code/quyz/dist/dev.js","statementMap":{"0":{"start":{"line":2,"column":16},"end":{"line":10,"column":1}},"1":{"start":{"line":3,"column":28},"end":{"line":3,"column":110}},"2":{"start":{"line":3,"column":91},"end":{"line":3,"column":106}},"3":{"start":{"line":4,"column":4},"end":{"line":9,"column":7}},"4":{"start":{"line":5,"column":36},"end":{"line":5,"column":97}},"5":{"start":{"line":5,"column":42},"end":{"line":5,"column":70}},"6":{"start":{"line":5,"column":85},"end":{"line":5,"column":95}},"7":{"start":{"line":6,"column":35},"end":{"line":6,"column":100}},"8":{"start":{"line":6,"column":41},"end":{"line":6,"column":73}},"9":{"start":{"line":6,"column":88},"end":{"line":6,"column":98}},"10":{"start":{"line":7,"column":32},"end":{"line":7,"column":116}},"11":{"start":{"line":8,"column":8},"end":{"line":8,"column":78}},"12":{"start":{"line":11,"column":18},"end":{"line":37,"column":1}},"13":{"start":{"line":12,"column":12},"end":{"line":12,"column":104}},"14":{"start":{"line":12,"column":43},"end":{"line":12,"column":68}},"15":{"start":{"line":12,"column":57},"end":{"line":12,"column":68}},"16":{"start":{"line":12,"column":69},"end":{"line":12,"column":81}},"17":{"start":{"line":13,"column":4},"end":{"line":13,"column":157}},"18":{"start":{"line":13,"column":138},"end":{"line":13,"column":150}},"19":{"start":{"line":14,"column":23},"end":{"line":14,"column":68}},"20":{"start":{"line":14,"column":45},"end":{"line":14,"column":65}},"21":{"start":{"line":16,"column":8},"end":{"line":16,"column":70}},"22":{"start":{"line":16,"column":15},"end":{"line":16,"column":70}},"23":{"start":{"line":17,"column":8},"end":{"line":34,"column":66}},"24":{"start":{"line":17,"column":18},"end":{"line":34,"column":66}},"25":{"start":{"line":18,"column":12},"end":{"line":18,"column":169}},"26":{"start":{"line":18,"column":160},"end":{"line":18,"column":169}},"27":{"start":{"line":19,"column":12},"end":{"line":19,"column":52}},"28":{"start":{"line":19,"column":26},"end":{"line":19,"column":52}},"29":{"start":{"line":20,"column":12},"end":{"line":32,"column":13}},"30":{"start":{"line":21,"column":32},"end":{"line":21,"column":39}},"31":{"start":{"line":21,"column":40},"end":{"line":21,"column":46}},"32":{"start":{"line":22,"column":24},"end":{"line":22,"column":34}},"33":{"start":{"line":22,"column":35},"end":{"line":22,"column":72}},"34":{"start":{"line":23,"column":24},"end":{"line":23,"column":34}},"35":{"start":{"line":23,"column":35},"end":{"line":23,"column":45}},"36":{"start":{"line":23,"column":46},"end":{"line":23,"column":55}},"37":{"start":{"line":23,"column":56},"end":{"line":23,"column":65}},"38":{"start":{"line":24,"column":24},"end":{"line":24,"column":41}},"39":{"start":{"line":24,"column":42},"end":{"line":24,"column":55}},"40":{"start":{"line":24,"column":56},"end":{"line":24,"column":65}},"41":{"start":{"line":26,"column":20},"end":{"line":26,"column":128}},"42":{"start":{"line":26,"column":110},"end":{"line":26,"column":116}},"43":{"start":{"line":26,"column":117},"end":{"line":26,"column":126}},"44":{"start":{"line":27,"column":20},"end":{"line":27,"column":106}},"45":{"start":{"line":27,"column":81},"end":{"line":27,"column":97}},"46":{"start":{"line":27,"column":98},"end":{"line":27,"column":104}},"47":{"start":{"line":28,"column":20},"end":{"line":28,"column":89}},"48":{"start":{"line":28,"column":57},"end":{"line":28,"column":72}},"49":{"start":{"line":28,"column":73},"end":{"line":28,"column":80}},"50":{"start":{"line":28,"column":81},"end":{"line":28,"column":87}},"51":{"start":{"line":29,"column":20},"end":{"line":29,"column":87}},"52":{"start":{"line":29,"column":47},"end":{"line":29,"column":62}},"53":{"start":{"line":29,"column":63},"end":{"line":29,"column":78}},"54":{"start":{"line":29,"column":79},"end":{"line":29,"column":85}},"55":{"start":{"line":30,"column":20},"end":{"line":30,"column":42}},"56":{"start":{"line":30,"column":30},"end":{"line":30,"column":42}},"57":{"start":{"line":31,"column":20},"end":{"line":31,"column":33}},"58":{"start":{"line":31,"column":34},"end":{"line":31,"column":43}},"59":{"start":{"line":33,"column":12},"end":{"line":33,"column":39}},"60":{"start":{"line":34,"column":22},"end":{"line":34,"column":34}},"61":{"start":{"line":34,"column":35},"end":{"line":34,"column":41}},"62":{"start":{"line":34,"column":54},"end":{"line":34,"column":64}},"63":{"start":{"line":35,"column":8},"end":{"line":35,"column":35}},"64":{"start":{"line":35,"column":23},"end":{"line":35,"column":35}},"65":{"start":{"line":35,"column":36},"end":{"line":35,"column":89}},"66":{"start":{"line":38,"column":0},"end":{"line":38,"column":62}},"67":{"start":{"line":39,"column":0},"end":{"line":39,"column":29}},"68":{"start":{"line":40,"column":25},"end":{"line":73,"column":3}},"69":{"start":{"line":42,"column":20},"end":{"line":42,"column":24}},"70":{"start":{"line":43,"column":8},"end":{"line":45,"column":10}},"71":{"start":{"line":44,"column":12},"end":{"line":44,"column":38}},"72":{"start":{"line":46,"column":8},"end":{"line":48,"column":10}},"73":{"start":{"line":47,"column":12},"end":{"line":47,"column":40}},"74":{"start":{"line":49,"column":8},"end":{"line":51,"column":10}},"75":{"start":{"line":50,"column":12},"end":{"line":50,"column":38}},"76":{"start":{"line":52,"column":8},"end":{"line":54,"column":10}},"77":{"start":{"line":53,"column":12},"end":{"line":53,"column":49}},"78":{"start":{"line":55,"column":8},"end":{"line":58,"column":10}},"79":{"start":{"line":56,"column":12},"end":{"line":56,"column":33}},"80":{"start":{"line":57,"column":12},"end":{"line":57,"column":40}},"81":{"start":{"line":59,"column":8},"end":{"line":68,"column":14}},"82":{"start":{"line":59,"column":41},"end":{"line":68,"column":11}},"83":{"start":{"line":60,"column":12},"end":{"line":67,"column":15}},"84":{"start":{"line":61,"column":16},"end":{"line":66,"column":17}},"85":{"start":{"line":62,"column":28},"end":{"line":62,"column":82}},"86":{"start":{"line":64,"column":24},"end":{"line":64,"column":34}},"87":{"start":{"line":65,"column":24},"end":{"line":65,"column":46}},"88":{"start":{"line":69,"column":8},"end":{"line":69,"column":29}},"89":{"start":{"line":70,"column":8},"end":{"line":70,"column":35}},"90":{"start":{"line":72,"column":4},"end":{"line":72,"column":15}},"91":{"start":{"line":74,"column":0},"end":{"line":74,"column":22}},"92":{"start":{"line":75,"column":33},"end":{"line":92,"column":3}},"93":{"start":{"line":77,"column":20},"end":{"line":77,"column":24}},"94":{"start":{"line":78,"column":8},"end":{"line":78,"column":23}},"95":{"start":{"line":79,"column":8},"end":{"line":79,"column":58}},"96":{"start":{"line":79,"column":37},"end":{"line":79,"column":55}},"97":{"start":{"line":80,"column":8},"end":{"line":82,"column":10}},"98":{"start":{"line":81,"column":12},"end":{"line":81,"column":28}},"99":{"start":{"line":83,"column":8},"end":{"line":89,"column":10}},"100":{"start":{"line":84,"column":23},"end":{"line":84,"column":25}},"101":{"start":{"line":85,"column":12},"end":{"line":87,"column":13}},"102":{"start":{"line":85,"column":26},"end":{"line":85,"column":27}},"103":{"start":{"line":86,"column":16},"end":{"line":86,"column":41}},"104":{"start":{"line":88,"column":12},"end":{"line":88,"column":34}},"105":{"start":{"line":91,"column":4},"end":{"line":91,"column":23}},"106":{"start":{"line":93,"column":0},"end":{"line":93,"column":40}}},"fnMap":{"0":{"name":"(anonymous_0)","decl":{"start":{"line":2,"column":44},"end":{"line":2,"column":45}},"loc":{"start":{"line":2,"column":89},"end":{"line":10,"column":1}},"line":2},"1":{"name":"adopt","decl":{"start":{"line":3,"column":13},"end":{"line":3,"column":18}},"loc":{"start":
[...]
ocuments/Code/quyz/dist/index.js","statementMap":{"0":{"start":{"line":2,"column":0},"end":{"line":2,"column":62}},"1":{"start":{"line":3,"column":0},"end":{"line":3,"column":153}},"2":{"start":{"line":4,"column":13},"end":{"line":4,"column":30}},"3":{"start":{"line":5,"column":0},"end":{"line":5,"column":99}},"4":{"start":{"line":5,"column":76},"end":{"line":5,"column":93}},"5":{"start":{"line":6,"column":0},"end":{"line":6,"column":111}},"6":{"start":{"line":6,"column":82},"end":{"line":6,"column":105}},"7":{"start":{"line":7,"column":0},"end":{"line":7,"column":113}},"8":{"start":{"line":7,"column":83},"end":{"line":7,"column":107}},"9":{"start":{"line":8,"column":0},"end":{"line":8,"column":115}},"10":{"start":{"line":8,"column":84},"end":{"line":8,"column":109}},"11":{"start":{"line":9,"column":0},"end":{"line":9,"column":111}},"12":{"start":{"line":9,"column":82},"end":{"line":9,"column":105}},"13":{"start":{"line":10,"column":0},"end":{"line":10,"column":113}},"14":{"start":{"line":10,"column":83},"end":{"line":10,"column":107}},"15":{"start":{"line":11,"column":0},"end":{"line":11,"column":107}},"16":{"start":{"line":11,"column":80},"end":{"line":11,"column":101}},"17":{"start":{"line":12,"column":0},"end":{"line":12,"column":107}},"18":{"start":{"line":12,"column":80},"end":{"line":12,"column":101}}},"fnMap":{"0":{"name":"(anonymous_0)","decl":{"start":{"line":5,"column":62},"end":{"line":5,"column":63}},"loc":{"start":{"line":5,"column":74},"end":{"line":5,"column":95}},"line":5},"1":{"name":"(anonymous_1)","decl":{"start":{"line":6,"column":68},"end":{"line":6,"column":69}},"loc":{"start":{"line":6,"column":80},"end":{"line":6,"column":107}},"line":6},"2":{"name":"(anonymous_2)","decl":{"start":{"line":7,"column":69},"end":{"line":7,"column":70}},"loc":{"start":{"line":7,"column":81},"end":{"line":7,"column":109}},"line":7},"3":{"name":"(anonymous_3)","decl":{"start":{"line":8,"column":70},"end":{"line":8,"column":71}},"loc":{"start":{"line":8,"column":82},"end":{"line":8,"column":111}},"line":8},"4":{"name":"(anonymous_4)","decl":{"start":{"line":9,"column":68},"end":{"line":9,"column":69}},"loc":{"start":{"line":9,"column":80},"end":{"line":9,"column":107}},"line":9},"5":{"name":"(anonymous_5)","decl":{"start":{"line":10,"column":69},"end":{"line":10,"column":70}},"loc":{"start":{"line":10,"column":81},"end":{"line":10,"column":109}},"line":10},"6":{"name":"(anonymous_6)","decl":{"start":{"line":11,"column":66},"end":{"line":11,"column":67}},"loc":{"start":{"line":11,"column":78},"end":{"line":11,"column":103}},"line":11},"7":{"name":"(anonymous_7)","decl":{"start":{"line":12,"column":66},"end":{"line":12,"column":67}},"loc":{"start":{"line":12,"column":78},"end":{"line":12,"column":103}},"line":12}},"branchMap":{},"s":{"0":1,"1":1,"2":1,"3":1,"4":9,"5":1,"6":3,"7":1,"8":2,"9":1,"10":0,"11":1,"12":2,"13":1,"14":0,"15":1,"16":0,"17":1,"18":37},"f":{"0":9,"1":3,"2":2,"3":0,"4":2,"5":0,"6":0,"7":37},"b":{},"inputSourceMap":{"version":3,"file":"index.js","sourceRoot":"","sources":["../src/index.ts"],"names":[],"mappings":";;;AAAA,+BASgB;AARf,0FAAA,EAAE,OAAA;AACF,gGAAA,QAAQ,OAAA;AACR,iGAAA,SAAS,OAAA;AACT,kGAAA,UAAU,OAAA;AACV,gGAAA,QAAQ,OAAA;AACR,iGAAA,SAAS,OAAA;AACT,8FAAA,MAAM,OAAA;AACN,8FAAA,MAAM,OAAA"},"_coverageSchema":"1a1c01bbd47fc00a2c39e90264f33305004495a9","hash":"210998593828019774c22e0fe6f3f5fdb9bfa09c","contentHash":"a12e55a6271afcd85a87b804903d9fc6e6974116c8b631ebd816a41917602ef7"},"/home/jake/Documents/Code/quyz/test-utils/quyz.ts":{"path":"/home/jake/Documents/Code/quyz/test-utils/quyz.ts","statementMap":{"0":{"start":{"line":2,"column":0},"end":{"line":2,"column":62}},"1":{"start":{"line":3,"column":0},"end":{"line":3,"column":22}},"2":{"start":{"line":4,"column":13},"end":{"line":4,"column":36}},"3":{"start":{"line":5,"column":11},"end":{"line":8,"column":2}},"4":{"start":{"line":9,"column":0},"end":{"line":9,"column":20}}},"fnMap":{},"branchMap":{},"s":{"0":1,"1":1,"2":1,"3":1,"4":1},"f":{},"b":{},"inputSourceMap":{"version":3,"file":"/home/jake/Documents/Code/quyz/test-utils/quyz.ts","sources":["/home/jake/Documents/Code/quyz/test-utils/quyz.ts"],"names":[],"mappings":";;;AAAA,qCAAoC;AAEpC,IAAM,IAAI,GAAG,IAAI,WAAI,CAAC;IACrB,GAAG,EAAE,IAAI;IACT,MAAM,EAAE,KAAK;CACb,CAAC,CAAC;AAEM,oBAAI","sourcesContent":["import { Quyz } from \"../dist/quyz\";\n\nconst quyz = new Quyz({\n\tdev: true,\n\tcolors: false,\n});\n\nexport { quyz };\n"]},"_coverageSchema":"1a1c01bbd47fc00a2c39e90264f33305004495a9","hash":"d04a759c668b56e08c6092b3d157f0de1910f05d","contentHash":"1a6f7e6cb4feeda58f13edf816b459a326915870a397ff401a55195789acfe6c"},"/home/jake/Documents/Code/quyz/test-utils/suites/it/index.ts":{"path":"/home/jake/Documents/Code/quyz/test-utils/suites/it/index.ts","statementMap":{"0":{"start":{"line":2,"column":22},"end":{"line":8,"column":3}},"1":{"start":{"line":3,"column":4},"end":{"line":3,"column":33}},"2":{"start":{"line":3,"column":26},"end":{"line":3,"column":33}},"3":{"start":{"line":4,"column":4},"end":{"line":4,"column":89}},"4":{"start":{"line":4,"column":71},"end":{"line":4,"column":83}},"5":{"start":{"line":6,"column":4},"end":{"line":6,"column":33}},"6":{"start":{"line":6,"column":26},"end":{"line":6,"column":33}},"7":{"start":{"line":7,"column":4},"end":{"line":7,"column":17}},"8":{"start":{"line":9,"column":19},"end":{"line":11,"column":1}},"9":{"start":{"line":10,"column":4},"end":{"line":10,"column":126}},"10":{"start":{"line":10,"column":21},"end":{"line":10,"column":126}},"11":{"start":{"line":10,"column":95},"end":{"line":10,"column":126}},"12":{"start":{"line":12,"column":0},"end":{"line":12,"column":62}},"13":{"start":{"line":13,"column":0},"end":{"line":13,"column":40}}},"fnMap":{"0":{"name":"(anonymous_0)","decl":{"start":{"line":2,"column":74},"end":{"line":2,"column":75}},"loc":{"start":{"line":2,"column":96},"end":{"line":5,"column":1}},"line":2},"1":{"name":"(anonymous_1)","decl":{"start":{"line":4,"column":58},"end":{"line":4,"column":59}},"loc":{"start":{"line":4,"column":69},"end":{"line":4,"column":85}},"line":4},"2":{"name":"(anonymous_2)","decl":{"start":{"line":5,"column":6},"end":{"line":5,"column":7}},"loc":{"start":{"line":5,"column":28},"end":{"line":8,"column":1}},"line":5},"3":{"name":"(anonymous_3)","decl":{"start":{"line":9,"column":50},"end":{"line":9,"column":51}},"loc":{"start":{"line":9,"column":71},"end":{"line":11,"column":1}},"line":9}},"branchMap":{"0":{"loc":{"start":{"line":2,"column":22},"end":{"line":8,"column":3}},"type":"binary-expr","locations":[{"start":{"line":2,"column":23},"end":{"line":2,"column":27}},{"start":{"line":2,"column":31},"end":{"line":2,"column":51}},{"start":{"line":2,"column":57},"end":{"line":8,"column":2}}],"line":2},"1":{"loc":{"start":{"line":2,"column":57},"end":{"line":8,"column":2}},"type":"cond-expr","locations":[{"start":{"line":2,"column":74},"end":{"line":5,"column":1}},{"start":{"line":5,"column":6},"end":{"line":8,"column":1}}],"line":2},"2":{"loc":{"start":{"line":3,"column":4},"end":{"line":3,"column":33}},"type":"if","locations":[{"start":{"line":3,"column":4},"end":{"line":3,"column":33}},{"start":{"line":3,"column":4},"end":{"line":3,"column":33}}],"line":3},"3":{"loc":{"start":{"line":6,"column":4},"end":{"line":6,"column":33}},"type":"if","locations":[{"start":{"line":6,"column":4},"end":{"line":6,"column":33}},{"start":{"line":6,"column":4},"end":{"line":6,"column":33}}],"line":6},"4":{"loc":{"start":{"line":9,"column":19},"end":{"line":11,"column":1}},"type":"binary-expr","locations":[{"start":{"line":9,"column":20},"end":{"line":9,"column":24}},{"start":{"line":9,"column":28},"end":{"line":9,"column":45}},{"start":{"line":9,"column":50},"end":{"line":11,"column":1}}],"line":9},"5":{"loc":{"start":{"line":10,"column":21},"end":{"line":10,"column":126}},"type":"if","locations":[{"start":{"line":10,"column":21},"end":{"line":10,"column":126}},{"start":{"line":10,"column":21},"end":{"line":10,"column":126}}],"line":10},"6":{"loc":{"start":{"line":10,"column":25},"end":{"line":10,"column":93}},"type":"binary-expr","locations":[{"start":{"line":10,"column":25},"end":{"line":10,"column":40}},{"start":{"line":10,"column":44},"end":{"line":10,"column":93}}],"line":10}},"s":{"0":1,"1":1,"2":1,"3":1,"4":1,"5":0,"6":0,"7":0,"8":1,"9":1,"10":1,"11":1,"12":1,"13":1},"f":{"0":1,"1":1,"2":0,"3":1},"b":{"0":[1,1,1],"1":[1,0],"2":[1,0],"3":[0,0],"4":[1,1,1],"5":[1,0],"6":[1,1]},"inputSourceMap":{"version":3,"file":"/home/jake/Documents/Code/quyz/test-utils/suites/it/index.ts","sources":["/home/jake/Documents/Code/quyz/test-utils/suites/it/index.ts"],"names":[],"mappings":";;;;;;;;;;;;AAAA,wCAAsB","sourcesContent":["export * from \"./spy\";\n"]},"_coverageSchema":"1a1c01bbd47fc00a2c39e90264f33305004495a9","hash":"1ab8a777c342c81430c9f87dd6fbb400eb5c2b50","contentHash":"76e1bdf54063e23579200a1fe707990fdf68b0cdb7d4c41dc02d4254d350e381"},"/home/jake/Documents/Code/quyz/test-utils/suites/it/spy.ts":{"path":"/home/jake/Documents/Code/quyz/test-utils/suites/it/spy.ts","statementMap":{"0":{"start":{"line":2,"column":22},"end":{"line":4,"column":1}},"1":{"start":{"line":3,"column":4},"end":{"line":3,"column":62}},"2":{"start":{"line":5,"column":0},"end":{"line":5,"column":62}},"3":{"start":{"line":6,"column":0},"end":{"line":6,"column":21}},"4":{"start":{"line":7,"column":14},"end":{"line":7,"column":47}},"5":{"start":{"line":8,"column":15},"end":{"line":8,"column":49}},"6":{"start":{"line":9,"column":0},"end":{"line":11,"column":3}},"7":{"start":{"line":10,"column":4},"end":{"line":10,"column":56}}},"fnMap":{"0":{"name":"(anonymous_0)","decl":{"start":{"line":2,"column":56},"end":{"line":2,"column":57}},"loc":{"start":{"line":2,"column":71},"end":{"line":4,"column":1}},"line":2},"1":{"name":"(anonymous_1)","decl":{"start":{"line":9,"column":34},"end":{"line":9,"column":35}},"loc":{"start":{"line":9,"column":66},"end":{"line":11,"column":1}},"line":9}},"branchMap":{"0":{"loc":{"start":{"line":2,"column":22},"end":{"line":4,"column":1}},"type":"binary-expr","locations":[{"start":{"line":2,"column":23},"end":{"line":2,"column":27}},{"start":{"line":2,"column":31},"end":{"line":2,"column":51}},{"start":{"line":2,"column":56},"end":{"line":4,"column":1}}],"line":2},"1":{"loc":{"start":{"line":3,"column":11},"end":{"line":3,"column":61}},"type":"cond-expr","locations":[{"start":{"line":3,"column":37},"end":{"line":3,"column":40}},{"start":{"line":3,"column":43},"end":{"line":3,"column":61}}],"line":3},"2":{"loc":{"start":{"line":3,"column":12},"end":{"line":3,"column":33}},"type":"binary-expr","locations":[{"start":{"line":3,"column":12},"end":{"line":3,"column":15}},{"start":{"line":3,"column":19},"end":{"line":3,"column":33}}],"line":3}},"s":{"0":1,"1":2,"2":1,"3":1,"4":1,"5":1,"6":1,"7":3},"f":{"0":2,"1":3},"b":{"0":[1,1,1],"1":[0,2],"2":[2,2]},"inputSourceMap":{"version":3,"file":"/home/jake/Documents/Code/quyz/test-utils/suites/it/spy.ts","sources":["/home/jake/Documents/Code/quyz/test-utils/suites/it/spy.ts"],"names":[],"mappings":";;;;;;AAAA,gDAA0B;AAC1B,kDAA4B;AAEf,QAAA,GAAG,GAAG,eAAK,CAAC,GAAG,CAAC,UAAC,IAAY,EAAE,IAAY,EAAE,QAAgB;IACzE,gBAAM,CAAC,WAAW,CAAC,IAAI,GAAG,IAAI,EAAE,QAAQ,CAAC,CAAC;AAC3C,CAAC,CAAC,CAAC","sourcesContent":["import sinon from \"sinon\";\nimport assert from \"assert\";\n\nexport const add = sinon.spy((num1: number, num2: number, expected: number) => {\n\tassert.strictEqual(num1 + num2, expected);\n});\n"]},"_coverageSchema":"1a1c01bbd47fc00a2c39e90264f33305004495a9","hash":"dae2afaadcc808642831405962897b5be3199e5e","contentHash":"d1d79f7b121dacdd1bda3d53f50571405f105e8080ec34bb8d352969fa6e84c3"},"/home/jake/Documents/Code/quyz/test-utils/suites/describe/describe.ts":{"path":"/home/jake/Documents/Code/quyz/test-utils/suites/describe/describe.ts","statementMap":{"0":{"start":{"line":2,"column":0},"end":{"line":2,"column":62}},"1":{"start":{"line":3,"column":13},"end":{"line":3,"column":34}},"2":{"start":{"line":4,"column":9},"end":{"line":4,"column":23}},"3":{"start":{"line":4,"column":36},"end":{"line":4,"column":56}},"4":{"start":{"line":4,"column":70},"end":{"line":4,"column":91}},"5":{"start":{"line":5,"column":0},"end":{"line":14,"column":3}},"6":{"start":{"line":6,"column":4},"end":{"line":6,"column":38}},"7":{"start":{"line":7,"column":4},"end":{"line":9,"column":7}},"8":{"start":{"line":8,"column":8},"end":{"line":8,"column":42}},"9":{"start":{"line":10,"column":4},"end":{"line":13,"column":7}},"10":{"start":{"line":11,"column":8},"end":{"line":11,"column":35}},"11":{"start":{"line":12,"column":8},"end":{"line":12,"column":46}}},"fnMap":{"0":{"name":"(anonymous_0)","decl":{"start":{"line":5,"column":24},"end":{"line":5,"column":25}},"loc":{"start":{"line":5,"column":36},"end":{"line":14,"column":1}},"line":5},"1":{"name":"(anonymous_1)","decl":{"start":{"line":6,"column":21},"end":{"line":6,"column":22}},"loc":{"start":{"line":6,"column":33},"end":{"line":6,"column":36}},"line":6},"2":{"name":"(anonymous_2)","decl":{"start":{"line":7,"column":29},"end":{"line":7,"column":30}},"loc":{"start":{"line":7,"column":41},"end":{"line":9,"column":5}},"line":7},"3":{"name":"(anonymous_3)","decl":{"start":{"line":8,"column":25},"end":{"line":8,"column":26}},"loc":{"start":{"line":8,"column":37},"end":{"line":8,"column":40}},"line":8},"4":{"name":"(anonymous_4)","decl":{"start":{"line":10,"column":27},"end":{"line":10,"column":28}},"loc":{"start":{"line":10,"column":39},"end":{"line":13,"column":5}},"line":10},"5":{"name":"(anonymous_5)","decl":{"start":{"line":11,"column":18},"end":{"line":11,"column":19}},"loc":{"start":{"line":11,"column":30},"end":{"line":11,"column":33}},"line":11},"6":{"name":"(anonymous_6)","decl":{"start":{"line":12,"column":29},"end":{"line":12,"column":30}},"loc":{"start":{"line":12,"column":41},"end":{"line":12,"column":44}},"line":12}},"branchMap":{},"s":{"0":1,"1":1,"2":1,"3":1,"4":1,"5":1,"6":1,"7":1,"8":1,"9":1,"10":1,"11":1},"f":{"0":1,"1":1,"2":1,"3":1,"4":1,"5":1,"6":1},"b":{},"inputSourceMap":{"version":3,"file":"/home/jake/Documents/Code/quyz/test-utils/suites/describe/describe.ts","sources":["/home/jake/Documents/Code/quyz/test-utils/suites/describe/describe.ts"],"names":[],"mappings":";;AAAA,mCAAkC;AAC1B,IAAA,EAAE,GAA0B,WAAI,GAA9B,EAAE,QAAQ,GAAgB,WAAI,SAApB,EAAE,SAAS,GAAK,WAAI,UAAT,CAAU;AAEzC,QAAQ,CAAC,aAAa,EAAE;IACvB,EAAE,CAAC,YAAY,EAAE,cAAO,CAAC,CAAC,CAAC;IAC3B,QAAQ,CAAC,cAAc,EAAE;QACxB,EAAE,CAAC,YAAY,EAAE,cAAO,CAAC,CAAC,CAAC;IAC5B,CAAC,CAAC,CAAC;IACH,QAAQ,CAAC,YAAY,EAAE;QACtB,SAAS,CAAC,cAAO,CAAC,CAAC,CAAC;QACpB,EAAE,CAAC,gBAAgB,EAAE,cAAO,CAAC,CAAC,CAAC;IAChC,CAAC,CAAC,CAAC;AACJ,CAAC,CAAC,CAAC","sourcesContent":["import { quyz } from \"../../quyz\";\nconst { it, describe, beforeAll } = quyz;\n\ndescribe(\"first group\", () => {\n\tit(\"outer test\", () => {});\n\tdescribe(\"nested group\", () => {\n\t\tit(\"inner test\", () => {});\n\t});\n\tdescribe(\"with hooks\", () => {\n\t\tbeforeAll(() => {});\n\t\tit(\"test with hook\", () => {});\n\t});\n});\n"]},"_coverageSchema":"1a1c01bbd47fc00a2c39e90264f33305004495a9","hash":"1def588f74e0e6d4a63608c69bee4b4245bc31bb","contentHash":"4486726b859e94c9c1b4a3cff1b391c7559e7e87c2b1a527eda92223d09b7180"},"/home/jake/Documents/Code/quyz/test-utils/suites/it/it.ts":{"path":"/home/jake/Documents/Code/quyz/test-utils/suites/it/it.ts","statementMap":{"0":{"start":{"line":2,"column":21},"end":{"line":8,"column":1}},"1":{"start":{"line":3,"column":4},"end":{"line":3,"column":88}},"2":{"start":{"line":3,"column":17},"end":{"line":3,"column":18}},"3":{"start":{"line":3,"column":24},"end":{"line":3,"column":25}},"4":{"start":{"line":3,"column":32},"end":{"line":3,"column":48}},"5":{"start":{"line":3,"column":63},"end":{"line":3,"column":88}},"6":{"start":{"line":4,"column":4},"end":{"line":6,"column":24}},"7":{"start":{"line":4,"column":17},"end":{"line":4,"column":25}},"8":{"start":{"line":4,"column":31},"end":{"line":4,"column":32}},"9":{"start":{"line":4,"column":38},"end":{"line":4,"column":39}},"10":{"start":{"line":5,"column":8},"end":{"line":6,"column":24}},"11":{"start":{"line":5,"column":21},"end":{"line":5,"column":33}},"12":{"start":{"line":5,"column":39},"end":{"line":5,"column":40}},"13":{"start":{"line":5,"column":47},"end":{"line":5,"column":55}},"14":{"start":{"line":6,"column":12},"end":{"line":6,"column":24}},"15":{"start":{"line":7,"column":4},"end":{"line":7,"column":13}},"16":{"start":{"line":9,"column":0},"end":{"line":9,"column":62}},"17":{"start":{"line":10,"column":13},"end":{"line":10,"column":34}},"18":{"start":{"line":11,"column":12},"end":{"line":11,"column":28}},"19":{"start":{"line":12,"column":9},"end":{"line":12,"column":23}},"20":{"start":{"line":13,"column":0},"end":{"line":15,"column":3}},"21":{"start":{"line":14,"column":4},"end":{"line":14,"column":23}},"22":{"start":{"line":16,"column":11},"end":{"line":19,"column":1}},"23":{"start":{"line":20,"column":0},"end":{"line":26,"column":1}},"24":{"start":{"line":20,"column":14},"end":{"line":20,"column":15}},"25":{"start":{"line":20,"column":26},"end":{"line":20,"column":30}},"26":{"start":{"line":21,"column":16},"end":{"line":21,"column":26}},"27":{"start":{"line":22,"column":4},"end":{"line":25,"column":20}},"28":{"start":{"line":22,"column":71},"end":{"line":22,"column":119}},"29":{"start":{"line":24,"column":12},"end":{"line":24,"column":44}}},"fnMap":{"0":{"name":"(anonymous_0)","decl":{"start":{"line":2,"column":54},"end":{"line":2,"column":55}},"loc":{"start":{"line":2,"column":66},"end":{"line":8,"column":1}},"line":2},"1":{"name":"(anonymous_1)","decl":{"start":{"line":13,"column":18},"end":{"line":13,"column":19}},"loc":{"start":{"line":13,"column":30},"end":{"line":15,"column":1}},"line":13},"2":{"name":"(anonymous_2)","decl":{"start":{"line":22,"column":37},"end":{"line":22,"column":38}},"loc":{"start":{"line":22,"column":69},"end":{"line":22,"column":121}},"line":22},"3":{"name":"(anonymous_3)","decl":{"start":{"line":23,"column":8},"end":{"line":23,"column":9}},"loc":{"start":{"line":23,"column":40},"end":{"line":25,"column":9}},"line":23}},"branchMap":{"0":{"loc":{"start":{"line":2,"column":21},"end":{"line":8,"column":1}},"type":"binary-expr","locations":[{"start":{"line":2,"column":22},"end":{"line":2,"column":26}},{"start":{"line":2,"column":30},"end":{"line":2,"column":49}},{"start":{"line":2,"column":54},"end":{"line":8,"column":1}}],"line":2}},"s":{"0":1,"1":2,"2":2,"3":2,"4":2,"5":4,"6":2,"7":2,"8":2,"9":2,"10":4,"11":4,"12":4,"13":4,"14":10,"15":2,"16":1,"17":1,"18":1,"19":1,"20":1,"21":1,"22":1,"23":1,"24":1,"25":1,"26":2,"27":2,"28":2,"29":2},"f":{"0":2,"1":1,"2":2,"3":2},"b":{"0":[1,1,1]},"inputSourceMap":{"version":3,"file":"/home/jake/Documents/Code/quyz/test-utils/suites/it/it.ts","sources":["/home/jake/Documents/Code/quyz/test-utils/suites/it/it.ts"],"names":[],"mappings":";;;;;;;;;AAAA,mCAAkC;AAClC,6BAA4B;AACpB,IAAA,EAAE,GAAK,WAAI,GAAT,CAAU;AAEpB,EAAE,CAAC,aAAa,EAAE;IACjB,SAAG,CAAC,CAAC,EAAE,CAAC,EAAE,CAAC,CAAC,CAAC;AACd,CAAC,CAAC,CAAC;AAEH,IAAM,IAAI,GAAG;IACZ,CAAC,CAAC,EAAE,CAAC,EAAE,CAAC,CAAC;IACT,CAAC,CAAC,EAAE,CAAC,EAAE,CAAC,CAAC;CACT,CAAC;AAEF,KAAoB,UAAI,EAAJ,aAAI,EAAJ,kBAAI,EAAJ,IAAI,EAAE;IAArB,IAAM,KAAK,aAAA;IACf,EAAE,+BACD,UAAC,IAAI,EAAE,IAAI,EAAE,QAAQ,IAAK,OAAG,IAAI,WAAM,IAAI,aAAQ,QAAU,EAAnC,CAAmC;QAC7D,UAAC,IAAI,EAAE,IAAI,EAAE,QAAQ;YACpB,SAAG,CAAC,IAAI,EAAE,IAAI,EAAE,QAAQ,CAAC,CAAC;QAC3B,CAAC,GACE,KAAK,GACP;CACF","sourcesContent":["import { quyz } from \"../../quyz\";\nimport { add } from \"./spy\";\nconst { it } = quyz;\n\nit(\"1 + 1 === 2\", () => {\n\tadd(1, 1, 2);\n});\n\nconst data = [\n\t[1, 1, 2],\n\t[3, 3, 6],\n];\n\nfor (const datum of data) {\n\tit(\n\t\t(num1, num2, expected) => `${num1} + ${num2} === ${expected}`,\n\t\t(num1, num2, expected) => {\n\t\t\tadd(num1, num2, expected);\n\t\t},\n\t\t...datum\n\t);\n}\n"]},"_coverageSchema":"1a1c01bbd47fc00a2c39e90264f33305004495a9","hash":"0abcf1d5d5314b7e9f85ea350c4777c155780492","contentHash":"fca7b38d2616b5f55620c9c4087d9888b0ad977f142954d32fdbb51e0a671b15"}}