{"/home/jake/Documents/Code/quyz/quyz.js":{"path":"/home/jake/Documents/Code/quyz/quyz.js","statementMap":{"0":{"start":{"line":2,"column":22},"end":{"line":2,"column":44}},"1":{"start":{"line":4,"column":0},"end":{"line":4,"column":20}}},"fnMap":{},"branchMap":{},"s":{"0":1,"1":1},"f":{},"b":{},"_coverageSchema":"1a1c01bbd47fc00a2c39e90264f33305004495a9","hash":"c6fa352fd7691ee9e444e826603024b8b396846b","contentHash":"0b8124ae4bff8c04948fdd78532f7c3d23dd01470b3931ed8d7f0d4d397b3a61"},"/home/jake/Documents/Code/quyz/dist/quyz.js":{"path":"/home/jake/Documents/Code/quyz/dist/quyz.js","statementMap":{"0":{"start":{"line":2,"column":21},"end":{"line":8,"column":1}},"1":{"start":{"line":3,"column":4},"end":{"line":3,"column":88}},"2":{"start":{"line":3,"column":17},"end":{"line":3,"column":18}},"3":{"start":{"line":3,"column":24},"end":{"line":3,"column":25}},"4":{"start":{"line":3,"column":32},"end":{"line":3,"column":48}},"5":{"start":{"line":3,"column":63},"end":{"line":3,"column":88}},"6":{"start":{"line":4,"column":4},"end":{"line":6,"column":24}},"7":{"start":{"line":4,"column":17},"end":{"line":4,"column":25}},"8":{"start":{"line":4,"column":31},"end":{"line":4,"column":32}},"9":{"start":{"line":4,"column":38},"end":{"line":4,"column":39}},"10":{"start":{"line":5,"column":8},"end":{"line":6,"column":24}},"11":{"start":{"line":5,"column":21},"end":{"line":5,"column":33}},"12":{"start":{"line":5,"column":39},"end":{"line":5,"column":40}},"13":{"start":{"line":5,"column":47},"end":{"line":5,"column":55}},"14":{"start":{"line":6,"column":12},"end":{"line":6,"column":24}},"15":{"start":{"line":7,"column":4},"end":{"line":7,"column":13}},"16":{"start":{"line":9,"column":22},"end":{"line":11,"column":1}},"17":{"start":{"line":10,"column":4},"end":{"line":10,"column":62}},"18":{"start":{"line":12,"column":0},"end":{"line":12,"column":62}},"19":{"start":{"line":13,"column":0},"end":{"line":13,"column":188}},"20":{"start":{"line":14,"column":19},"end":{"line":14,"column":59}},"21":{"start":{"line":15,"column":18},"end":{"line":15,"column":57}},"22":{"start":{"line":16,"column":15},"end":{"line":16,"column":51}},"23":{"start":{"line":17,"column":12},"end":{"line":17,"column":45}},"24":{"start":{"line":18,"column":14},"end":{"line":18,"column":32}},"25":{"start":{"line":19,"column":15},"end":{"line":19,"column":49}},"26":{"start":{"line":20,"column":26},"end":{"line":82,"column":3}},"27":{"start":{"line":22,"column":20},"end":{"line":22,"column":24}},"28":{"start":{"line":23,"column":8},"end":{"line":23,"column":46}},"29":{"start":{"line":24,"column":8},"end":{"line":26,"column":10}},"30":{"start":{"line":25,"column":12},"end":{"line":25,"column":58}},"31":{"start":{"line":27,"column":8},"end":{"line":29,"column":10}},"32":{"start":{"line":28,"column":12},"end":{"line":28,"column":57}},"33":{"start":{"line":30,"column":8},"end":{"line":32,"column":10}},"34":{"start":{"line":31,"column":12},"end":{"line":31,"column":57}},"35":{"start":{"line":33,"column":8},"end":{"line":35,"column":10}},"36":{"start":{"line":34,"column":12},"end":{"line":34,"column":56}},"37":{"start":{"line":36,"column":8},"end":{"line":41,"column":10}},"38":{"start":{"line":37,"column":12},"end":{"line":40,"column":15}},"39":{"start":{"line":42,"column":8},"end":{"line":53,"column":10}},"40":{"start":{"line":43,"column":23},"end":{"line":43,"column":25}},"41":{"start":{"line":44,"column":12},"end":{"line":46,"column":13}},"42":{"start":{"line":44,"column":26},"end":{"line":44,"column":27}},"43":{"start":{"line":45,"column":16},"end":{"line":45,"column":45}},"44":{"start":{"line":47,"column":12},"end":{"line":52,"column":15}},"45":{"start":{"line":54,"column":8},"end":{"line":72,"column":10}},"46":{"start":{"line":55,"column":23},"end":{"line":55,"column":25}},"47":{"start":{"line":56,"column":12},"end":{"line":58,"column":13}},"48":{"start":{"line":56,"column":26},"end":{"line":56,"column":27}},"49":{"start":{"line":57,"column":16},"end":{"line":57,"column":45}},"50":{"start":{"line":59,"column":12},"end":{"line":63,"column":15}},"51":{"start":{"line":64,"column":12},"end":{"line":68,"column":15}},"52":{"start":{"line":69,"column":12},"end":{"line":71,"column":15}},"53":{"start":{"line":73,"column":8},"end":{"line":73,"column":41}},"54":{"start":{"line":74,"column":8},"end":{"line":74,"column":66}},"55":{"start":{"line":75,"column":8},"end":{"line":75,"column":60}},"56":{"start":{"line":76,"column":8},"end":{"line":76,"column":79}},"57":{"start":{"line":77,"column":8},"end":{"line":79,"column":9}},"58":{"start":{"line":78,"column":12},"end":{"line":78,"column":70}},"59":{"start":{"line":81,"column":4},"end":{"line":81,"column":16}},"60":{"start":{"line":83,"column":0},"end":{"line":83,"column":20}},"61":{"start":{"line":84,"column":11},"end":{"line":84,"column":21}},"62":{"start":{"line":85,"column":9},"end":{"line":85,"column":16}},"63":{"start":{"line":85,"column":29},"end":{"line":85,"column":42}},"64":{"start":{"line":85,"column":56},"end":{"line":85,"column":70}},"65":{"start":{"line":85,"column":85},"end":{"line":85,"column":100}},"66":{"start":{"line":85,"column":113},"end":{"line":85,"column":126}},"67":{"start":{"line":85,"column":140},"end":{"line":85,"column":154}},"68":{"start":{"line":85,"column":165},"end":{"line":85,"column":176}},"69":{"start":{"line":85,"column":187},"end":{"line":85,"column":198}},"70":{"start":{"line":85,"column":212},"end":{"line":85,"column":226}},"71":{"start":{"line":86,"column":0},"end":{"line":86,"column":16}},"72":{"start":{"line":87,"column":0},"end":{"line":87,"column":28}},"73":{"start":{"line":88,"column":0},"end":{"line":88,"column":30}},"74":{"start":{"line":89,"column":0},"end":{"line":89,"column":32}},"75":{"start":{"line":90,"column":0},"end":{"line":90,"column":28}},"76":{"start":{"line":91,"column":0},"end":{"line":91,"column":30}},"77":{"start":{"line":92,"column":0},"end":{"line":92,"column":24}},"78":{"start":{"line":93,"column":0},"end":{"line":93,"column":24}},"79":{"start":{"line":94,"column":0},"end":{"line":94,"column":30}}},"fnMap":{"0":{"name":"(anonymous_0)","decl":{"start":{"line":2,"column":54},"end":{"line":2,"column":55}},"loc":{"start":{"line":2,"column":66},"end":{"line":8,"column":1}},"line":2},"1":{"name":"(anonymous_1)","decl":{"start":{"line":9,"column":56},"end":{"line":9,"column":57}},"loc":{"start":{"line":9,"column":71},"end":{"line":11,"column":1}},"line":9},"2":{"name":"(anonymous_2)","decl":{"start":{"line":20,"column":26},"end":{"line":20,"column":27}},"loc":{"start":{"line":20,"column":38},"end":{"line":82,"column":1}},"line":20},"3":{"name":"Quyz","decl":{"start":{"line":21,"column":13},"end":{"line":21,"column":17}},"loc":{"start":{"line":21,"column":33},"end":{"line":80,"column":5}},"line":21},"4":{"name":"(anonymous_4)","decl":{"start":{"line":24,"column":26},"end":{"line":24,"column":27}},"loc":{"start":{"line":24,"column":40},"end":{"line":26,"column":9}},"line":24},"5":{"name":"(anonymous_5)","decl":{"start":{"line":27,"column":25},"end":{"line":27,"column":26}},"loc":{"start":{"line":27,"column":39},"end":{"line":29,"column":9}},"line":27},"6":{"name":"(anonymous_6)","decl":{"start":{"line":30,"column":25},"end":{"line":30,"column":26}},"loc":{"start":{"line":30,"column":39},"end":{"line":32,"column":9}},"line":30},"7":{"name":"(anonymous_7)","decl":{"start":{"line":33,"column":24},"end":{"line":33,"column":25}},"loc":{"start":{"line":33,"column":38},"end":{"line":35,"column":9}},"line":33},"8":{"name":"(anonymous_8)","decl":{"start":{"line":36,"column":22},"end":{"line":36,"column":23}},"loc":{"start":{"line":36,"column":36},"end":{"line":41,"column":9}},"line":36},"9":{"name":"(anonymous_9)","decl":{"start":{"line":42,"column":18},"end":{"line":42,"column":19}},"loc":{"start":{"line":42,"column":39},"end":{"line":53,"column":9}},"line":42},"10":{"name":"(anonymous_10)","decl":{"start":{"line":54,"column":24},"end":{"line":54,"column":25}},"loc":{"start":{"line":54,"column":45},"end":{"line":72,"column":9}},"line":54}},"branchMap":{"0":{"loc":{"start":{"line":2,"column":21},"end":{"line":8,"column":1}},"type":"binary-expr","locations":[{"start":{"line":2,"column":22},"end":{"line":2,"column":26}},{"start":{"line":2,"column":30},"end":{"line":2,"column":49}},{"start":{"line":2,"column":54},"end":{"line":8,"column":1}}],"line":2},"1":{"loc":{"start":{"line":9,"column":22},"end":{"line":11,"column":1}},"type":"binary-expr","locations":[{"start":{"line":9,"column":23},"end":{"line":9,"column":27}},{"start":{"line":9,"column":31},"end":{"line":9,"column":51}},{"start":{"line":9,"column":56},"end":{"line":11,"column":1}}],"line":9},"2":{"loc":{"start":{"line":10,"column":11},"end":{"line":10,"column":61}},"type":"cond-expr","locations":[{"start":{"line":10,"column":37},"end":{"line":10,"column":40}},{"start":{"line":10,"column":43},"end":{"line":10,"column":61}}],"line":10},"3":{"loc":{"start":{"line":10,"column":12},"end":{"line":10,"column":33}},"type":"binary-expr","locations":[{"start":{"line":10,"column":12},"end":{"line":10,"column":15}},{"start":{"line":10,"column":19},"end":{"line":10,"column":33}}],"line":10},"4":{"loc":{"start":{"line":77,"column":8},"end":{"line":79,"column":9}},"type":"if","locations":[{"start":{"line":77,"column":8},"end":{"line":79,"column":9}},{"start":{"line":77,"column":8},"end":{"line":79,"column":9}}],"line":77}},"s":{"0":1,"1":54,"2":54,"3":54,"4":54,"5":108,"6":54,"7":54,"8":54,"9":54,"10":108,"11":108,"12":108,"13":108,"14":60,"15":54,"16":1,"17":5,"18":1,"19":1,"20":1,"21":1,"22":1,"23":1,"24":1,"25":1,"26":1,"27":32,"28":32,"29":32,"30":1,"31":32,"32":4,"33":32,"34":2,"35":32,"36":2,"37":32,"38":1,"39":32,"40":35,"41":35,"42":35,"43":5,"44":35,"45":32,"46":19,"47":19,"48":19,"49":1,"50":19,"51":19,"52":19,"53":32,"54":32,"55":10,"56":10,"57":10,"58":2,"59":1,"60":1,"61":1,"62":1,"63":1,"64":1,"65":1,"66":1,"67":1,"68":1,"69":1,"70":1,"71":1,"72":1,"73":1,"74":1,"75":1,"76":1,"77":1,"78":1,"79":1},"f":{"0":54,"1":5,"2":1,"3":32,"4":1,"5":4,"6":2,"7":2,"8":1,"9":35,"10":19},"b":{"0":[1,1,1],"1":[1,1,1],"2":[4,1],"3":[5,5],"4":[2,8]},"inputSourceMap":{"version":3,"file":"quyz.js","sourceRoot":"","sources":["../src/quyz.ts"],"names":[],"mappings":";;;;;;;;;;;;;AAAA,4DAAsC;AACtC,0DAAoC;AACpC,oDAA8B;AAC9B,8CAAwB;AACxB,iCAAsC;AAEtC,kDAAgC;AAEhC;IAMC,cAAY,aAAsC;QAAlD,iBAQC;QAEM,WAAM,GAAG,gBAAU,CAAC,MAAM,CAAC;QAE3B,eAAU,GAAG,UAAC,EAAa;YACjC,KAAI,CAAC,MAAM,CAAC,cAAc,CAAC,YAAY,EAAE,EAAE,CAAC,CAAC;QAC9C,CAAC,CAAC;QAEK,cAAS,GAAG,UAAC,EAAa;YAChC,KAAI,CAAC,MAAM,CAAC,cAAc,CAAC,WAAW,EAAE,EAAE,CAAC,CAAC;QAC7C,CAAC,CAAC;QAEK,cAAS,GAAG,UAAC,EAAa;YAChC,KAAI,CAAC,MAAM,CAAC,cAAc,CAAC,WAAW,EAAE,EAAE,CAAC,CAAC;QAC7C,CAAC,CAAC;QAEK,aAAQ,GAAG,UAAC,EAAa;YAC/B,KAAI,CAAC,MAAM,CAAC,cAAc,CAAC,UAAU,EAAE,EAAE,CAAC,CAAC;QAC5C,CAAC,CAAC;QAEK,WAAM,GAAG,UAAC,EAAS;YACzB,KAAI,CAAC,MAAM,CAAC,UAAU,CAAC;gBACtB,IAAI,EAAE,QAAQ;gBACd,EAAE,IAAA;aACF,CAAC,CAAC;QACJ,CAAC,CAAC;QAEK,OAAE,GAAG,UACX,KAAe,EACf,EAAc;YACd,cAAU;iBAAV,UAAU,EAAV,qBAAU,EAAV,IAAU;gBAAV,6BAAU;;YAEV,KAAI,CAAC,MAAM,CAAC,UAAU,CAAC;gBACtB,IAAI,EAAE,IAAI;gBACV,KAAK,EAAE,mBAAW,+BAAC,KAAK,GAAK,IAAI,EAAC;gBAClC,EAAE,IAAA;gBACF,IAAI,MAAA;aACJ,CAAC,CAAC;QACJ,CAAC,CAAC;QAEK,aAAQ,GAAG,UACjB,KAAe,EACf,EAAwB;YACxB,cAAU;iBAAV,UAAU,EAAV,qBAAU,EAAV,IAAU;gBAAV,6BAAU;;YAEV,KAAI,CAAC,MAAM,CAAC,UAAU,CAAC;gBACtB,IAAI,EAAE,gBAAgB;gBACtB,KAAK,EAAE,mBAAW,+BAAC,KAAK,GAAK,IAAI,EAAC;gBAClC,KAAK,EAAE,EAAE;aACT,CAAC,CAAC;YAEH,KAAI,CAAC,MAAM,CAAC,UAAU,CAAC;gBACtB,IAAI,EAAE,UAAU;gBAChB,EAAE,EAAE,EAAE,CAAC,IAAI,CAAC,KAAI,CAAC;gBACjB,IAAI,MAAA;aACJ,CAAC,CAAC;YAEH,KAAI,CAAC,MAAM,CAAC,UAAU,CAAC;gBACtB,IAAI,EAAE,cAAc;aACpB,CAAC,CAAC;QACJ,CAAC,CAAC;QAnED,OAAO,CAAC,GAAG,CAAC,UAAU,CAAC,GAAG,MAAM,CAAC;QACjC,IAAI,CAAC,UAAU,GAAG,IAAI,oBAAU,CAAC,aAAa,CAAC,CAAC;QAChD,IAAI,CAAC,MAAM,GAAG,IAAI,gBAAM,CAAC,IAAI,CAAC,UAAU,CAAC,CAAC;QAC1C,IAAI,CAAC,SAAS,GAAG,IAAI,mBAAS,CAAC,IAAI,CAAC,MAAM,EAAE,IAAI,CAAC,UAAU,CAAC,CAAC;QAC7D,IAAI,IAAI,CAAC,UAAU,CAAC,MAAM,CAAC,GAAG,EAAE;YAC/B,IAAI,CAAC,GAAG,GAAG,IAAI,aAAG,CAAC,IAAI,CAAC,MAAM,EAAE,IAAI,CAAC,SAAS,CAAC,CAAC;SAChD;IACF,CAAC;IA6DF,WAAC;AAAD,CAAC,AA3ED,IA2EC;AA0BA,oBAAI;AAxBL,IAAM,IAAI,GAAG,IAAI,IAAI,EAAE,CAAC;AAGvB,IAAA,EAAE,GASC,IAAI,GATL,EACF,QAAQ,GAQL,IAAI,SARC,EACR,SAAS,GAON,IAAI,UAPE,EACT,UAAU,GAMP,IAAI,WANG,EACV,QAAQ,GAKL,IAAI,SALC,EACR,SAAS,GAIN,IAAI,UAJE,EACT,MAAM,GAGH,IAAI,OAHD,EACN,MAAM,GAEH,IAAI,OAFD,EACN,SAAS,GACN,IAAI,UADE,CACD;AAGR,gBAAE;AACF,4BAAQ;AACR,8BAAS;AACT,gCAAU;AACV,4BAAQ;AACR,8BAAS;AACT,wBAAM;AACN,wBAAM;AACN,8BAAS"},"_coverageSchema":"1a1c01bbd47fc00a2c39e90264f33305004495a9","hash":"5d006cdf59df02af2a8871ccae9a7d54475dbcf3","contentHash":"ec71ee222e3486890eefdf7da3bfe3c954a85a888fd1894dda4210740c7aa87d"},"/home/jake/Documents/Code/quyz/dist/configurer.js":{"path":"/home/jake/Documents/Code/quyz/dist/configurer.js","statementMap":{"0":{"start":{"line":2,"column":22},"end":{"line":4,"column":1}},"1":{"start":{"line":3,"column":4},"end":{"line":3,"column":62}},"2":{"start":{"line":5,"column":0},"end":{"line":5,"column":62}},"3":{"start":{"line":6,"column":14},"end":{"line":6,"column":32}},"4":{"start":{"line":7,"column":11},"end":{"line":7,"column":41}},"5":{"start":{"line":8,"column":13},"end":{"line":8,"column":45}},"6":{"start":{"line":9,"column":14},"end":{"line":9,"column":32}},"7":{"start":{"line":10,"column":32},"end":{"line":139,"column":3}},"8":{"start":{"line":12,"column":20},"end":{"line":12,"column":24}},"9":{"start":{"line":13,"column":8},"end":{"line":22,"column":10}},"10":{"start":{"line":23,"column":8},"end":{"line":27,"column":10}},"11":{"start":{"line":24,"column":12},"end":{"line":24,"column":42}},"12":{"start":{"line":25,"column":12},"end":{"line":25,"column":43}},"13":{"start":{"line":26,"column":12},"end":{"line":26,"column":82}},"14":{"start":{"line":28,"column":8},"end":{"line":35,"column":10}},"15":{"start":{"line":29,"column":31},"end":{"line":29,"column":88}},"16":{"start":{"line":30,"column":31},"end":{"line":30,"column":68}},"17":{"start":{"line":31,"column":12},"end":{"line":34,"column":13}},"18":{"start":{"line":32,"column":37},"end":{"line":32,"column":58}},"19":{"start":{"line":33,"column":16},"end":{"line":33,"column":50}},"20":{"start":{"line":36,"column":8},"end":{"line":49,"column":10}},"21":{"start":{"line":37,"column":12},"end":{"line":38,"column":23}},"22":{"start":{"line":38,"column":16},"end":{"line":38,"column":23}},"23":{"start":{"line":39,"column":12},"end":{"line":48,"column":13}},"24":{"start":{"line":39,"column":26},"end":{"line":39,"column":27}},"25":{"start":{"line":39,"column":34},"end":{"line":39,"column":48}},"26":{"start":{"line":40,"column":37},"end":{"line":40,"column":43}},"27":{"start":{"line":41,"column":16},"end":{"line":47,"column":17}},"28":{"start":{"line":43,"column":20},"end":{"line":43,"column":44}},"29":{"start":{"line":46,"column":20},"end":{"line":46,"column":104}},"30":{"start":{"line":50,"column":8},"end":{"line":128,"column":10}},"31":{"start":{"line":51,"column":25},"end":{"line":55,"column":13}},"32":{"start":{"line":52,"column":16},"end":{"line":54,"column":17}},"33":{"start":{"line":53,"column":20},"end":{"line":53,"column":137}},"34":{"start":{"line":56,"column":28},"end":{"line":72,"column":13}},"35":{"start":{"line":57,"column":30},"end":{"line":59,"column":17}},"36":{"start":{"line":58,"column":20},"end":{"line":58,"column":135}},"37":{"start":{"line":60,"column":16},"end":{"line":61,"column":27}},"38":{"start":{"line":61,"column":20},"end":{"line":61,"column":27}},"39":{"start":{"line":62,"column":16},"end":{"line":71,"column":17}},"40":{"start":{"line":63,"column":20},"end":{"line":63,"column":67}},"41":{"start":{"line":66,"column":20},"end":{"line":70,"column":21}},"42":{"start":{"line":66,"column":33},"end":{"line":66,"column":34}},"43":{"start":{"line":67,"column":24},"end":{"line":69,"column":25}},"44":{"start":{"line":68,"column":28},"end":{"line":68,"column":76}},"45":{"start":{"line":73,"column":29},"end":{"line":78,"column":13}},"46":{"start":{"line":74,"column":16},"end":{"line":77,"column":17}},"47":{"start":{"line":75,"column":20},"end":{"line":75,"column":62}},"48":{"start":{"line":76,"column":20},"end":{"line":76,"column":71}},"49":{"start":{"line":79,"column":28},"end":{"line":84,"column":13}},"50":{"start":{"line":80,"column":16},"end":{"line":80,"column":55}},"51":{"start":{"line":81,"column":29},"end":{"line":81,"column":58}},"52":{"start":{"line":82,"column":16},"end":{"line":83,"column":71}},"53":{"start":{"line":83,"column":20},"end":{"line":83,"column":71}},"54":{"start":{"line":85,"column":12},"end":{"line":85,"column":59}},"55":{"start":{"line":86,"column":12},"end":{"line":86,"column":55}},"56":{"start":{"line":87,"column":12},"end":{"line":87,"column":54}},"57":{"start":{"line":88,"column":12},"end":{"line":88,"column":65}},"58":{"start":{"line":89,"column":12},"end":{"line":89,"column":71}},"59":{"start":{"line":90,"column":12},"end":{"line":90,"column":49}},"60":{"start":{"line":91,"column":28},"end":{"line":91,"column":44}},"61":{"start":{"line":92,"column":12},"end":{"line":93,"column":23}},"62":{"start":{"line":93,"column":16},"end":{"line":93,"column":23}},"63":{"start":{"line":94,"column":12},"end":{"line":127,"column":13}},"64":{"start":{"line":96,"column":38},"end":{"line":96,"column":90}},"65":{"start":{"line":97,"column":16},"end":{"line":97,"column":78}},"66":{"start":{"line":98,"column":16},"end":{"line":98,"column":72}},"67":{"start":{"line":99,"column":16},"end":{"line":99,"column":80}},"68":{"start":{"line":100,"column":16},"end":{"line":100,"column":72}},"69":{"start":{"line":101,"column":16},"end":{"line":101,"column":111}},"70":{"start":{"line":102,"column":16},"end":{"line":108,"column":17}},"71":{"start":{"line":102,"column":29},"end":{"line":102,"column":30}},"72":{"start":{"line":103,"column":34},"end":{"line":103,"column":52}},"73":{"start":{"line":104,"column":20},"end":{"line":104,"column":76}},"74":{"start":{"line":105,"column":20},"end":{"line":107,"column":21}},"75":{"start":{"line":106,"column":24},"end":{"line":106,"column":135}},"76":{"start":{"line":110,"column":17},"end":{"line":127,"column":13}},"77":{"start":{"line":111,"column":16},"end":{"line":111,"column":67}},"78":{"start":{"line":112,"column":16},"end":{"line":114,"column":17}},"79":{"start":{"line":113,"column":20},"end":{"line":113,"column":125}},"80":{"start":{"line":116,"column":17},"end":{"line":127,"column":13}},"81":{"start":{"line":118,"column":16},"end":{"line":118,"column":117}},"82":{"start":{"line":119,"column":16},"end":{"line":119,"column":78}},"83":{"start":{"line":120,"column":16},"end":{"line":123,"column":17}},"84":{"start":{"line":120,"column":30},"end":{"line":120,"column":31}},"85":{"start":{"line":120,"column":38},"end":{"line":120,"column":56}},"86":{"start":{"line":121,"column":36},"end":{"line":121,"column":42}},"87":{"start":{"line":122,"column":20},"end":{"line":122,"column":111}},"88":{"start":{"line":125,"column":17},"end":{"line":127,"column":13}},"89":{"start":{"line":126,"column":16},"end":{"line":126,"column":133}},"90":{"start":{"line":129,"column":8},"end":{"line":129,"column":48}},"91":{"start":{"line":130,"column":8},"end":{"line":135,"column":9}},"92":{"start":{"line":131,"column":12},"end":{"line":131,"column":38}},"93":{"start":{"line":134,"column":12},"end":{"line":134,"column":30}},"94":{"start":{"line":136,"column":8},"end":{"line":136,"column":63}},"95":{"start":{"line":138,"column":4},"end":{"line":138,"column":22}},"96":{"start":{"line":140,"column":0},"end":{"line":140,"column":29}}},"fnMap":{"0":{"name":"(anonymous_0)","decl":{"start":{"line":2,"column":56},"end":{"line":2,"column":57}},"loc":{"start":{"line":2,"column":71},"end":{"line":4,"column":1}},"line":2},"1":{"name":"(anonymous_1)","decl":{"start":{"line":10,"column":32},"end":{"line":10,"column":33}},"loc":{"start":{"line":10,"column":44},"end":{"line":139,"column":1}},"line":10},"2":{"name":"Configurer","decl":{"start":{"line":11,"column":13},"end":{"line":11,"column":23}},"loc":{"start":{"line":11,"column":33},"end":{"line":137,"column":5}},"line":11},"3":{"name":"(anonymous_3)","decl":{"start":{"line":23,"column":27},"end":{"line":23,"column":28}},"loc":{"start":{"line":23,"column":46},"end":{"line":27,"column":9}},"line":23},"4":{"name":"(anonymous_4)","decl":{"start":{"line":28,"column":26},"end":{"line":28,"column":27}},"loc":{"start":{"line":28,"column":38},"end":{"line":35,"column":9}},"line":28},"5":{"name":"(anonymous_5)","decl":{"start":{"line":36,"column":31},"end":{"line":36,"column":32}},"loc":{"start":{"line":36,"column":49},"end":{"line":49,"column":9}},"line":36},"6":{"name":"(anonymous_6)","decl":{"start":{"line":50,"column":30},"end":{"line":50,"column":31}},"loc":{"start":{"line":50,"column":48},"end":{"line":128,"column":9}},"line":50},"7":{"name":"(anonymous_7)","decl":{"start":{"line":51,"column":25},"end":{"line":51,"column":26}},"loc":{"start":{"line":51,"column":58},"end":{"line":55,"column":13}},"line":51},"8":{"name":"(anonymous_8)","decl":{"start":{"line":56,"column":28},"end":{"line":56,"column":29}},"loc":{"start":{"line":56,"column":55},"end":{"line":72,"column":13}},"line":56},"9":{"name":"(anonymous_9)","decl":{"start":{"line":57,"column":30},"end":{"line":57,"column":31}},"loc":{"start":{"line":57,"column":47},"end":{"line":59,"column":17}},"line":57},"10":{"name":"(anonymous_10)","decl":{"start":{"line":73,"column":29},"end":{"line":73,"column":30}},"loc":{"start":{"line":73,"column":65},"end":{"line":78,"column":13}},"line":73},"11":{"name":"(anonymous_11)","decl":{"start":{"line":79,"column":28},"end":{"line":79,"column":29}},"loc":{"start":{"line":79,"column":65},"end":{"line":84,"column":13}},"line":79}},"branchMap":{"0":{"loc":{"start":{"line":2,"column":22},"end":{"line":4,"column":1}},"type":"binary-expr","locations":[{"start":{"line":2,"column":23},"end":{"line":2,"column":27}},{"start":{"line":2,"column":31},"end":{"line":2,"column":51}},{"start":{"line":2,"column":56},"end":{"line":4,"column":1}}],"line":2},"1":{"loc":{"start":{"line":3,"column":11},"end":{"line":3,"column":61}},"type":"cond-expr","locations":[{"start":{"line":3,"column":37},"end":{"line":3,"column":40}},{"start":{"line":3,"column":43},"end":{"line":3,"column":61}}],"line":3},"2":{"loc":{"start":{"line":3,"column":12},"end":{"line":3,"column":33}},"type":"binary-expr","locations":[{"start":{"line":3,"column":12},"end":{"line":3,"column":15}},{"start":{"line":3,"column":19},"end":{"line":3,"column":33}}],"line":3},"3":{"loc":{"start":{"line":31,"column":12},"end":{"line":34,"column":13}},"type":"if","locations":[{"start":{"line":31,"column":12},"end":{"line":34,"column":13}},{"start":{"line":31,"column":12},"end":{"line":34,"column":13}}],"line":31},"4":{"loc":{"start":{"line":37,"column":12},"end":{"line":38,"column":23}},"type":"if","locations":[{"start":{"line":37,"column":12},"end":{"line":38,"column":23}},{"start":{"line":37,"column":12},"end":{"line":38,"column":23}}],"line":37},"5":{"loc":{"start":{"line":52,"column":16},"end":{"line":54,"column":17}},"type":"if","locations":[{"start":{"line":52,"column":16},"end":{"line":54,"column":17}},{"start":{"line":52,"column":16},"end":{"line":54,"column":17}}],"line":52},"6":{"loc":{"start":{"line":52,"column":20},"end":{"line":52,"column":46}},"type":"binary-expr","locations":[{"start":{"line":52,"column":20},"end":{"line":52,"column":23}},{"start":{"line":52,"column":27},"end":{"line":52,"column":46}}],"line":52},"7":{"loc":{"start":{"line":58,"column":76},"end":{"line":58,"column":98}},"type":"cond-expr","locations":[{"start":{"line":58,"column":84},"end":{"line":58,"column":91}},{"start":{"line":58,"column":94},"end":{"line":58,"column":98}}],"line":58},"8":{"loc":{"start":{"line":60,"column":16},"end":{"line":61,"column":27}},"type":"if","locations":[{"start":{"line":60,"column":16},"end":{"line":61,"column":27}},{"start":{"line":60,"column":16},"end":{"line":61,"column":27}}],"line":60},"9":{"loc":{"start":{"line":62,"column":16},"end":{"line":71,"column":17}},"type":"if","locations":[{"start":{"line":62,"column":16},"end":{"line":71,"column":17}},{"start":{"line":62,"column":16},"end":{"line":71,"column":17}}],"line":62},"10":{"loc":{"start":{"line":67,"column":24},"end":{"line":69,"column":25}},"type":"if","locations":[{"start":{"line":67,"column":24},"end":{"line":69,"column":25}},{"start":{"line":67,"column":24},"end":{"line":69,"column":25}}],"line":67},"11":{"loc":{"start":{"line":74,"column":16},"end":{"line":77,"column":17}},"type":"if","locations":[{"start":{"line":74,"column":16},"end":{"line":77,"column":17}},{"start":{"line":74,"column":16},"end":{"line":77,"column":17}}],"line":74},"12":{"loc":{"start":{"line":74,"column":20},"end":{"line":74,"column":53}},"type":"binary-expr","locations":[{"start":{"line":74,"column":20},"end":{"line":74,"column":37}},{"start":{"line":74,"column":41},"end":{"line":74,"column":53}}],"line":74},"13":{"loc":{"start":{"line":75,"column":30},"end":{"line":75,"column":61}},"type":"binary-expr","locations":[{"start":{"line":75,"column":30},"end":{"line":75,"column":37}},{"start":{"line":75,"column":41},"end":{"line":75,"column":61}}],"line":75},"14":{"loc":{"start":{"line":80,"column":26},"end":{"line":80,"column":54}},"type":"binary-expr","locations":[{"start":{"line":80,"column":26},"end":{"line":80,"column":33}},{"start":{"line":80,"column":37},"end":{"line":80,"column":54}}],"line":80},"15":{"loc":{"start":{"line":82,"column":16},"end":{"line":83,"column":71}},"type":"if","locations":[{"start":{"line":82,"column":16},"end":{"line":83,"column":71}},{"start":{"line":82,"column":16},"end":{"line":83,"column":71}}],"line":82},"16":{"loc":{"start":{"line":92,"column":12},"end":{"line":93,"column":23}},"type":"if","locations":[{"start":{"line":92,"column":12},"end":{"line":93,"column":23}},{"start":{"line":92,"column":12},"end":{"line":93,"column":23}}],"line":92},"17":{"loc":{"start":{"line":94,"column":12},"end":{"line":127,"column":13}},"type":"if","locations":[{"start":{"line":94,"column":12},"end":{"line":127,"column":13}},{"start":{"line":94,"column":12},"end":{"line":127,"column":13}}],"line":94},"18":{"loc":{"start":{"line":105,"column":20},"end":{"line":107,"column":21}},"type":"if","locations":[{"start":{"line":105,"column":20},"end":{"line":107,"column":21}},{"start":{"line":105,"column":20},"end":{"line":107,"column":21}}],"line":105},"19":{"loc":{"start":{"line":110,"column":17},"end":{"line":127,"column":13}},"type":"if","locations":[{"start":{"line":110,"column":17},"end":{"line":127,"column":13}},{"start":{"line":110,"column":17},"end":{"line":127,"column":13}}],"line":110},"20":{"loc":{"start":{"line":112,"column":16},"end":{"line":114,"column":17}},"type":"if","locations":[{"start":{"line":112,"column":16},"end":{"line":114,"column":17}},{"start":{"line":112,"column":16},"end":{"line":114,"column":17}}],"line":112},"21":{"loc":{"start":{"line":116,"column":17},"end":{"line":127,"column":13}},"type":"if","locations":[{"start":{"line":116,"column":17},"end":{"line":127,"column":13}},{"start":{"line":116,"column":17},"end":{"line":127,"column":13}}],"line":116},"22":{"loc":{"start":{"line":125,"column":17},"end":{"line":127,"column":13}},"type":"if","locations":[{"start":{"line":125,"column":17},"end":{"line":127,"column":13}},{"start":{"line":125,"column":17},"end":{"line":127,"column":13}}],"line":125},"23":{"loc":{"start":{"line":130,"column":8},"end":{"line":135,"column":9}},"type":"if","locations":[{"start":{"line":130,"column":8},"end":{"line":135,"column":9}},{"start":{"line":130,"column":8},"end":{"line":135,"column":9}}],"line":130}},"s":{"0":1,"1":2,"2":1,"3":1,"4":1,"5":1,"6":1,"7":1,"8":32,"9":32,"10":32,"11":32,"12":12,"13":10,"14":32,"15":2,"16":2,"17":2,"18":2,"19":2,"20":32,"21":12,"22":6,"23":6,"24":6,"25":6,"26":6,"27":6,"28":6,"29":2,"30":32,"31":32,"32":137,"33":9,"34":32,"35":43,"36":4,"37":43,"38":25,"39":18,"40":3,"41":15,"42":15,"43":15,"44":1,"45":32,"46":14,"47":3,"48":3,"49":32,"50":9,"51":9,"52":9,"53":2,"54":32,"55":30,"56":27,"57":26,"58":25,"59":22,"60":21,"61":21,"62":5,"63":16,"64":6,"65":6,"66":5,"67":4,"68":3,"69":3,"70":2,"71":2,"72":2,"73":2,"74":2,"75":1,"76":10,"77":5,"78":5,"79":4,"80":5,"81":4,"82":3,"83":2,"84":2,"85":2,"86":2,"87":2,"88":1,"89":1,"90":32,"91":32,"92":30,"93":2,"94":10,"95":1,"96":1},"f":{"0":2,"1":1,"2":32,"3":32,"4":2,"5":12,"6":32,"7":137,"8":43,"9":4,"10":14,"11":9},"b":{"0":[1,1,1],"1":[0,2],"2":[2,2],"3":[2,0],"4":[6,6],"5":[9,128],"6":[137,24],"7":[0,4],"8":[25,18],"9":[3,15],"10":[1,14],"11":[3,11],"12":[14,11],"13":[3,0],"14":[9,0],"15":[2,7],"16":[5,16],"17":[6,10],"18":[1,1],"19":[5,5],"20":[4,1],"21":[4,1],"22":[1,0],"23":[30,2]},"inputSourceMap":{"version":3,"file":"configurer.js","sourceRoot":"","sources":["../src/configurer.ts"],"names":[],"mappings":";;;;;AAAA,iCAMiB;AACjB,0CAAoB;AACpB,8CAAwB;AACxB,iCAAwD;AAExD;IAGC,oBAAY,OAAgC;QAA5C,iBAWC;QAEO,yBAAoB,GAAkB;YAC7C,SAAS,EAAE;gBACV,GAAG,EAAE,YAAY;aACjB;YACD,MAAM,EAAE,CAAC;YACT,WAAW,EAAE,KAAK;YAClB,cAAc,EAAE,IAAI;YACpB,MAAM,EAAE,IAAI;YACZ,GAAG,EAAE,KAAK;SACV,CAAC;QAEK,gBAAW,GAAG,UAAC,OAA+B;YACpD,KAAI,CAAC,cAAc,CAAC,OAAO,CAAC,CAAC;YAC7B,KAAI,CAAC,eAAe,CAAC,OAAO,CAAC,CAAC;YAC9B,KAAI,CAAC,MAAM,GAAG,MAAM,CAAC,MAAM,CAAC,EAAE,EAAE,KAAI,CAAC,oBAAoB,EAAE,OAAO,CAAC,CAAC;QACrE,CAAC,CAAC;QAEM,eAAU,GAAG;YACpB,IAAM,YAAY,GAAG,cAAI,CAAC,IAAI,CAAC,OAAO,CAAC,GAAG,CAAC,KAAK,CAAC,EAAE,gBAAgB,CAAC,CAAC;YACrE,IAAM,YAAY,GAAG,YAAE,CAAC,UAAU,CAAC,YAAY,CAAC,CAAC;YACjD,IAAI,YAAY,EAAE;gBACjB,IAAM,cAAc,GAAG,OAAO,CAAC,YAAY,CAAC,CAAC;gBAC7C,KAAI,CAAC,WAAW,CAAC,cAAc,CAAC,CAAC;aACjC;QACF,CAAC,CAAC;QAEM,oBAAe,GAAG,UAAC,MAA8B;YACxD,IAAI,CAAC,MAAM,CAAC,OAAO;gBAAE,OAAO;YAC5B,KAA6B,UAAc,EAAd,KAAA,MAAM,CAAC,OAAO,EAAd,cAAc,EAAd,IAAc,EAAE;gBAAxC,IAAM,cAAc,SAAA;gBACxB,IAAI;oBACH,gCAAgC;oBAChC,OAAO,CAAC,cAAc,CAAC,CAAC;iBACxB;gBAAC,OAAO,GAAG,EAAE;oBACb,MAAM,IAAI,mBAAW,CACpB,SAAS,EACT,2BAAyB,cAAgB,CACzC,CAAC;iBACF;aACD;QACF,CAAC,CAAC;QAEK,mBAAc,GAAG,UAAC,MAA8B;YAGtD,IAAM,MAAM,GAAG,UAAC,UAAkB,EAAE,GAAQ,EAAE,IAAU;gBACvD,IAAI,GAAG,IAAI,OAAO,GAAG,KAAK,IAAI,EAAE;oBAC/B,MAAM,IAAI,mBAAW,CACpB,UAAU,EACV,mCAAiC,IAAI,kBAAa,OAAO,GAAG,MAAG,CAC/D,CAAC;iBACF;YACF,CAAC,CAAC;YAEF,IAAM,SAAS,GAAG,UAAC,IAAY,EAAE,GAAU,EAAE,IAAU;gBACtD,IAAM,OAAO,GAAG,UAAC,KAAc;oBAC9B,OAAO,qBAAmB,IAAI,wBAC7B,KAAK,CAAC,CAAC,CAAC,OAAO,CAAC,CAAC,CAAC,IAAI,0BACH,OAAO,GAAK,CAAC;gBAClC,CAAC,CAAC;gBACF,IAAI,GAAG,KAAK,SAAS;oBAAE,OAAO;gBAC9B,IAAI,CAAC,KAAK,CAAC,OAAO,CAAC,GAAG,CAAC,EAAE;oBACxB,MAAM,IAAI,mBAAW,CAAC,IAAI,EAAE,OAAO,EAAE,CAAC,CAAC;iBACvC;qBAAM;oBACN,KAAK,IAAI,CAAC,GAAG,CAAC,EAAE,CAAC,GAAG,GAAG,CAAC,MAAM,EAAE,CAAC,EAAE,EAAE;wBACpC,IAAI,OAAO,GAAG,CAAC,CAAC,CAAC,KAAK,IAAI,EAAE;4BAC3B,MAAM,IAAI,mBAAW,CAAC,IAAI,EAAE,OAAO,CAAC,CAAC,CAAC,CAAC,CAAC;yBACxC;qBACD;iBACD;YACF,CAAC,CAAC;YAEF,IAAM,UAAU,GAAG,UAAC,UAAkB,EAAE,GAAQ,EAAE,OAAgB;gBACjE,IAAI,GAAG,KAAK,SAAS,IAAI,GAAG,KAAK,IAAI,EAAE;oBACtC,OAAO,GAAG,OAAO,IAAI,oBAAoB,CAAC;oBAC1C,MAAM,IAAI,mBAAW,CAAC,UAAU,EAAE,OAAO,CAAC,CAAC;iBAC3C;YACF,CAAC,CAAC;YAEF,IAAM,SAAS,GAAG,UACjB,UAAkB,EAClB,IAAY,EACZ,OAAgB;gBAEhB,OAAO,GAAG,OAAO,IAAI,iBAAiB,CAAC;gBACvC,IAAM,MAAM,GAAG,YAAE,CAAC,UAAU,CAAC,IAAI,CAAC,CAAC;gBACnC,IAAI,CAAC,MAAM;oBAAE,MAAM,IAAI,mBAAW,CAAC,UAAU,EAAE,OAAO,CAAC,CAAC;YACzD,CAAC,CAAC;YAEF,SAAS,CAAC,SAAS,EAAE,MAAM,CAAC,OAAO,EAAE,QAAQ,CAAC,CAAC;YAE/C,MAAM,CAAC,QAAQ,EAAE,MAAM,CAAC,MAAM,EAAE,SAAS,CAAC,CAAC;YAE3C,MAAM,CAAC,QAAQ,EAAE,MAAM,CAAC,MAAM,EAAE,QAAQ,CAAC,CAAC;YAE1C,MAAM,CAAC,aAAa,EAAE,MAAM,CAAC,WAAW,EAAE,SAAS,CAAC,CAAC;YAErD,MAAM,CAAC,gBAAgB,EAAE,MAAM,CAAC,cAAc,EAAE,SAAS,CAAC,CAAC;YAE3D,MAAM,CAAC,KAAK,EAAE,MAAM,CAAC,GAAG,EAAE,SAAS,CAAC,CAAC;YAE7B,IAAA,SAAS,GAAK,MAAM,UAAX,CAAY;YAE7B,IAAI,CAAC,SAAS;gBAAE,OAAO;YAEvB,IAAI,+BAAuB,CAAC,SAAS,CAAC,EAAE;gBACvC,kCAAkC;gBAClC,IAAM,eAAe,GACpB,oDAAoD,CAAC;gBAEtD,UAAU,CAAC,gBAAgB,EAAE,SAAS,CAAC,IAAI,EAAE,eAAe,CAAC,CAAC;gBAE9D,SAAS,CAAC,iBAAiB,EAAE,SAAS,CAAC,KAAK,EAAE,QAAQ,CAAC,CAAC;gBAExD,UAAU,CAAC,iBAAiB,EAAE,SAAS,CAAC,KAAK,EAAE,eAAe,CAAC,CAAC;gBAEhE,SAAS,CAAC,iBAAiB,EAAE,SAAS,CAAC,KAAK,EAAE,QAAQ,CAAC,CAAC;gBAExD,SAAS,CACR,gBAAgB,EAChB,SAAS,CAAC,IAAI,EACd,eAAa,SAAS,CAAC,IAAI,oBAAiB,CAC5C,CAAC;gBAEF,KAAK,IAAI,CAAC,GAAG,CAAC,EAAE,CAAC,GAAG,SAAS,CAAC,KAAK,CAAC,MAAM,EAAE,CAAC,EAAE,EAAE;oBAChD,IAAM,OAAO,GAAG,SAAS,CAAC,KAAK,CAAC,CAAC,CAAC,CAAC;oBAEnC,MAAM,CAAC,qBAAmB,CAAC,MAAG,EAAE,OAAO,EAAE,QAAQ,CAAC,CAAC;oBAEnD,IAAI,OAAO,CAAC,MAAM,CAAC,CAAC,CAAC,KAAK,GAAG,EAAE;wBAC9B,MAAM,IAAI,mBAAW,CACpB,iBAAiB,EACjB,+CAA6C,OAAO,MAAG,CACvD,CAAC;qBACF;iBACD;aACD;iBAAM,IAAI,0BAAkB,CAAC,SAAS,CAAC,EAAE;gBACzC,MAAM,CAAC,gBAAgB,EAAE,SAAS,CAAC,IAAI,EAAE,QAAQ,CAAC,CAAC;gBAEnD,IAAI,SAAS,CAAC,IAAI,EAAE;oBACnB,SAAS,CACR,gBAAgB,EAChB,SAAS,CAAC,IAAI,EACd,sCAAmC,SAAS,CAAC,IAAI,OAAG,CACpD,CAAC;iBACF;aACD;iBAAM,IAAI,yBAAiB,CAAC,SAAS,CAAC,EAAE;gBACxC,gCAAgC;gBAChC,UAAU,CACT,oBAAoB,EACpB,SAAS,CAAC,QAAQ,EAClB,8CAA8C,CAC9C,CAAC;gBAEF,SAAS,CAAC,oBAAoB,EAAE,SAAS,CAAC,QAAQ,EAAE,QAAQ,CAAC,CAAC;gBAE9D,KAAwB,UAAkB,EAAlB,KAAA,SAAS,CAAC,QAAQ,EAAlB,cAAkB,EAAlB,IAAkB,EAAE;oBAAvC,IAAM,SAAS,SAAA;oBACnB,SAAS,CACR,mBAAmB,EACnB,SAAS,EACT,sCAAoC,SAAW,CAC/C,CAAC;iBACF;aACD;iBAAM,IAAI,SAAS,CAAC,GAAG,EAAE;gBACzB,MAAM,IAAI,mBAAW,CACpB,WAAW,EACX,wBAAsB,MAAM,CAAC,SAAS,CAAC,GAAG,4BAAyB,CACnE,CAAC;aACF;QACF,CAAC,CAAC;QApLD,IAAI,CAAC,MAAM,GAAG,IAAI,CAAC,oBAAoB,CAAC;QAGxC,IAAI,OAAO,EAAE;YACZ,IAAI,CAAC,WAAW,CAAC,OAAO,CAAC,CAAC;SAC1B;aAAM;YACN,IAAI,CAAC,UAAU,EAAE,CAAC;SAClB;QAED,qCAA6B,CAAC,IAAI,CAAC,MAAM,CAAC,GAAG,CAAC,CAAC;IAChD,CAAC;IA2KF,iBAAC;AAAD,CAAC,AAzLD,IAyLC"},"_coverageSchema":"1a1c01bbd47fc00a2c39e90264f33305004495a9","hash":"f5b17299db71ec3b99ee0a80bc2ed40b22bc7f10","contentHash":"bfc70cc82d539e2a727e5201abce4245664ebe3fa686a243e6d8ebbdd2a015c5"},"/home/jake/Documents/Code/quyz/dist/types.js":{"path":"/home/jake/Documents/Code/quyz/dist/types.js","statementMap":{"0":{"start":{"line":2,"column":16},"end":{"line":14,"column":4}},"1":{"start":{"line":3,"column":24},"end":{"line":8,"column":5}},"2":{"start":{"line":4,"column":8},"end":{"line":6,"column":110}},"3":{"start":{"line":5,"column":69},"end":{"line":5,"column":85}},"4":{"start":{"line":6,"column":30},"end":{"line":6,"column":107}},"5":{"start":{"line":6,"column":47},"end":{"line":6,"column":107}},"6":{"start":{"line":6,"column":95},"end":{"line":6,"column":107}},"7":{"start":{"line":7,"column":8},"end":{"line":7,"column":35}},"8":{"start":{"line":9,"column":4},"end":{"line":13,"column":6}},"9":{"start":{"line":10,"column":8},"end":{"line":10,"column":28}},"10":{"start":{"line":11,"column":24},"end":{"line":11,"column":45}},"11":{"start":{"line":12,"column":8},"end":{"line":12,"column":93}},"12":{"start":{"line":15,"column":0},"end":{"line":15,"column":62}},"13":{"start":{"line":16,"column":0},"end":{"line":16,"column":441}},"14":{"start":{"line":18,"column":33},"end":{"line":26,"column":8}},"15":{"start":{"line":19,"column":4},"end":{"line":19,"column":35}},"16":{"start":{"line":21,"column":20},"end":{"line":21,"column":88}},"17":{"start":{"line":22,"column":8},"end":{"line":22,"column":36}},"18":{"start":{"line":23,"column":8},"end":{"line":23,"column":21}},"19":{"start":{"line":25,"column":4},"end":{"line":25,"column":23}},"20":{"start":{"line":27,"column":0},"end":{"line":27,"column":34}},"21":{"start":{"line":28,"column":32},"end":{"line":36,"column":8}},"22":{"start":{"line":29,"column":4},"end":{"line":29,"column":34}},"23":{"start":{"line":31,"column":20},"end":{"line":31,"column":54}},"24":{"start":{"line":32,"column":8},"end":{"line":32,"column":35}},"25":{"start":{"line":33,"column":8},"end":{"line":33,"column":21}},"26":{"start":{"line":35,"column":4},"end":{"line":35,"column":22}},"27":{"start":{"line":37,"column":0},"end":{"line":37,"column":32}},"28":{"start":{"line":40,"column":19},"end":{"line":42,"column":1}},"29":{"start":{"line":41,"column":4},"end":{"line":41,"column":37}},"30":{"start":{"line":43,"column":0},"end":{"line":43,"column":36}},"31":{"start":{"line":44,"column":17},"end":{"line":46,"column":1}},"32":{"start":{"line":45,"column":4},"end":{"line":45,"column":32}},"33":{"start":{"line":47,"column":0},"end":{"line":47,"column":32}},"34":{"start":{"line":48,"column":23},"end":{"line":50,"column":1}},"35":{"start":{"line":49,"column":4},"end":{"line":49,"column":38}},"36":{"start":{"line":51,"column":0},"end":{"line":51,"column":44}},"37":{"start":{"line":52,"column":28},"end":{"line":54,"column":1}},"38":{"start":{"line":53,"column":4},"end":{"line":53,"column":44}},"39":{"start":{"line":55,"column":0},"end":{"line":55,"column":54}},"40":{"start":{"line":56,"column":26},"end":{"line":58,"column":1}},"41":{"start":{"line":57,"column":4},"end":{"line":57,"column":42}},"42":{"start":{"line":59,"column":0},"end":{"line":59,"column":50}},"43":{"start":{"line":60,"column":28},"end":{"line":62,"column":1}},"44":{"start":{"line":61,"column":4},"end":{"line":61,"column":39}},"45":{"start":{"line":63,"column":0},"end":{"line":63,"column":54}},"46":{"start":{"line":64,"column":21},"end":{"line":66,"column":1}},"47":{"start":{"line":65,"column":4},"end":{"line":65,"column":36}},"48":{"start":{"line":67,"column":0},"end":{"line":67,"column":40}},"49":{"start":{"line":68,"column":24},"end":{"line":70,"column":1}},"50":{"start":{"line":69,"column":4},"end":{"line":69,"column":40}},"51":{"start":{"line":71,"column":0},"end":{"line":71,"column":46}},"52":{"start":{"line":72,"column":22},"end":{"line":74,"column":1}},"53":{"start":{"line":73,"column":4},"end":{"line":73,"column":38}},"54":{"start":{"line":75,"column":0},"end":{"line":75,"column":42}},"55":{"start":{"line":76,"column":25},"end":{"line":78,"column":1}},"56":{"start":{"line":77,"column":4},"end":{"line":77,"column":86}},"57":{"start":{"line":79,"column":0},"end":{"line":79,"column":48}},"58":{"start":{"line":80,"column":23},"end":{"line":82,"column":1}},"59":{"start":{"line":81,"column":4},"end":{"line":81,"column":82}},"60":{"start":{"line":83,"column":0},"end":{"line":83,"column":44}},"61":{"start":{"line":85,"column":25},"end":{"line":87,"column":1}},"62":{"start":{"line":86,"column":4},"end":{"line":86,"column":49}},"63":{"start":{"line":88,"column":0},"end":{"line":88,"column":48}},"64":{"start":{"line":89,"column":30},"end":{"line":91,"column":1}},"65":{"start":{"line":90,"column":4},"end":{"line":90,"column":54}},"66":{"start":{"line":92,"column":0},"end":{"line":92,"column":58}},"67":{"start":{"line":93,"column":24},"end":{"line":95,"column":1}},"68":{"start":{"line":94,"column":4},"end":{"line":94,"column":48}},"69":{"start":{"line":96,"column":0},"end":{"line":96,"column":46}}},"fnMap":{"0":{"name":"(anonymous_0)","decl":{"start":{"line":2,"column":45},"end":{"line":2,"column":46}},"loc":{"start":{"line":2,"column":57},"end":{"line":14,"column":1}},"line":2},"1":{"name":"(anonymous_1)","decl":{"start":{"line":3,"column":24},"end":{"line":3,"column":25}},"loc":{"start":{"line":3,"column":40},"end":{"line":8,"column":5}},"line":3},"2":{"name":"(anonymous_2)","decl":{"start":{"line":5,"column":51},"end":{"line":5,"column":52}},"loc":{"start":{"line":5,"column":67},"end":{"line":5,"column":87}},"line":5},"3":{"name":"(anonymous_3)","decl":{"start":{"line":6,"column":12},"end":{"line":6,"column":13}},"loc":{"start":{"line":6,"column":28},"end":{"line":6,"column":109}},"line":6},"4":{"name":"(anonymous_4)","decl":{"start":{"line":9,"column":11},"end":{"line":9,"column":12}},"loc":{"start":{"line":9,"column":27},"end":{"line":13,"column":5}},"line":9},"5":{"name":"__","decl":{"start":{"line":11,"column":17},"end":{"line":11,"column":19}},"loc":{"start":{"line":11,"column":22},"end":{"line":11,"column":47}},"line":11},"6":{"name":"(anonymous_6)","decl":{"start":{"line":18,"column":33},"end":{"line":18,"column":34}},"loc":{"start":{"line":18,"column":51},"end":{"line":26,"column":1}},"line":18},"7":{"name":"ConfigError","decl":{"start":{"line":20,"column":13},"end":{"line":20,"column":24}},"loc":{"start":{"line":20,"column":46},"end":{"line":24,"column":5}},"line":20},"8":{"name":"(anonymous_8)","decl":{"start":{"line":28,"column":32},"end":{"line":28,"column":33}},"loc":{"start":{"line":28,"column":50},"end":{"line":36,"column":1}},"line":28},"9":{"name":"InputError","decl":{"start":{"line":30,"column":13},"end":{"line":30,"column":23}},"loc":{"start":{"line":30,"column":33},"end":{"line":34,"column":5}},"line":30},"10":{"name":"(anonymous_10)","decl":{"start":{"line":40,"column":19},"end":{"line":40,"column":20}},"loc":{"start":{"line":40,"column":37},"end":{"line":42,"column":1}},"line":40},"11":{"name":"(anonymous_11)","decl":{"start":{"line":44,"column":17},"end":{"line":44,"column":18}},"loc":{"start":{"line":44,"column":35},"end":{"line":46,"column":1}},"line":44},"12":{"name":"(anonymous_12)","decl":{"start":{"line":48,"column":23},"end":{"line":48,"column":24}},"loc":{"start":{"line":48,"column":41},"end":{"line":50,"column":1}},"line":48},"13":{"name":"(anonymous_13)","decl":{"start":{"line":52,"column":28},"end":{"line":52,"column":29}},"loc":{"start":{"line":52,"column":46},"end":{"line":54,"column":1}},"line":52},"14":{"name":"(anonymous_14)","decl":{"start":{"line":56,"column":26},"end":{"line":56,"column":27}},"loc":{"start":{"line":56,"column":44},"end":{"line":58,"column":1}},"line":56},"15":{"name":"(anonymous_15)","decl":{"start":{"line":60,"column":28},"end":{"line":60,"column":29}},"loc":{"start":{"line":60,"column":46},"end":{"line":62,"column":1}},"line":60},"16":{"name":"(anonymous_16)","decl":{"start":{"line":64,"column":21},"end":{"line":64,"column":22}},"loc":{"start":{"line":64,"column":39},"end":{"line":66,"column":1}},"line":64},"17":{"name":"(anonymous_17)","decl":{"start":{"line":68,"column":24},"end":{"line":68,"column":25}},"loc":{"start":{"line":68,"column":42},"end":{"line":70,"column":1}},"line":68},"18":{"name":"(anonymous_18)","decl":{"start":{"line":72,"column":22},"end":{"line":72,"column":23}},"loc":{"start":{"line":72,"column":40},"end":{"line":74,"column":1}},"line":72},"19":{"name":"(anonymous_19)","decl":{"start":{"line":76,"column":25},"end":{"line":76,"column":26}},"loc":{"start":{"line":76,"column":43},"end":{"line":78,"column":1}},"line":76},"20":{"name":"(anonymous_20)","decl":{"start":{"line":80,"column":23},"end":{"line":80,"column":24}},"loc":{"start":{"line":80,"column":41},"end":{"line":82,"column":1}},"line":80},"21":{"name":"(anonymous_21)","decl":{"start":{"line":85,"column":25},"end":{"line":85,"column":26}},"loc":{"start":{"line":85,"column":43},"end":{"line":87,"column":1}},"line":85},"22":{"name":"(anonymous_22)","decl":{"start":{"line":89,"column":30},"end":{"line":89,"column":31}},"loc":{"start":{"line":89,"column":48},"end":{"line":91,"column":1}},"line":89},"23":{"name":"(anonymous_23)","decl":{"start":{"line":93,"column":24},"end":{"line":93,"column":25}},"loc":{"start":{"line":93,"column":42},"end":{"line":95,"column":1}},"line":93}},"branchMap":{"0":{"loc":{"start":{"line":2,"column":16},"end":{"line":14,"column":4}},"type":"binary-expr","locations":[{"start":{"line":2,"column":17},"end":{"line":2,"column":21}},{"start":{"line":2,"column":25},"end":{"line":2,"column":39}},{"start":{"line":2,"column":44},"end":{"line":14,"column":4}}],"line":2},"1":{"loc":{"start":{"line":4,"column":24},"end":{"line":6,"column":109}},"type":"binary-expr","locations":[{"start":{"line":4,"column":24},"end":{"line":4,"column":45}},{"start":{"line":5,"column":13},"end":{"line":5,"column":47}},{"start":{"line":5,"column":51},"end":{"line":5,"column":87}},{"start":{"line":6,"column":12},"end":{"line":6,"column":109}}],"line":4},"2":{"loc":{"start":{"line":6,"column":47},"end":{"line":6,"column":107}},"type":"if","locations":[{"start":{"line":6,"column":47},"end":{"line":6,"column":107}},{"start":{"line":6,"column":47},"end":{"line":6,"column":107}}],"line":6},"3":{"loc":{"start":{"line":12,"column":22},"end":{"line":12,"column":92}},"type":"cond-expr","locations":[{"start":{"line":12,"column":35},"end":{"line":12,"column":51}},{"start":{"line":12,"column":55},"end":{"line":12,"column":91}}],"line":12},"4":{"loc":{"start":{"line":21,"column":20},"end":{"line":21,"column":88}},"type":"binary-expr","locations":[{"start":{"line":21,"column":20},"end":{"line":21,"column":80}},{"start":{"line":21,"column":84},"end":{"line":21,"column":88}}],"line":21},"5":{"loc":{"start":{"line":31,"column":20},"end":{"line":31,"column":54}},"type":"binary-expr","locations":[{"start":{"line":31,"column":20},"end":{"line":31,"column":46}},{"start":{"line":31,"column":50},"end":{"line":31,"column":54}}],"line":31},"6":{"loc":{"start":{"line":77,"column":11},"end":{"line":77,"column":85}},"type":"binary-expr","locations":[{"start":{"line":77,"column":11},"end":{"line":77,"column":44}},{"start":{"line":77,"column":48},"end":{"line":77,"column":85}}],"line":77},"7":{"loc":{"start":{"line":81,"column":11},"end":{"line":81,"column":81}},"type":"binary-expr","locations":[{"start":{"line":81,"column":11},"end":{"line":81,"column":42}},{"start":{"line":81,"column":46},"end":{"line":81,"column":81}}],"line":81},"8":{"loc":{"start":{"line":86,"column":11},"end":{"line":86,"column":48}},"type":"binary-expr","locations":[{"start":{"line":86,"column":11},"end":{"line":86,"column":17}},{"start":{"line":86,"column":21},"end":{"line":86,"column":48}}],"line":86},"9":{"loc":{"start":{"line":90,"column":11},"end":{"line":90,"column":53}},"type":"binary-expr","locations":[{"start":{"line":90,"column":11},"end":{"line":90,"column":17}},{"start":{"line":90,"column":21},"end":{"line":90,"column":53}}],"line":90},"10":{"loc":{"start":{"line":94,"column":11},"end":{"line":94,"column":47}},"type":"binary-expr","locations":[{"start":{"line":94,"column":11},"end":{"line":94,"column":17}},{"start":{"line":94,"column":21},"end":{"line":94,"column":47}}],"line":94}},"s":{"0":1,"1":1,"2":1,"3":0,"4":0,"5":0,"6":0,"7":1,"8":1,"9":2,"10":2,"11":2,"12":1,"13":1,"14":1,"15":1,"16":22,"17":22,"18":22,"19":1,"20":1,"21":1,"22":1,"23":0,"24":0,"25":0,"26":1,"27":1,"28":1,"29":0,"30":1,"31":1,"32":874,"33":1,"34":1,"35":242,"36":1,"37":1,"38":163,"39":1,"40":1,"41":77,"42":1,"43":1,"44":0,"45":1,"46":1,"47":63,"48":1,"49":1,"50":222,"51":1,"52":1,"53":63,"54":1,"55":1,"56":160,"57":1,"58":1,"59":63,"60":1,"61":1,"62":11,"63":1,"64":1,"65":17,"66":1,"67":1,"68":5,"69":1},"f":{"0":1,"1":1,"2":0,"3":0,"4":2,"5":2,"6":1,"7":22,"8":1,"9":0,"10":0,"11":874,"12":242,"13":163,"14":77,"15":0,"16":63,"17":222,"18":63,"19":160,"20":63,"21":11,"22":17,"23":5},"b":{"0":[1,1,1],"1":[1,0,0,0],"2":[0,0],"3":[0,2],"4":[22,0],"5":[0,0],"6":[160,143],"7":[63,57],"8":[11,11],"9":[17,17],"10":[5,5]},"inputSourceMap":{"version":3,"file":"types.js","sourceRoot":"","sources":["../src/types.ts"],"names":[],"mappings":";;;;;;;;;;;;;;;;AAsIA,SAAS;AAET;IAAiC,+BAAK;IACrC,qBAAY,UAAkB,EAAE,OAAe;QAA/C,YACC,kBAAM,aAAW,UAAU,WAAM,OAAS,CAAC,SAE3C;QADA,KAAI,CAAC,IAAI,GAAG,cAAc,CAAC;;IAC5B,CAAC;IACF,kBAAC;AAAD,CAAC,AALD,CAAiC,KAAK,GAKrC;AALY,kCAAW;AAOxB;IAAgC,8BAAK;IACpC,oBAAY,OAAe;QAA3B,YACC,kBAAM,OAAO,CAAC,SAEd;QADA,KAAI,CAAC,IAAI,GAAG,aAAa,CAAC;;IAC3B,CAAC;IACF,iBAAC;AAAD,CAAC,AALD,CAAgC,KAAK,GAKpC;AALY,gCAAU;AAOvB,SAAS;AAET,gBAAgB;AACT,IAAM,YAAY,GAAG,UAAC,MAAc;IAC1C,OAAO,MAAM,CAAC,IAAI,KAAK,SAAS,CAAC;AAClC,CAAC,CAAC;AAFW,QAAA,YAAY,gBAEvB;AAEK,IAAM,UAAU,GAAG,UACzB,MAAc;IAEd,OAAO,MAAM,CAAC,IAAI,KAAK,IAAI,CAAC;AAC7B,CAAC,CAAC;AAJW,QAAA,UAAU,cAIrB;AAEK,IAAM,gBAAgB,GAAG,UAC/B,MAAc;IAEd,OAAO,MAAM,CAAC,IAAI,KAAK,UAAU,CAAC;AACnC,CAAC,CAAC;AAJW,QAAA,gBAAgB,oBAI3B;AAEK,IAAM,qBAAqB,GAAG,UACpC,MAAc;IAEd,OAAO,MAAM,CAAC,IAAI,KAAK,gBAAgB,CAAC;AACzC,CAAC,CAAC;AAJW,QAAA,qBAAqB,yBAIhC;AAEK,IAAM,mBAAmB,GAAG,UAClC,MAAc;IAEd,OAAO,MAAM,CAAC,IAAI,KAAK,cAAc,CAAC;AACvC,CAAC,CAAC;AAJW,QAAA,mBAAmB,uBAI9B;AAEK,IAAM,qBAAqB,GAAG,UACpC,MAAc;IAEd,OAAO,MAAM,CAAC,IAAI,KAAK,WAAW,CAAC;AACpC,CAAC,CAAC;AAJW,QAAA,qBAAqB,yBAIhC;AAEK,IAAM,cAAc,GAAG,UAAC,MAAc;IAC5C,OAAO,MAAM,CAAC,IAAI,KAAK,QAAQ,CAAC;AACjC,CAAC,CAAC;AAFW,QAAA,cAAc,kBAEzB;AAEK,IAAM,iBAAiB,GAAG,UAChC,MAAc;IAEd,OAAO,MAAM,CAAC,IAAI,KAAK,YAAY,CAAC;AACrC,CAAC,CAAC;AAJW,QAAA,iBAAiB,qBAI5B;AAEK,IAAM,eAAe,GAAG,UAAC,MAAc;IAC7C,OAAO,MAAM,CAAC,IAAI,KAAK,UAAU,CAAC;AACnC,CAAC,CAAC;AAFW,QAAA,eAAe,mBAE1B;AAEK,IAAM,kBAAkB,GAAG,UACjC,MAAc;IAEd,OAAO,yBAAiB,CAAC,MAAM,CAAC,IAAI,6BAAqB,CAAC,MAAM,CAAC,CAAC;AACnE,CAAC,CAAC;AAJW,QAAA,kBAAkB,sBAI7B;AAEK,IAAM,gBAAgB,GAAG,UAAC,MAAc;IAC9C,OAAO,uBAAe,CAAC,MAAM,CAAC,IAAI,2BAAmB,CAAC,MAAM,CAAC,CAAC;AAC/D,CAAC,CAAC;AAFW,QAAA,gBAAgB,oBAE3B;AAEF,mBAAmB;AACZ,IAAM,kBAAkB,GAAG,UACjC,MAA8B;IAE9B,OAAO,MAAM,IAAI,MAAM,CAAC,GAAG,KAAK,YAAY,CAAC;AAC9C,CAAC,CAAC;AAJW,QAAA,kBAAkB,sBAI7B;AAEK,IAAM,uBAAuB,GAAG,UACtC,MAA8B;IAE9B,OAAO,MAAM,IAAI,MAAM,CAAC,GAAG,KAAK,iBAAiB,CAAC;AACnD,CAAC,CAAC;AAJW,QAAA,uBAAuB,2BAIlC;AAEK,IAAM,iBAAiB,GAAG,UAChC,MAA8B;IAE9B,OAAO,MAAM,IAAI,MAAM,CAAC,GAAG,KAAK,WAAW,CAAC;AAC7C,CAAC,CAAC;AAJW,QAAA,iBAAiB,qBAI5B"},"_coverageSchema":"1a1c01bbd47fc00a2c39e90264f33305004495a9","hash":"d0780854030564f74a2a5ba3ce0405f1032ef626","contentHash":"aa6e83f057686b03a41c08dad9111fbb21de474d741a08f75af0389e32bf433a"},"/home/jake/Documents/Code/quyz/dist/utils.js":{"path":"/home/jake/Documents/Code/quyz/dist/utils.js","statementMap":{"0":{"start":{"line":2,"column":0},"end":{"line":2,"column":62}},"1":{"start":{"line":3,"column":0},"end":{"line":3,"column":129}},"2":{"start":{"line":4,"column":19},"end":{"line":4,"column":40}},"3":{"start":{"line":5,"column":12},"end":{"line":5,"column":28}},"4":{"start":{"line":6,"column":14},"end":{"line":6,"column":32}},"5":{"start":{"line":7,"column":27},"end":{"line":22,"column":3}},"6":{"start":{"line":9,"column":20},"end":{"line":9,"column":24}},"7":{"start":{"line":10,"column":8},"end":{"line":10,"column":27}},"8":{"start":{"line":11,"column":8},"end":{"line":11,"column":25}},"9":{"start":{"line":12,"column":8},"end":{"line":14,"column":10}},"10":{"start":{"line":13,"column":12},"end":{"line":13,"column":61}},"11":{"start":{"line":15,"column":8},"end":{"line":18,"column":10}},"12":{"start":{"line":16,"column":12},"end":{"line":16,"column":59}},"13":{"start":{"line":17,"column":12},"end":{"line":17,"column":72}},"14":{"start":{"line":19,"column":8},"end":{"line":19,"column":21}},"15":{"start":{"line":21,"column":4},"end":{"line":21,"column":17}},"16":{"start":{"line":23,"column":0},"end":{"line":23,"column":22}},"17":{"start":{"line":24,"column":18},"end":{"line":33,"column":1}},"18":{"start":{"line":25,"column":15},"end":{"line":25,"column":17}},"19":{"start":{"line":26,"column":4},"end":{"line":28,"column":5}},"20":{"start":{"line":26,"column":18},"end":{"line":26,"column":19}},"21":{"start":{"line":27,"column":8},"end":{"line":27,"column":37}},"22":{"start":{"line":29,"column":4},"end":{"line":31,"column":5}},"23":{"start":{"line":30,"column":8},"end":{"line":30,"column":42}},"24":{"start":{"line":32,"column":4},"end":{"line":32,"column":24}},"25":{"start":{"line":34,"column":0},"end":{"line":34,"column":34}},"26":{"start":{"line":35,"column":36},"end":{"line":66,"column":1}},"27":{"start":{"line":36,"column":4},"end":{"line":65,"column":5}},"28":{"start":{"line":37,"column":8},"end":{"line":51,"column":11}},"29":{"start":{"line":38,"column":12},"end":{"line":50,"column":13}},"30":{"start":{"line":39,"column":30},"end":{"line":39,"column":36}},"31":{"start":{"line":40,"column":16},"end":{"line":45,"column":17}},"32":{"start":{"line":41,"column":20},"end":{"line":41,"column":50}},"33":{"start":{"line":44,"column":20},"end":{"line":44,"column":65}},"34":{"start":{"line":46,"column":26},"end":{"line":46,"column":67}},"35":{"start":{"line":47,"column":29},"end":{"line":47,"column":55}},"36":{"start":{"line":48,"column":16},"end":{"line":48,"column":62}},"37":{"start":{"line":49,"column":16},"end":{"line":49,"column":35}},"38":{"start":{"line":52,"column":8},"end":{"line":64,"column":11}},"39":{"start":{"line":54,"column":12},"end":{"line":59,"column":13}},"40":{"start":{"line":55,"column":16},"end":{"line":55,"column":46}},"41":{"start":{"line":58,"column":16},"end":{"line":58,"column":75}},"42":{"start":{"line":60,"column":22},"end":{"line":60,"column":63}},"43":{"start":{"line":61,"column":25},"end":{"line":61,"column":51}},"44":{"start":{"line":62,"column":12},"end":{"line":62,"column":58}},"45":{"start":{"line":63,"column":12},"end":{"line":63,"column":31}},"46":{"start":{"line":67,"column":0},"end":{"line":67,"column":70}},"47":{"start":{"line":68,"column":17},"end":{"line":74,"column":1}},"48":{"start":{"line":69,"column":4},"end":{"line":73,"column":21}},"49":{"start":{"line":75,"column":0},"end":{"line":75,"column":32}},"50":{"start":{"line":76,"column":19},"end":{"line":153,"column":1}},"51":{"start":{"line":77,"column":4},"end":{"line":152,"column":5}},"52":{"start":{"line":78,"column":8},"end":{"line":87,"column":10}},"53":{"start":{"line":79,"column":41},"end":{"line":79,"column":53}},"54":{"start":{"line":80,"column":36},"end":{"line":80,"column":48}},"55":{"start":{"line":81,"column":35},"end":{"line":81,"column":47}},"56":{"start":{"line":82,"column":36},"end":{"line":82,"column":48}},"57":{"start":{"line":83,"column":37},"end":{"line":83,"column":49}},"58":{"start":{"line":84,"column":39},"end":{"line":84,"column":51}},"59":{"start":{"line":85,"column":39},"end":{"line":85,"column":51}},"60":{"start":{"line":86,"column":36},"end":{"line":86,"column":48}},"61":{"start":{"line":91,"column":22},"end":{"line":91,"column":31}},"62":{"start":{"line":92,"column":21},"end":{"line":92,"column":28}},"63":{"start":{"line":93,"column":8},"end":{"line":150,"column":10}},"64":{"start":{"line":95,"column":27},"end":{"line":95,"column":29}},"65":{"start":{"line":96,"column":16},"end":{"line":98,"column":17}},"66":{"start":{"line":96,"column":30},"end":{"line":96,"column":31}},"67":{"start":{"line":97,"column":20},"end":{"line":97,"column":45}},"68":{"start":{"line":99,"column":16},"end":{"line":99,"column":54}},"69":{"start":{"line":102,"column":27},"end":{"line":102,"column":29}},"70":{"start":{"line":103,"column":16},"end":{"line":105,"column":17}},"71":{"start":{"line":103,"column":30},"end":{"line":103,"column":31}},"72":{"start":{"line":104,"column":20},"end":{"line":104,"column":45}},"73":{"start":{"line":106,"column":16},"end":{"line":106,"column":54}},"74":{"start":{"line":109,"column":27},"end":{"line":109,"column":29}},"75":{"start":{"line":110,"column":16},"end":{"line":112,"column":17}},"76":{"start":{"line":110,"column":30},"end":{"line":110,"column":31}},"77":{"start":{"line":111,"column":20},"end":{"line":111,"column":45}},"78":{"start":{"line":113,"column":16},"end":{"line":113,"column":55}},"79":{"start":{"line":116,"column":27},"end":{"line":116,"column":29}},"80":{"start":{"line":117,"column":16},"end":{"line":119,"column":17}},"81":{"start":{"line":117,"column":30},"end":{"line":117,"column":31}},"82":{"start":{"line":118,"column":20},"end":{"line":118,"column":45}},"83":{"start":{"line":120,"column":16},"end":{"line":120,"column":55}},"84":{"start":{"line":123,"column":27},"end":{"line":123,"column":29}},"85":{"start":{"line":124,"column":16},"end":{"line":126,"column":17}},"86":{"start":{"line":124,"column":30},"end":{"line":124,"column":31}},"87":{"start":{"line":125,"column":20},"end":{"line":125,"column":45}},"88":{"start":{"line":127,"column":16},"end":{"line":127,"column":55}},"89":{"start":{"line":130,"column":27},"end":{"line":130,"column":29}},"90":{"start":{"line":131,"column":16},"end":{"line":133,"column":17}},"91":{"start":{"line":131,"column":30},"end":{"line":131,"column":31}},"92":{"start":{"line":132,"column":20},"end":{"line":132,"column":45}},"93":{"start":{"line":134,"column":16},"end":{"line":134,"column":55}},"94":{"start":{"line":137,"column":27},"end":{"line":137,"column":29}},"95":{"start":{"line":138,"column":16},"end":{"line":140,"column":17}},"96":{"start":{"line":138,"column":30},"end":{"line":138,"column":31}},"97":{"start":{"line":139,"column":20},"end":{"line":139,"column":45}},"98":{"start":{"line":141,"column":16},"end":{"line":141,"column":55}},"99":{"start":{"line":144,"column":27},"end":{"line":144,"column":29}},"100":{"start":{"line":145,"column":16},"end":{"line":147,"column":17}},"101":{"start":{"line":145,"column":30},"end":{"line":145,"column":31}},"102":{"start":{"line":146,"column":20},"end":{"line":146,"column":45}},"103":{"start":{"line":148,"column":16},"end":{"line":148,"column":55}},"104":{"start":{"line":154,"column":0},"end":{"line":154,"column":36}}},"fnMap":{"0":{"name":"(anonymous_0)","decl":{"start":{"line":7,"column":27},"end":{"line":7,"column":28}},"loc":{"start":{"line":7,"column":39},"end":{"line":22,"column":1}},"line":7},"1":{"name":"Clock","decl":{"start":{"line":8,"column":13},"end":{"line":8,"column":18}},"loc":{"start":{"line":8,"column":21},"end":{"line":20,"column":5}},"line":8},"2":{"name":"(anonymous_2)","decl":{"start":{"line":12,"column":21},"end":{"line":12,"column":22}},"loc":{"start":{"line":12,"column":33},"end":{"line":14,"column":9}},"line":12},"3":{"name":"(anonymous_3)","decl":{"start":{"line":15,"column":20},"end":{"line":15,"column":21}},"loc":{"start":{"line":15,"column":32},"end":{"line":18,"column":9}},"line":15},"4":{"name":"(anonymous_4)","decl":{"start":{"line":24,"column":18},"end":{"line":24,"column":19}},"loc":{"start":{"line":24,"column":35},"end":{"line":33,"column":1}},"line":24},"5":{"name":"(anonymous_5)","decl":{"start":{"line":35,"column":36},"end":{"line":35,"column":37}},"loc":{"start":{"line":35,"column":51},"end":{"line":66,"column":1}},"line":35},"6":{"name":"(anonymous_6)","decl":{"start":{"line":37,"column":41},"end":{"line":37,"column":42}},"loc":{"start":{"line":37,"column":56},"end":{"line":51,"column":9}},"line":37},"7":{"name":"(anonymous_7)","decl":{"start":{"line":52,"column":40},"end":{"line":52,"column":41}},"loc":{"start":{"line":52,"column":55},"end":{"line":64,"column":9}},"line":52},"8":{"name":"(anonymous_8)","decl":{"start":{"line":68,"column":17},"end":{"line":68,"column":18}},"loc":{"start":{"line":68,"column":32},"end":{"line":74,"column":1}},"line":68},"9":{"name":"(anonymous_9)","decl":{"start":{"line":76,"column":19},"end":{"line":76,"column":20}},"loc":{"start":{"line":76,"column":35},"end":{"line":153,"column":1}},"line":76},"10":{"name":"(anonymous_10)","decl":{"start":{"line":79,"column":23},"end":{"line":79,"column":24}},"loc":{"start":{"line":79,"column":39},"end":{"line":79,"column":55}},"line":79},"11":{"name":"(anonymous_11)","decl":{"start":{"line":80,"column":18},"end":{"line":80,"column":19}},"loc":{"start":{"line":80,"column":34},"end":{"line":80,"column":50}},"line":80},"12":{"name":"(anonymous_12)","decl":{"start":{"line":81,"column":17},"end":{"line":81,"column":18}},"loc":{"start":{"line":81,"column":33},"end":{"line":81,"column":49}},"line":81},"13":{"name":"(anonymous_13)","decl":{"start":{"line":82,"column":18},"end":{"line":82,"column":19}},"loc":{"start":{"line":82,"column":34},"end":{"line":82,"column":50}},"line":82},"14":{"name":"(anonymous_14)","decl":{"start":{"line":83,"column":19},"end":{"line":83,"column":20}},"loc":{"start":{"line":83,"column":35},"end":{"line":83,"column":51}},"line":83},"15":{"name":"(anonymous_15)","decl":{"start":{"line":84,"column":21},"end":{"line":84,"column":22}},"loc":{"start":{"line":84,"column":37},"end":{"line":84,"column":53}},"line":84},"16":{"name":"(anonymous_16)","decl":{"start":{"line":85,"column":21},"end":{"line":85,"column":22}},"loc":{"start":{"line":85,"column":37},"end":{"line":85,"column":53}},"line":85},"17":{"name":"(anonymous_17)","decl":{"start":{"line":86,"column":18},"end":{"line":86,"column":19}},"loc":{"start":{"line":86,"column":34},"end":{"line":86,"column":50}},"line":86},"18":{"name":"(anonymous_18)","decl":{"start":{"line":94,"column":23},"end":{"line":94,"column":24}},"loc":{"start":{"line":94,"column":35},"end":{"line":100,"column":13}},"line":94},"19":{"name":"(anonymous_19)","decl":{"start":{"line":101,"column":18},"end":{"line":101,"column":19}},"loc":{"start":{"line":101,"column":30},"end":{"line":107,"column":13}},"line":101},"20":{"name":"(anonymous_20)","decl":{"start":{"line":108,"column":17},"end":{"line":108,"column":18}},"loc":{"start":{"line":108,"column":29},"end":{"line":114,"column":13}},"line":108},"21":{"name":"(anonymous_21)","decl":{"start":{"line":115,"column":18},"end":{"line":115,"column":19}},"loc":{"start":{"line":115,"column":30},"end":{"line":121,"column":13}},"line":115},"22":{"name":"(anonymous_22)","decl":{"start":{"line":122,"column":19},"end":{"line":122,"column":20}},"loc":{"start":{"line":122,"column":31},"end":{"line":128,"column":13}},"line":122},"23":{"name":"(anonymous_23)","decl":{"start":{"line":129,"column":21},"end":{"line":129,"column":22}},"loc":{"start":{"line":129,"column":33},"end":{"line":135,"column":13}},"line":129},"24":{"name":"(anonymous_24)","decl":{"start":{"line":136,"column":21},"end":{"line":136,"column":22}},"loc":{"start":{"line":136,"column":33},"end":{"line":142,"column":13}},"line":136},"25":{"name":"(anonymous_25)","decl":{"start":{"line":143,"column":18},"end":{"line":143,"column":19}},"loc":{"start":{"line":143,"column":30},"end":{"line":149,"column":13}},"line":143}},"branchMap":{"0":{"loc":{"start":{"line":29,"column":4},"end":{"line":31,"column":5}},"type":"if","locations":[{"start":{"line":29,"column":4},"end":{"line":31,"column":5}},{"start":{"line":29,"column":4},"end":{"line":31,"column":5}}],"line":29},"1":{"loc":{"start":{"line":36,"column":4},"end":{"line":65,"column":5}},"type":"if","locations":[{"start":{"line":36,"column":4},"end":{"line":65,"column":5}},{"start":{"line":36,"column":4},"end":{"line":65,"column":5}}],"line":36},"2":{"loc":{"start":{"line":38,"column":12},"end":{"line":50,"column":13}},"type":"if","locations":[{"start":{"line":38,"column":12},"end":{"line":50,"column":13}},{"start":{"line":38,"column":12},"end":{"line":50,"column":13}}],"line":38},"3":{"loc":{"start":{"line":40,"column":16},"end":{"line":45,"column":17}},"type":"if","locations":[{"start":{"line":40,"column":16},"end":{"line":45,"column":17}},{"start":{"line":40,"column":16},"end":{"line":45,"column":17}}],"line":40},"4":{"loc":{"start":{"line":46,"column":26},"end":{"line":46,"column":67}},"type":"cond-expr","locations":[{"start":{"line":46,"column":32},"end":{"line":46,"column":53}},{"start":{"line":46,"column":56},"end":{"line":46,"column":67}}],"line":46},"5":{"loc":{"start":{"line":54,"column":12},"end":{"line":59,"column":13}},"type":"if","locations":[{"start":{"line":54,"column":12},"end":{"line":59,"column":13}},{"start":{"line":54,"column":12},"end":{"line":59,"column":13}}],"line":54},"6":{"loc":{"start":{"line":60,"column":22},"end":{"line":60,"column":63}},"type":"cond-expr","locations":[{"start":{"line":60,"column":28},"end":{"line":60,"column":49}},{"start":{"line":60,"column":52},"end":{"line":60,"column":63}}],"line":60},"7":{"loc":{"start":{"line":77,"column":4},"end":{"line":152,"column":5}},"type":"if","locations":[{"start":{"line":77,"column":4},"end":{"line":152,"column":5}},{"start":{"line":77,"column":4},"end":{"line":152,"column":5}}],"line":77}},"s":{"0":1,"1":1,"2":1,"3":1,"4":1,"5":1,"6":24,"7":24,"8":24,"9":24,"10":24,"11":24,"12":24,"13":24,"14":24,"15":1,"16":1,"17":1,"18":54,"19":54,"20":54,"21":6,"22":54,"23":4,"24":54,"25":1,"26":1,"27":10,"28":8,"29":0,"30":0,"31":0,"32":0,"33":0,"34":0,"35":0,"36":0,"37":0,"38":8,"39":0,"40":0,"41":0,"42":0,"43":0,"44":0,"45":0,"46":1,"47":1,"48":6,"49":1,"50":1,"51":20,"52":4,"53":5,"54":32,"55":23,"56":14,"57":27,"58":0,"59":0,"60":0,"61":16,"62":16,"63":16,"64":8,"65":8,"66":8,"67":8,"68":8,"69":65,"70":65,"71":65,"72":65,"73":65,"74":38,"75":38,"76":38,"77":38,"78":38,"79":38,"80":38,"81":38,"82":38,"83":38,"84":72,"85":72,"86":72,"87":72,"88":72,"89":18,"90":18,"91":18,"92":18,"93":18,"94":0,"95":0,"96":0,"97":0,"98":0,"99":0,"100":0,"101":0,"102":0,"103":0,"104":1},"f":{"0":1,"1":24,"2":24,"3":24,"4":54,"5":10,"6":0,"7":0,"8":6,"9":20,"10":5,"11":32,"12":23,"13":14,"14":27,"15":0,"16":0,"17":0,"18":8,"19":65,"20":38,"21":38,"22":72,"23":18,"24":0,"25":0},"b":{"0":[4,50],"1":[8,2],"2":[0,0],"3":[0,0],"4":[0,0],"5":[0,0],"6":[0,0],"7":[4,16]},"inputSourceMap":{"version":3,"file":"utils.js","sourceRoot":"","sources":["../src/utils.ts"],"names":[],"mappings":";;;AAAA,yCAAyC;AACzC,6BAAoC;AAEpC,iCAA4C;AAE5C;IACC;QAAA,iBAEC;QAEO,cAAS,GAAG,CAAC,CAAC;QACd,YAAO,GAAG,CAAC,CAAC;QAEb,UAAK,GAAG;YACd,KAAI,CAAC,SAAS,GAAG,wBAAW,CAAC,GAAG,EAAE,CAAC;QACpC,CAAC,CAAC;QAEK,SAAI,GAAG;YACb,KAAI,CAAC,OAAO,GAAG,wBAAW,CAAC,GAAG,EAAE,CAAC;YACjC,OAAO,MAAM,CAAC,CAAC,KAAI,CAAC,OAAO,GAAG,KAAI,CAAC,SAAS,CAAC,CAAC,OAAO,CAAC,CAAC,CAAC,CAAC,CAAC;QAC3D,CAAC,CAAC;QAbD,IAAI,CAAC,KAAK,EAAE,CAAC;IACd,CAAC;IAaF,YAAC;AAAD,CAAC,AAhBD,IAgBC;AAhBY,sBAAK;AAkBX,IAAM,WAAW,GAAG,UAC1B,KAAe;IACf,cAAU;SAAV,UAAU,EAAV,qBAAU,EAAV,IAAU;QAAV,6BAAU;;IAEV,IAAI,OAAO,KAAK,KAAK,UAAU,EAAE;QAChC,KAAK,GAAG,KAAK,eAAI,IAAI,CAAC,CAAC;KACvB;IACD,OAAO,KAAK,CAAC,IAAI,EAAE,CAAC;AACrB,CAAC,CAAC;AARW,QAAA,WAAW,eAQtB;AAEK,IAAM,6BAA6B,GAAG,UAAC,GAAY;IACzD,IAAI,CAAC,GAAG,EAAE;QACT,OAAO,CAAC,EAAE,CAAC,oBAAoB,EAAE,UAAC,GAAG;YACpC,IAAI,GAAG,YAAY,KAAK,EAAE;gBACzB,IAAI,OAAO,SAAQ,CAAC;gBACpB,IAAI,GAAG,YAAY,kBAAU,EAAE;oBAC9B,OAAO,GAAG,KAAK,GAAG,GAAG,CAAC,OAAO,CAAC;iBAC9B;qBAAM;oBACN,OAAO,GAAM,GAAG,CAAC,KAAK,cAAS,GAAG,CAAC,OAAS,CAAC;iBAC7C;gBACD,IAAM,GAAG,GAAG,GAAG,CAAC,CAAC,CAAC,iBAAW,CAAC,GAAG,CAAC,CAAC,CAAC,OAAO,CAAC,GAAG,CAAC;gBAChD,IAAM,MAAM,GAAG,oBAAY,CAAC,CAAC,GAAG,CAAC,CAAC;gBAClC,GAAG,CAAC,MAAM,CAAC,GAAG,CAAC,aAAW,GAAG,CAAC,IAAI,OAAI,CAAC,CAAC,CAAC;gBACzC,GAAG,CAAC,IAAI,EAAE,OAAO,CAAC,CAAC;aACnB;QACF,CAAC,CAAC,CAAC;QAEH,OAAO,CAAC,EAAE,CAAC,mBAAmB,EAAE,UAAC,GAAG;YACnC,IAAI,OAAe,CAAC;YACpB,IAAI,GAAG,YAAY,kBAAU,EAAE;gBAC9B,OAAO,GAAG,KAAK,GAAG,GAAG,CAAC,OAAO,CAAC;aAC9B;iBAAM;gBACN,OAAO,GAAM,kBAAU,CAAC,GAAG,CAAC,cAAS,GAAG,CAAC,OAAS,CAAC;aACnD;YACD,IAAM,GAAG,GAAG,GAAG,CAAC,CAAC,CAAC,iBAAW,CAAC,GAAG,CAAC,CAAC,CAAC,OAAO,CAAC,GAAG,CAAC;YAChD,IAAM,MAAM,GAAG,oBAAY,CAAC,CAAC,GAAG,CAAC,CAAC;YAClC,GAAG,CAAC,MAAM,CAAC,GAAG,CAAC,aAAW,GAAG,CAAC,IAAI,OAAI,CAAC,CAAC,CAAC;YACzC,GAAG,CAAC,IAAI,EAAE,OAAO,CAAC,CAAC;QACpB,CAAC,CAAC,CAAC;KACH;AACF,CAAC,CAAC;AA9BW,QAAA,6BAA6B,iCA8BxC;AAEK,IAAM,UAAU,GAAG,UAAC,GAAU;IACpC,OAAO,CACN,IAAI;QACJ,GAAG,CAAC,KAAK;aACP,KAAK,CAAC,KAAK,CAAC,CAAC,CAAC,CAAC;aACf,OAAO,CAAC,OAAO,CAAC,GAAG,EAAE,GAAG,GAAG,EAAE,EAAE,CAAC;aAChC,IAAI,EAAE,CACR,CAAC;AACH,CAAC,CAAC;AARW,QAAA,UAAU,cAQrB;AAEK,IAAM,YAAY,GAAG,UAAC,IAAa;IACzC,IAAI,CAAC,IAAI,EAAE;QACV,OAAO;YACN,SAAS,EAAE,UAAC,IAAI,IAAK,OAAA,IAAI,EAAJ,CAAI;YACzB,IAAI,EAAE,UAAC,IAAI,IAAK,OAAA,IAAI,EAAJ,CAAI;YACpB,GAAG,EAAE,UAAC,IAAI,IAAK,OAAA,IAAI,EAAJ,CAAI;YACnB,IAAI,EAAE,UAAC,IAAI,IAAK,OAAA,IAAI,EAAJ,CAAI;YACpB,KAAK,EAAE,UAAC,IAAI,IAAK,OAAA,IAAI,EAAJ,CAAI;YACrB,OAAO,EAAE,UAAC,IAAI,IAAK,OAAA,IAAI,EAAJ,CAAI;YACvB,OAAO,EAAE,UAAC,IAAI,IAAK,OAAA,IAAI,EAAJ,CAAI;YACvB,IAAI,EAAE,UAAC,IAAI,IAAK,OAAA,IAAI,EAAJ,CAAI;SACpB,CAAC;KACF;SAAM;QACN,wBAAwB;QACxB,IAAM,OAAK,GAAG,SAAS,CAAC;QACxB,IAAM,MAAI,GAAG,OAAO,CAAC;QACrB,OAAO;YACN,SAAS,EAAE;gBAAC,cAAO;qBAAP,UAAO,EAAP,qBAAO,EAAP,IAAO;oBAAP,yBAAO;;gBAAK,OAAG,MAAI,UAAK,IAAI,GAAG,OAAO;YAA1B,CAA0B;YAClD,IAAI,EAAE;gBAAC,cAAO;qBAAP,UAAO,EAAP,qBAAO,EAAP,IAAO;oBAAP,yBAAO;;gBAAK,OAAG,MAAI,UAAK,IAAI,GAAG,OAAO;YAA1B,CAA0B;YAC7C,GAAG,EAAE;gBAAC,cAAO;qBAAP,UAAO,EAAP,qBAAO,EAAP,IAAO;oBAAP,yBAAO;;gBAAK,OAAG,MAAI,WAAM,IAAI,GAAG,OAAO;YAA3B,CAA2B;YAC7C,IAAI,EAAE;gBAAC,cAAO;qBAAP,UAAO,EAAP,qBAAO,EAAP,IAAO;oBAAP,yBAAO;;gBAAK,OAAG,MAAI,WAAM,IAAI,GAAG,OAAO;YAA3B,CAA2B;YAC9C,KAAK,EAAE;gBAAC,cAAO;qBAAP,UAAO,EAAP,qBAAO,EAAP,IAAO;oBAAP,yBAAO;;gBAAK,OAAG,MAAI,WAAM,IAAI,GAAG,OAAO;YAA3B,CAA2B;YAC/C,OAAO,EAAE;gBAAC,cAAO;qBAAP,UAAO,EAAP,qBAAO,EAAP,IAAO;oBAAP,yBAAO;;gBAAK,OAAG,MAAI,WAAM,IAAI,GAAG,OAAO;YAA3B,CAA2B;YACjD,OAAO,EAAE;gBAAC,cAAO;qBAAP,UAAO,EAAP,qBAAO,EAAP,IAAO;oBAAP,yBAAO;;gBAAK,OAAG,MAAI,WAAM,IAAI,GAAG,OAAO;YAA3B,CAA2B;YACjD,IAAI,EAAE;gBAAC,cAAO;qBAAP,UAAO,EAAP,qBAAO,EAAP,IAAO;oBAAP,yBAAO;;gBAAK,OAAG,MAAI,WAAM,IAAI,GAAG,OAAO;YAA3B,CAA2B;SAC9C,CAAC;QACF,uBAAuB;KACvB;AACF,CAAC,CAAC;AA5BW,QAAA,YAAY,gBA4BvB"},"_coverageSchema":"1a1c01bbd47fc00a2c39e90264f33305004495a9","hash":"5a514132d6ba8ac03bc1e10079ff7ff5aa31b225","contentHash":"0ca9dbe7529c4b6a19da01d0a3a945a1df52d28c12f67a813f9d22998808a44d"},"/home/jake/Documents/Code/quyz/dist/dev.js":{"path":"/home/jake/Documents/Code/quyz/dist/dev.js","statementMap":{"0":{"start":{"line":2,"column":16},"end":{"line":10,"column":1}},"1":{"start":{"line":3,"column":28},"end":{"line":3,"column":110}},"2":{"start":{"line":3,"column":91},"end":{"line":3,"column":106}},"3":{"start":{"line":4,"column":4},"end":{"line":9,"column":7}},"4":{"start":{"line":5,"column":36},"end":{"line":5,"column":97}},"5":{"start":{"line":5,"column":42},"end":{"line":5,"column":70}},"6":{"start":{"line":5,"column":85},"end":{"line":5,"column":95}},"7":{"start":{"line":6,"column":35},"end":{"line":6,"column":100}},"8":{"start":{"line":6,"column":41},"end":{"line":6,"column":73}},"9":{"start":{"line":6,"column":88},"end":{"line":6,"column":98}},"10":{"start":{"line":7,"column":32},"end":{"line":7,"column":116}},"11":{"start":{"line":8,"column":8},"end":{"line":8,"column":78}},"12":{"start":{"line":11,"column":18},"end":{"line":37,"column":1}},"13":{"start":{"line":12,"column":12},"end":{"line":12,"column":104}},"14":{"start":{"line":12,"column":43},"end":{"line":12,"column":68}},"15":{"start":{"line":12,"column":57},"end":{"line":12,"column":68}},"16":{"start":{"line":12,"column":69},"end":{"line":12,"column":81}},"17":{"start":{"line":13,"column":4},"end":{"line":13,"column":157}},"18":{"start":{"line":13,"column":138},"end":{"line":13,"column":150}},"19":{"start":{"line":14,"column":23},"end":{"line":14,"column":68}},"20":{"start":{"line":14,"column":45},"end":{"line":14,"column":65}},"21":{"start":{"line":16,"column":8},"end":{"line":16,"column":70}},"22":{"start":{"line":16,"column":15},"end":{"line":16,"column":70}},"23":{"start":{"line":17,"column":8},"end":{"line":34,"column":66}},"24":{"start":{"line":17,"column":18},"end":{"line":34,"column":66}},"25":{"start":{"line":18,"column":12},"end":{"line":18,"column":169}},"26":{"start":{"line":18,"column":160},"end":{"line":18,"column":169}},"27":{"start":{"line":19,"column":12},"end":{"line":19,"column":52}},"28":{"start":{"line":19,"column":26},"end":{"line":19,"column":52}},"29":{"start":{"line":20,"column":12},"end":{"line":32,"column":13}},"30":{"start":{"line":21,"column":32},"end":{"line":21,"column":39}},"31":{"start":{"line":21,"column":40},"end":{"line":21,"column":46}},"32":{"start":{"line":22,"column":24},"end":{"line":22,"column":34}},"33":{"start":{"line":22,"column":35},"end":{"line":22,"column":72}},"34":{"start":{"line":23,"column":24},"end":{"line":23,"column":34}},"35":{"start":{"line":23,"column":35},"end":{"line":23,"column":45}},"36":{"start":{"line":23,"column":46},"end":{"line":23,"column":55}},"37":{"start":{"line":23,"column":56},"end":{"line":23,"column":65}},"38":{"start":{"line":24,"column":24},"end":{"line":24,"column":41}},"39":{"start":{"line":24,"column":42},"end":{"line":24,"column":55}},"40":{"start":{"line":24,"column":56},"end":{"line":24,"column":65}},"41":{"start":{"line":26,"column":20},"end":{"line":26,"column":128}},"42":{"start":{"line":26,"column":110},"end":{"line":26,"column":116}},"43":{"start":{"line":26,"column":117},"end":{"line":26,"column":126}},"44":{"start":{"line":27,"column":20},"end":{"line":27,"column":106}},"45":{"start":{"line":27,"column":81},"end":{"line":27,"column":97}},"46":{"start":{"line":27,"column":98},"end":{"line":27,"column":104}},"47":{"start":{"line":28,"column":20},"end":{"line":28,"column":89}},"48":{"start":{"line":28,"column":57},"end":{"line":28,"column":72}},"49":{"start":{"line":28,"column":73},"end":{"line":28,"column":80}},"50":{"start":{"line":28,"column":81},"end":{"line":28,"column":87}},"51":{"start":{"line":29,"column":20},"end":{"line":29,"column":87}},"52":{"start":{"line":29,"column":47},"end":{"line":29,"column":62}},"53":{"start":{"line":29,"column":63},"end":{"line":29,"column":78}},"54":{"start":{"line":29,"column":79},"end":{"line":29,"column":85}},"55":{"start":{"line":30,"column":20},"end":{"line":30,"column":42}},"56":{"start":{"line":30,"column":30},"end":{"line":30,"column":42}},"57":{"start":{"line":31,"column":20},"end":{"line":31,"column":33}},"58":{"start":{"line":31,"column":34},"end":{"line":31,"column":43}},"59":{"start":{"line":33,"column":12},"end":{"line":33,"column":39}},"60":{"start":{"line":34,"column":22},"end":{"line":34,"column":34}},"61":{"start":{"line":34,"column":35},"end":{"line":34,"column":41}},"62":{"start":{"line":34,"column":54},"end":{"line":34,"column":64}},"63":{"start":{"line":35,"column":8},"end":{"line":35,"column":35}},"64":{"start":{"line":35,"column":23},"end":{"line":35,"column":35}},"65":{"start":{"line":35,"column":36},"end":{"line":35,"column":89}},"66":{"start":{"line":38,"column":0},"end":{"line":38,"column":62}},"67":{"start":{"line":39,"column":0},"end":{"line":39,"column":29}},"68":{"start":{"line":40,"column":25},"end":{"line":73,"column":3}},"69":{"start":{"line":42,"column":20},"end":{"line":42,"column":24}},"70":{"start":{"line":43,"column":8},"end":{"line":45,"column":10}},"71":{"start":{"line":44,"column":12},"end":{"line":44,"column":38}},"72":{"start":{"line":46,"column":8},"end":{"line":48,"column":10}},"73":{"start":{"line":47,"column":12},"end":{"line":47,"column":40}},"74":{"start":{"line":49,"column":8},"end":{"line":51,"column":10}},"75":{"start":{"line":50,"column":12},"end":{"line":50,"column":38}},"76":{"start":{"line":52,"column":8},"end":{"line":54,"column":10}},"77":{"start":{"line":53,"column":12},"end":{"line":53,"column":49}},"78":{"start":{"line":55,"column":8},"end":{"line":58,"column":10}},"79":{"start":{"line":56,"column":12},"end":{"line":56,"column":33}},"80":{"start":{"line":57,"column":12},"end":{"line":57,"column":40}},"81":{"start":{"line":59,"column":8},"end":{"line":68,"column":14}},"82":{"start":{"line":59,"column":41},"end":{"line":68,"column":11}},"83":{"start":{"line":60,"column":12},"end":{"line":67,"column":15}},"84":{"start":{"line":61,"column":16},"end":{"line":66,"column":17}},"85":{"start":{"line":62,"column":28},"end":{"line":62,"column":82}},"86":{"start":{"line":64,"column":24},"end":{"line":64,"column":34}},"87":{"start":{"line":65,"column":24},"end":{"line":65,"column":46}},"88":{"start":{"line":69,"column":8},"end":{"line":69,"column":29}},"89":{"start":{"line":70,"column":8},"end":{"line":70,"column":35}},"90":{"start":{"line":72,"column":4},"end":{"line":72,"column":15}},"91":{"start":{"line":74,"column":0},"end":{"line":74,"column":22}},"92":{"start":{"line":75,"column":33},"end":{"line":92,"column":3}},"93":{"start":{"line":77,"column":20},"end":{"line":77,"column":24}},"94":{"start":{"line":78,"column":8},"end":{"line":78,"column":23}},"95":{"start":{"line":79,"column":8},"end":{"line":79,"column":58}},"96":{"start":{"line":79,"column":37},"end":{"line":79,"column":55}},"97":{"start":{"line":80,"column":8},"end":{"line":82,"column":10}},"98":{"start":{"line":81,"column":12},"end":{"line":81,"column":28}},"99":{"start":{"line":83,"column":8},"end":{"line":89,"column":10}},"100":{"start":{"line":84,"column":23},"end":{"line":84,"column":25}},"101":{"start":{"line":85,"column":12},"end":{"line":87,"column":13}},"102":{"start":{"line":85,"column":26},"end":{"line":85,"column":27}},"103":{"start":{"line":86,"column":16},"end":{"line":86,"column":41}},"104":{"start":{"line":88,"column":12},"end":{"line":88,"column":34}},"105":{"start":{"line":91,"column":4},"end":{"line":91,"column":23}},"106":{"start":{"line":93,"column":0},"end":{"line":93,"column":40}}},"fnMap":{"0":{"name":"(anonymous_0)","decl":{"start":{"line":2,"column":44},"end":{"line":2,"column":45}},"loc":{"start":{"line":2,"column":89},"end":{"line":10,"column":1}},"line":2},"1":{"name":"adopt","decl":{"start":{"line":3,"column":13},"end":{"line":3,"column":18}},"loc":{"start":{"line":3,"column":26},"end":{"line":3,"column":112}},"line":3},"2":{"name":"(anonymous_2)","decl":{"start":{"line":3,"column":70},"end":{"line":3,"column":71}},"loc":{"start":{"line":3,"column":89},"end":{"line":3,"column":108}},"line":3},"3":{"name":"(anonymous_3)","decl":{"start":{"line":4,"column":36},"end":{"line":4,"column":37}},"loc":{"start":{"line":4,"column":63},"end":{"line":9,"column":5}},"line":4},"4":{"name":"fulfilled","decl":{"start":{"line":5,"column":17},"end":{"line":5,"column":26}},"loc":{"start":{"line":5,"column":34},"end":{"line":5,"column":99}},"line":5},"5":{"name":"rejected","decl":{"start":{"line":6,"column":17},"end":{"line":6,"column":25}},"loc":{"start":{"line":6,"column":33},"end":{"line":6,"column":102}},"line":6},"6":{"name":"step","decl":{"start":{"line":7,"column":17},"end":{"line":7,"column":21}},"loc":{"start":{"line":7,"column":30},"end":{"line":7,"column":118}},"line":7},"7":{"name":"(anonymous_7)","decl":{"start":{"line":11,"column":48},"end":{"line":11,"column":49}},"loc":{"start":{"line":11,"column":73},"end":{"line":37,"column":1}},"line":11},"8":{"name":"(anonymous_8)","decl":{"start":{"line":12,"column":30},"end":{"line":12,"column":31}},"loc":{"start":{"line":12,"column":41},"end":{"line":12,"column":83}},"line":12},"9":{"name":"(anonymous_9)","decl":{"start":{"line":13,"column":125},"end":{"line":13,"column":126}},"loc":{"start":{"line":13,"column":136},"end":{"line":13,"column":152}},"line":13},"10":{"name":"verb","decl":{"start":{"line":14,"column":13},"end":{"line":14,"column":17}},"loc":{"start":{"line":14,"column":21},"end":{"line":14,"column":70}},"line":14},"11":{"name":"(anonymous_11)","decl":{"start":{"line":14,"column":30},"end":{"line":14,"column":31}},"loc":{"start":{"line":14,"column":43},"end":{"line":14,"column":67}},"line":14},"12":{"name":"step","decl":{"start":{"line":15,"column":13},"end":{"line":15,"column":17}},"loc":{"start":{"line":15,"column":22},"end":{"line":36,"column":5}},"line":15},"13":{"name":"(anonymous_13)","decl":{"start":{"line":40,"column":25},"end":{"line":40,"column":26}},"loc":{"start":{"line":40,"column":37},"end":{"line":73,"column":1}},"line":40},"14":{"name":"Dev","decl":{"start":{"line":41,"column":13},"end":{"line":41,"column":16}},"loc":{"start":{"line":41,"column":36},"end":{"line":71,"column":5}},"line":41},"15":{"name":"(anonymous_15)","decl":{"start":{"line":43,"column":24},"end":{"line":43,"column":25}},"loc":{"start":{"line":43,"column":36},"end":{"line":45,"column":9}},"line":43},"16":{"name":"(anonymous_16)","decl":{"start":{"line":46,"column":26},"end":{"line":46,"column":27}},"loc":{"start":{"line":46,"column":38},"end":{"line":48,"column":9}},"line":46},"17":{"name":"(anonymous_17)","decl":{"start":{"line":49,"column":24},"end":{"line":49,"column":25}},"loc":{"start":{"line":49,"column":36},"end":{"line":51,"column":9}},"line":49},"18":{"name":"(anonymous_18)","decl":{"start":{"line":52,"column":23},"end":{"line":52,"column":24}},"loc":{"start":{"line":52,"column":35},"end":{"line":54,"column":9}},"line":52},"19":{"name":"(anonymous_19)","decl":{"start":{"line":55,"column":21},"end":{"line":55,"column":22}},"loc":{"start":{"line":55,"column":33},"end":{"line":58,"column":9}},"line":55},"20":{"name":"(anonymous_20)","decl":{"start":{"line":59,"column":23},"end":{"line":59,"column":24}},"loc":{"start":{"line":59,"column":39},"end":{"line":68,"column":13}},"line":59},"21":{"name":"(anonymous_21)","decl":{"start":{"line":59,"column":81},"end":{"line":59,"column":82}},"loc":{"start":{"line":59,"column":93},"end":{"line":68,"column":9}},"line":59},"22":{"name":"(anonymous_22)","decl":{"start":{"line":60,"column":37},"end":{"line":60,"column":38}},"loc":{"start":{"line":60,"column":51},"end":{"line":67,"column":13}},"line":60},"23":{"name":"(anonymous_23)","decl":{"start":{"line":75,"column":33},"end":{"line":75,"column":34}},"loc":{"start":{"line":75,"column":45},"end":{"line":92,"column":1}},"line":75},"24":{"name":"DevLogStore","decl":{"start":{"line":76,"column":13},"end":{"line":76,"column":24}},"loc":{"start":{"line":76,"column":27},"end":{"line":90,"column":5}},"line":76},"25":{"name":"(anonymous_25)","decl":{"start":{"line":79,"column":23},
[...]
lumn":26},"end":{"line":25,"column":13}},"13":{"start":{"line":26,"column":28},"end":{"line":26,"column":53}},"14":{"start":{"line":27,"column":12},"end":{"line":30,"column":13}},"15":{"start":{"line":27,"column":26},"end":{"line":27,"column":27}},"16":{"start":{"line":27,"column":43},"end":{"line":27,"column":52}},"17":{"start":{"line":28,"column":27},"end":{"line":28,"column":42}},"18":{"start":{"line":29,"column":16},"end":{"line":29,"column":58}},"19":{"start":{"line":32,"column":8},"end":{"line":46,"column":10}},"20":{"start":{"line":33,"column":12},"end":{"line":33,"column":51}},"21":{"start":{"line":33,"column":36},"end":{"line":33,"column":49}},"22":{"start":{"line":34,"column":12},"end":{"line":45,"column":13}},"23":{"start":{"line":36,"column":16},"end":{"line":37,"column":41}},"24":{"start":{"line":37,"column":20},"end":{"line":37,"column":41}},"25":{"start":{"line":38,"column":31},"end":{"line":42,"column":25}},"26":{"start":{"line":39,"column":20},"end":{"line":41,"column":21}},"27":{"start":{"line":40,"column":24},"end":{"line":40,"column":38}},"28":{"start":{"line":43,"column":16},"end":{"line":43,"column":125}},"29":{"start":{"line":44,"column":16},"end":{"line":44,"column":42}},"30":{"start":{"line":47,"column":8},"end":{"line":53,"column":10}},"31":{"start":{"line":48,"column":12},"end":{"line":52,"column":13}},"32":{"start":{"line":50,"column":16},"end":{"line":50,"column":49}},"33":{"start":{"line":51,"column":16},"end":{"line":51,"column":49}},"34":{"start":{"line":54,"column":8},"end":{"line":62,"column":10}},"35":{"start":{"line":55,"column":12},"end":{"line":55,"column":51}},"36":{"start":{"line":55,"column":36},"end":{"line":55,"column":49}},"37":{"start":{"line":56,"column":12},"end":{"line":61,"column":13}},"38":{"start":{"line":58,"column":16},"end":{"line":59,"column":45}},"39":{"start":{"line":59,"column":20},"end":{"line":59,"column":45}},"40":{"start":{"line":60,"column":16},"end":{"line":60,"column":114}},"41":{"start":{"line":63,"column":8},"end":{"line":69,"column":10}},"42":{"start":{"line":64,"column":12},"end":{"line":68,"column":13}},"43":{"start":{"line":66,"column":16},"end":{"line":66,"column":49}},"44":{"start":{"line":67,"column":16},"end":{"line":67,"column":49}},"45":{"start":{"line":70,"column":8},"end":{"line":105,"column":10}},"46":{"start":{"line":71,"column":21},"end":{"line":71,"column":33}},"47":{"start":{"line":71,"column":41},"end":{"line":71,"column":49}},"48":{"start":{"line":71,"column":60},"end":{"line":71,"column":69}},"49":{"start":{"line":72,"column":12},"end":{"line":104,"column":13}},"50":{"start":{"line":73,"column":16},"end":{"line":100,"column":17}},"51":{"start":{"line":73,"column":30},"end":{"line":73,"column":31}},"52":{"start":{"line":73,"column":44},"end":{"line":73,"column":50}},"53":{"start":{"line":74,"column":32},"end":{"line":74,"column":44}},"54":{"start":{"line":75,"column":30},"end":{"line":75,"column":38}},"55":{"start":{"line":75,"column":48},"end":{"line":75,"column":56}},"56":{"start":{"line":76,"column":20},"end":{"line":76,"column":71}},"57":{"start":{"line":77,"column":20},"end":{"line":77,"column":46}},"58":{"start":{"line":78,"column":20},"end":{"line":98,"column":21}},"59":{"start":{"line":79,"column":36},"end":{"line":79,"column":59}},"60":{"start":{"line":80,"column":24},"end":{"line":80,"column":35}},"61":{"start":{"line":81,"column":24},"end":{"line":94,"column":25}},"62":{"start":{"line":82,"column":43},"end":{"line":84,"column":46}},"63":{"start":{"line":85,"column":41},"end":{"line":87,"column":44}},"64":{"start":{"line":88,"column":28},"end":{"line":88,"column":66}},"65":{"start":{"line":89,"column":28},"end":{"line":89,"column":78}},"66":{"start":{"line":90,"column":28},"end":{"line":90,"column":80}},"67":{"start":{"line":93,"column":28},"end":{"line":93,"column":43}},"68":{"start":{"line":97,"column":24},"end":{"line":97,"column":39}},"69":{"start":{"line":99,"column":20},"end":{"line":99,"column":51}},"70":{"start":{"line":103,"column":16},"end":{"line":103,"column":26}},"71":{"start":{"line":106,"column":8},"end":{"line":111,"column":10}},"72":{"start":{"line":107,"column":12},"end":{"line":107,"column":36}},"73":{"start":{"line":108,"column":12},"end":{"line":108,"column":40}},"74":{"start":{"line":109,"column":12},"end":{"line":109,"column":46}},"75":{"start":{"line":110,"column":12},"end":{"line":110,"column":38}},"76":{"start":{"line":112,"column":8},"end":{"line":112,"column":29}},"77":{"start":{"line":113,"column":8},"end":{"line":113,"column":36}},"78":{"start":{"line":115,"column":4},"end":{"line":115,"column":22}},"79":{"start":{"line":117,"column":0},"end":{"line":117,"column":29}}},"fnMap":{"0":{"name":"(anonymous_0)","decl":{"start":{"line":7,"column":32},"end":{"line":7,"column":33}},"loc":{"start":{"line":7,"column":44},"end":{"line":116,"column":1}},"line":7},"1":{"name":"Summarizer","decl":{"start":{"line":8,"column":13},"end":{"line":8,"column":23}},"loc":{"start":{"line":8,"column":47},"end":{"line":114,"column":5}},"line":8},"2":{"name":"(anonymous_2)","decl":{"start":{"line":10,"column":26},"end":{"line":10,"column":27}},"loc":{"start":{"line":10,"column":45},"end":{"line":31,"column":9}},"line":10},"3":{"name":"(anonymous_3)","decl":{"start":{"line":32,"column":29},"end":{"line":32,"column":30}},"loc":{"start":{"line":32,"column":62},"end":{"line":46,"column":9}},"line":32},"4":{"name":"(anonymous_4)","decl":{"start":{"line":38,"column":44},"end":{"line":38,"column":45}},"loc":{"start":{"line":38,"column":62},"end":{"line":42,"column":17}},"line":38},"5":{"name":"(anonymous_5)","decl":{"start":{"line":47,"column":28},"end":{"line":47,"column":29}},"loc":{"start":{"line":47,"column":40},"end":{"line":53,"column":9}},"line":47},"6":{"name":"(anonymous_6)","decl":{"start":{"line":54,"column":33},"end":{"line":54,"column":34}},"loc":{"start":{"line":54,"column":68},"end":{"line":62,"column":9}},"line":54},"7":{"name":"(anonymous_7)","decl":{"start":{"line":63,"column":32},"end":{"line":63,"column":33}},"loc":{"start":{"line":63,"column":44},"end":{"line":69,"column":9}},"line":63},"8":{"name":"(anonymous_8)","decl":{"start":{"line":70,"column":27},"end":{"line":70,"column":28}},"loc":{"start":{"line":70,"column":45},"end":{"line":105,"column":9}},"line":70},"9":{"name":"(anonymous_9)","decl":{"start":{"line":106,"column":25},"end":{"line":106,"column":26}},"loc":{"start":{"line":106,"column":44},"end":{"line":111,"column":9}},"line":106}},"branchMap":{"0":{"loc":{"start":{"line":33,"column":12},"end":{"line":33,"column":51}},"type":"if","locations":[{"start":{"line":33,"column":12},"end":{"line":33,"column":51}},{"start":{"line":33,"column":12},"end":{"line":33,"column":51}}],"line":33},"1":{"loc":{"start":{"line":34,"column":12},"end":{"line":45,"column":13}},"type":"if","locations":[{"start":{"line":34,"column":12},"end":{"line":45,"column":13}},{"start":{"line":34,"column":12},"end":{"line":45,"column":13}}],"line":34},"2":{"loc":{"start":{"line":34,"column":16},"end":{"line":35,"column":63}},"type":"binary-expr","locations":[{"start":{"line":34,"column":16},"end":{"line":34,"column":33}},{"start":{"line":35,"column":16},"end":{"line":35,"column":63}}],"line":34},"3":{"loc":{"start":{"line":36,"column":16},"end":{"line":37,"column":41}},"type":"if","locations":[{"start":{"line":36,"column":16},"end":{"line":37,"column":41}},{"start":{"line":36,"column":16},"end":{"line":37,"column":41}}],"line":36},"4":{"loc":{"start":{"line":39,"column":20},"end":{"line":41,"column":21}},"type":"if","locations":[{"start":{"line":39,"column":20},"end":{"line":41,"column":21}},{"start":{"line":39,"column":20},"end":{"line":41,"column":21}}],"line":39},"5":{"loc":{"start":{"line":48,"column":12},"end":{"line":52,"column":13}},"type":"if","locations":[{"start":{"line":48,"column":12},"end":{"line":52,"column":13}},{"start":{"line":48,"column":12},"end":{"line":52,"column":13}}],"line":48},"6":{"loc":{"start":{"line":48,"column":16},"end":{"line":49,"column":63}},"type":"binary-expr","locations":[{"start":{"line":48,"column":16},"end":{"line":48,"column":33}},{"start":{"line":49,"column":16},"end":{"line":49,"column":63}}],"line":48},"7":{"loc":{"start":{"line":55,"column":12},"end":{"line":55,"column":51}},"type":"if","locations":[{"start":{"line":55,"column":12},"end":{"line":55,"column":51}},{"start":{"line":55,"column":12},"end":{"line":55,"column":51}}],"line":55},"8":{"loc":{"start":{"line":56,"column":12},"end":{"line":61,"column":13}},"type":"if","locations":[{"start":{"line":56,"column":12},"end":{"line":61,"column":13}},{"start":{"line":56,"column":12},"end":{"line":61,"column":13}}],"line":56},"9":{"loc":{"start":{"line":56,"column":16},"end":{"line":57,"column":63}},"type":"binary-expr","locations":[{"start":{"line":56,"column":16},"end":{"line":56,"column":33}},{"start":{"line":57,"column":16},"end":{"line":57,"column":63}}],"line":56},"10":{"loc":{"start":{"line":58,"column":16},"end":{"line":59,"column":45}},"type":"if","locations":[{"start":{"line":58,"column":16},"end":{"line":59,"column":45}},{"start":{"line":58,"column":16},"end":{"line":59,"column":45}}],"line":58},"11":{"loc":{"start":{"line":64,"column":12},"end":{"line":68,"column":13}},"type":"if","locations":[{"start":{"line":64,"column":12},"end":{"line":68,"column":13}},{"start":{"line":64,"column":12},"end":{"line":68,"column":13}}],"line":64},"12":{"loc":{"start":{"line":64,"column":16},"end":{"line":65,"column":63}},"type":"binary-expr","locations":[{"start":{"line":64,"column":16},"end":{"line":64,"column":33}},{"start":{"line":65,"column":16},"end":{"line":65,"column":63}}],"line":64},"13":{"loc":{"start":{"line":72,"column":12},"end":{"line":104,"column":13}},"type":"if","locations":[{"start":{"line":72,"column":12},"end":{"line":104,"column":13}},{"start":{"line":72,"column":12},"end":{"line":104,"column":13}}],"line":72},"14":{"loc":{"start":{"line":78,"column":20},"end":{"line":98,"column":21}},"type":"if","locations":[{"start":{"line":78,"column":20},"end":{"line":98,"column":21}},{"start":{"line":78,"column":20},"end":{"line":98,"column":21}}],"line":78},"15":{"loc":{"start":{"line":81,"column":24},"end":{"line":94,"column":25}},"type":"if","locations":[{"start":{"line":81,"column":24},"end":{"line":94,"column":25}},{"start":{"line":81,"column":24},"end":{"line":94,"column":25}}],"line":81},"16":{"loc":{"start":{"line":82,"column":43},"end":{"line":84,"column":46}},"type":"cond-expr","locations":[{"start":{"line":83,"column":34},"end":{"line":83,"column":72}},{"start":{"line":84,"column":34},"end":{"line":84,"column":46}}],"line":82},"17":{"loc":{"start":{"line":85,"column":41},"end":{"line":87,"column":44}},"type":"cond-expr","locations":[{"start":{"line":86,"column":34},"end":{"line":86,"column":70}},{"start":{"line":87,"column":34},"end":{"line":87,"column":44}}],"line":85}},"s":{"0":1,"1":1,"2":1,"3":1,"4":1,"5":1,"6":10,"7":10,"8":26,"9":26,"10":26,"11":26,"12":26,"13":26,"14":26,"15":26,"16":26,"17":78,"18":78,"19":10,"20":25,"21":24,"22":25,"23":18,"24":17,"25":18,"26":810,"27":306,"28":18,"29":18,"30":10,"31":18,"32":18,"33":18,"34":10,"35":0,"36":0,"37":0,"38":0,"39":0,"40":0,"41":10,"42":0,"43":0,"44":0,"45":10,"46":8,"47":8,"48":8,"49":8,"50":6,"51":6,"52":6,"53":6,"54":6,"55":6,"56":6,"57":6,"58":6,"59":6,"60":6,"61":6,"62":1,"63":1,"64":1,"65":1,"66":1,"67":5,"68":0,"69":6,"70":2,"71":10,"72":8,"73":8,"74":8,"75":8,"76":10,"77":10,"78":1,"79":1},"f":{"0":1,"1":10,"2":26,"3":25,"4":810,"5":18,"6":0,"7":0,"8":8,"9":8},"b":{"0":[24,1],"1":[18,7],"2":[25,18],"3":[17,1],"4":[306,504],"5":[18,0],"6":[18,18],"7":[0,0],"8":[0,0],"9":[0,0],"10":[0,0],"11":[0,0],"12":[0,0],"13":[6,2],"14":[6,0],"15":[1,5],"16":[0,1],"17":[0,1]},"inputSourceMap":{"version":3,"file":"summarize.js","sourceRoot":"","sources":["../src/summarize.ts"],"names":[],"mappings":";;AAAA,iCAAqE;AAErE,6BAA+B;AAC/B,iCAAwC;AACxC,iCAAqC;AAErC;IAIC,oBAAY,MAAc,EAAE,aAA4B;QAAxD,iBAGC;QAED,eAAU,GAAG,UAAC,OAAgB;;YACrB,IAAA,MAAM,GAAK,KAAI,CAAC,MAAM,OAAhB,CAAiB;YAC/B,IAAM,MAAM,GAAG;gBACd,MAAM,CAAC,KAAK,CAAC,MAAM,CAAC,IAAI,CAAC,SAAS,CAAC,CAAC;gBACpC,MAAM,CAAC,KAAK,CAAC,OAAO,CAAC,MAAM,CAAC,QAAQ,EAAE,CAAC;aACvC,CAAC;YACF,IAAM,MAAM,GAAG;gBACd,MAAM,CAAC,GAAG,CAAC,MAAM,CAAC,IAAI,CAAC,SAAS,CAAC,CAAC;gBAClC,MAAM,CAAC,GAAG,CAAC,OAAO,CAAC,MAAM,CAAC,QAAQ,EAAE,CAAC;aACrC,CAAC;YACF,IAAM,iBAAiB,GAAG,OAAO,CAAC,WAAW,CAAC,OAAO,CAAC,CAAC,CAAC,CAAC;YACzD,IAAM,OAAO,GAAG;gBACf,MAAM,CAAC,IAAI,CAAC,MAAM,CAAC,IAAI,CAAC,SAAS,CAAC,CAAC;gBACnC,MAAM,CAAC,IAAI,CAAI,iBAAiB,OAAI,CAAC;aACrC,CAAC;YAEF,IAAM,SAAS,GAAe,CAAC,MAAM,EAAE,MAAM,EAAE,OAAO,CAAC,CAAC;YAExD,KAAmB,UAAS,EAAT,uBAAS,EAAT,uBAAS,EAAT,IAAS,EAAE;gBAAzB,IAAM,IAAI,kBAAA;gBACd,CAAA,KAAA,KAAI,CAAC,MAAM,CAAA,CAAC,KAAK,WAAI,IAAI,EAAE;aAC3B;QACF,CAAC,CAAC;QAEF,kBAAa,GAAG,UAAC,OAAgB,EAAE,KAAe,EAAE,KAAY;YAAZ,sBAAA,EAAA,YAAY;YAC/D,IACC,CAAC,KAAI,CAAC,MAAM,CAAC,GAAG;gBAChB,OAAO,OAAO,CAAC,MAAM,CAAC,UAAU,KAAK,UAAU,EAC9C;gBACD,IAAI,KAAK;oBAAE,KAAI,CAAC,YAAY,EAAE,CAAC;gBAE/B,IAAM,QAAQ,GAAG,KAAK,CAAC,MAAM,CAAC,UAAC,MAAc;oBAC5C,IAAI,kBAAU,CAAC,MAAM,CAAC,EAAE;wBACvB,OAAO,MAAM,CAAC;qBACd;gBACF,CAAC,CAAC,CAAC,MAAM,CAAC;gBACV,KAAI,CAAC,MAAM,CAAC,KAAK,CAChB,KAAI,CAAC,MAAM,CAAC,MAAM,CAAC,OAAO,CAAC,SAAS,CAAC,EAClC,OAAO,CAAC,MAAM,GAAG,OAAO,CAAC,MAAM,SAAI,QAAU,CAChD,CAAC;gBACF,KAAI,CAAC,UAAU,CAAC,OAAO,CAAC,CAAC;aACzB;QACF,CAAC,CAAC;QAEF,iBAAY,GAAG;YACd,IACC,CAAC,KAAI,CAAC,MAAM,CAAC,GAAG;gBAChB,OAAO,OAAO,CAAC,MAAM,CAAC,UAAU,KAAK,UAAU,EAC9C;gBACD,OAAO,CAAC,MAAM,CAAC,UAAU,CAAC,CAAC,EAAE,CAAC,CAAC,CAAC,CAAC;gBACjC,OAAO,CAAC,MAAM,CAAC,eAAe,EAAE,CAAC;aACjC;QACF,CAAC,CAAC;QAEF,sBAAiB,GAAG,UAAC,SAAiB,EAAE,KAAa,EAAE,KAAY;YAAZ,sBAAA,EAAA,YAAY;YAClE,IACC,CAAC,KAAI,CAAC,MAAM,CAAC,GAAG;gBAChB,OAAO,OAAO,CAAC,MAAM,CAAC,UAAU,KAAK,UAAU,EAC9C;gBACD,IAAI,KAAK;oBAAE,KAAI,CAAC,gBAAgB,EAAE,CAAC;gBAEnC,KAAI,CAAC,MAAM,CAAC,KAAK,CAChB,KAAI,CAAC,MAAM,CAAC,MAAM,CAAC,OAAO,CAAC,WAAW,CAAC,EACvC,MAAI,SAAS,SAAI,KAAK,MAAG,CACzB,CAAC;aACF;QACF,CAAC,CAAC;QAEF,qBAAgB,GAAG;YAClB,IACC,CAAC,KAAI,CAAC,MAAM,CAAC,GAAG;gBAChB,OAAO,OAAO,CAAC,MAAM,CAAC,UAAU,KAAK,UAAU,EAC9C;gBACD,OAAO,CAAC,MAAM,CAAC,UAAU,CAAC,CAAC,EAAE,CAAC,CAAC,CAAC,CAAC;gBACjC,OAAO,CAAC,MAAM,CAAC,eAAe,EAAE,CAAC;aACjC;QACF,CAAC,CAAC;QAEM,gBAAW,GAAG,UAAC,MAAuB;YACvC,IAAA,KAAyB,KAAI,CAAC,MAAM,EAA3B,GAAG,WAAA,EAAE,MAAM,YAAgB,CAAC;YAE3C,IAAI,MAAM,CAAC,MAAM,EAAE;gBAClB,KAAoB,UAAM,EAAN,iBAAM,EAAN,oBAAM,EAAN,IAAM,EAAE;oBAAvB,IAAM,KAAK,eAAA;oBACR,IAAA,GAAG,GAAW,KAAK,GAAhB,EAAE,KAAK,GAAI,KAAK,GAAT,CAAU;oBAC3B,GAAG,CAAC,MAAM,CAAC,GAAG,CAAC,MAAM,CAAC,IAAI,CAAC,eAAa,KAAO,CAAC,CAAC,CAAC,CAAC;oBAEnD,KAAI,CAAC,MAAM,CAAC,UAAU,EAAE,CAAC;oBACzB,IAAI,GAAG,YAAY,KAAK,EAAE;wBACzB,IAAM,KAAK,GAAG,kBAAU,CAAC,GAAG,CAAC,CAAC;wBAC9B,GAAG,CAAC,KAAK,CAAC,CAAC;wBAEX,IAAI,GAAG,YAAY,uBAAc,EAAE;4BAClC,IAAM,QAAQ,GACb,OAAO,GAAG,CAAC,QAAQ,KAAK,QAAQ;gCAC/B,CAAC,CAAC,cAAO,CAAC,GAAG,CAAC,QAAQ,EAAE,KAAK,EAAE,CAAC,CAAC;gCACjC,CAAC,CAAC,GAAG,CAAC,QAAQ,CAAC;4BAEjB,IAAM,MAAM,GACX,OAAO,GAAG,CAAC,MAAM,KAAK,QAAQ;gCAC7B,CAAC,CAAC,cAAO,CAAC,GAAG,CAAC,MAAM,EAAE,KAAK,EAAE,CAAC,CAAC;gCAC/B,CAAC,CAAC,GAAG,CAAC,MAAM,CAAC;4BAEf,GAAG,CAAC,KAAK,EAAE,GAAG,CAAC,OAAO,CAAC,KAAK,CAAC,GAAG,CAAC,CAAC,CAAC,CAAC,CAAC,CAAC;4BACtC,GAAG,CAAC,KAAK,EAAE,MAAM,CAAC,KAAK,CAAC,eAAa,QAAU,CAAC,CAAC,CAAC;4BAClD,GAAG,CAAC,KAAK,EAAE,MAAM,CAAC,GAAG,CAAC,eAAa,MAAQ,CAAC,EAAE,IAAI,CAAC,CAAC;yBACpD;6BAAM;4BACN,GAAG,CAAC,GAAG,EAAE,IAAI,CAAC,CAAC;yBACf;qBACD;yBAAM;wBACN,GAAG,CAAC,GAAG,EAAE,IAAI,CAAC,CAAC;qBACf;oBACD,KAAI,CAAC,MAAM,CAAC,eAAe,EAAE,CAAC;iBAC9B;aACD;iBAAM;gBACN,GAAG,CAAC,IAAI,CAAC,CAAC;aACV;QACF,CAAC,CAAC;QAEF,cAAS,GAAG,UAAC,OAAgB;YAC5B,KAAI,CAAC,MAAM,CAAC,QAAQ,EAAE,CAAC;YAEvB,KAAI,CAAC,MAAM,CAAC,YAAY,EAAE,CAAC;YAE3B,KAAI,CAAC,WAAW,CAAC,OAAO,CAAC,MAAM,CAAC,CAAC;YAEjC,KAAI,CAAC,UAAU,CAAC,OAAO,CAAC,CAAC;QAC1B,CAAC,CAAC;QAjID,IAAI,CAAC,MAAM,GAAG,MAAM,CAAC;QACrB,IAAI,CAAC,MAAM,GAAG,aAAa,CAAC;IAC7B,CAAC;IAgIF,iBAAC;AAAD,CAAC,AAvID,IAuIC"},"_coverageSchema":"1a1c01bbd47fc00a2c39e90264f33305004495a9","hash":"5f4556b41979c62d1cc1390ec7caf2fd34823391","contentHash":"73ecb126a0fa24e869cdefc1878015543e8139bfc3e01bb5701a3d5ef461e127"},"/home/jake/Documents/Code/quyz/quyz.config.js":{"path":"/home/jake/Documents/Code/quyz/quyz.config.js","statementMap":{"0":{"start":{"line":1,"column":0},"end":{"line":9,"column":2}}},"fnMap":{},"branchMap":{},"s":{"0":1},"f":{},"b":{},"_coverageSchema":"1a1c01bbd47fc00a2c39e90264f33305004495a9","hash":"f4b035a6fd0882c0323d129f9fbe822638f6fec2","contentHash":"551718ea970740e3f96c3bb77ce3db67ddc1bfea601ab5862918cb97ae795dee"},"/home/jake/Documents/Code/quyz/dist/index.js":{"path":"/home/jake/Documents/Code/quyz/dist/index.js","statementMap":{"0":{"start":{"line":2,"column":0},"end":{"line":2,"column":62}},"1":{"start":{"line":3,"column":0},"end":{"line":3,"column":153}},"2":{"start":{"line":4,"column":13},"end":{"line":4,"column":30}},"3":{"start":{"line":5,"column":0},"end":{"line":5,"column":99}},"4":{"start":{"line":5,"column":76},"end":{"line":5,"column":93}},"5":{"start":{"line":6,"column":0},"end":{"line":6,"column":111}},"6":{"start":{"line":6,"column":82},"end":{"line":6,"column":105}},"7":{"start":{"line":7,"column":0},"end":{"line":7,"column":113}},"8":{"start":{"line":7,"column":83},"end":{"line":7,"column":107}},"9":{"start":{"line":8,"column":0},"end":{"line":8,"column":115}},"10":{"start":{"line":8,"column":84},"end":{"line":8,"column":109}},"11":{"start":{"line":9,"column":0},"end":{"line":9,"column":111}},"12":{"start":{"line":9,"column":82},"end":{"line":9,"column":105}},"13":{"start":{"line":10,"column":0},"end":{"line":10,"column":113}},"14":{"start":{"line":10,"column":83},"end":{"line":10,"column":107}},"15":{"start":{"line":11,"column":0},"end":{"line":11,"column":107}},"16":{"start":{"line":11,"column":80},"end":{"line":11,"column":101}},"17":{"start":{"line":12,"column":0},"end":{"line":12,"column":107}},"18":{"start":{"line":12,"column":80},"end":{"line":12,"column":101}}},"fnMap":{"0":{"name":"(anonymous_0)","decl":{"start":{"line":5,"column":62},"end":{"line":5,"column":63}},"loc":{"start":{"line":5,"column":74},"end":{"line":5,"column":95}},"line":5},"1":{"name":"(anonymous_1)","decl":{"start":{"line":6,"column":68},"end":{"line":6,"column":69}},"loc":{"start":{"line":6,"column":80},"end":{"line":6,"column":107}},"line":6},"2":{"name":"(anonymous_2)","decl":{"start":{"line":7,"column":69},"end":{"line":7,"column":70}},"loc":{"start":{"line":7,"column":81},"end":{"line":7,"column":109}},"line":7},"3":{"name":"(anonymous_3)","decl":{"start":{"line":8,"column":70},"end":{"line":8,"column":71}},"loc":{"start":{"line":8,"column":82},"end":{"line":8,"column":111}},"line":8},"4":{"name":"(anonymous_4)","decl":{"start":{"line":9,"column":68},"end":{"line":9,"column":69}},"loc":{"start":{"line":9,"column":80},"end":{"line":9,"column":107}},"line":9},"5":{"name":"(anonymous_5)","decl":{"start":{"line":10,"column":69},"end":{"line":10,"column":70}},"loc":{"start":{"line":10,"column":81},"end":{"line":10,"column":109}},"line":10},"6":{"name":"(anonymous_6)","decl":{"start":{"line":11,"column":66},"end":{"line":11,"column":67}},"loc":{"start":{"line":11,"column":78},"end":{"line":11,"column":103}},"line":11},"7":{"name":"(anonymous_7)","decl":{"start":{"line":12,"column":66},"end":{"line":12,"column":67}},"loc":{"start":{"line":12,"column":78},"end":{"line":12,"column":103}},"line":12}},"branchMap":{},"s":{"0":1,"1":1,"2":1,"3":1,"4":17,"5":1,"6":8,"7":1,"8":1,"9":1,"10":0,"11":1,"12":1,"13":1,"14":3,"15":1,"16":0,"17":1,"18":64},"f":{"0":17,"1":8,"2":1,"3":0,"4":1,"5":3,"6":0,"7":64},"b":{},"inputSourceMap":{"version":3,"file":"index.js","sourceRoot":"","sources":["../src/index.ts"],"names":[],"mappings":";;;AAAA,+BASgB;AARf,0FAAA,EAAE,OAAA;AACF,gGAAA,QAAQ,OAAA;AACR,iGAAA,SAAS,OAAA;AACT,kGAAA,UAAU,OAAA;AACV,gGAAA,QAAQ,OAAA;AACR,iGAAA,SAAS,OAAA;AACT,8FAAA,MAAM,OAAA;AACN,8FAAA,MAAM,OAAA"},"_coverageSchema":"1a1c01bbd47fc00a2c39e90264f33305004495a9","hash":"210998593828019774c22e0fe6f3f5fdb9bfa09c","contentHash":"a12e55a6271afcd85a87b804903d9fc6e6974116c8b631ebd816a41917602ef7"}}